2024-07-25 18:16:32,239 - INFO - Start iteration 0 ... 
2024-07-25 18:16:38,544 - INFO - Current incumbent [0.12654324 0.10669773 2.49505234 1.        ] with estimated performance 2.839034
2024-07-25 18:18:11,040 - INFO - Optimization overhead was 98.801203 seconds
2024-07-25 18:18:11,041 - INFO - Evaluate candidate [0.30860314 0.25471354 4.51205726] on subset size 4.000000
2024-07-25 18:18:12,950 - INFO - Configuration achieved a performance of 1.294900 with cost 5.000000
2024-07-25 18:18:12,951 - INFO - Evaluation of this configuration took 1.909023 seconds
2024-07-25 18:18:15,191 - INFO - Start iteration 1 ... 
2024-07-25 18:18:18,102 - INFO - Current incumbent [0.1316708  0.11803489 5.57856798 1.        ] with estimated performance 2.796627
2024-07-25 18:19:47,579 - INFO - Optimization overhead was 92.387377 seconds
2024-07-25 18:19:47,580 - INFO - Evaluate candidate [0.22803874 0.2500503  1.98111893] on subset size 4.000000
2024-07-25 18:19:49,627 - INFO - Configuration achieved a performance of 1.173800 with cost 5.000000
2024-07-25 18:19:49,627 - INFO - Evaluation of this configuration took 2.047279 seconds
2024-07-25 18:19:51,690 - INFO - Start iteration 2 ... 
2024-07-25 18:19:54,489 - INFO - Current incumbent [0.1316708  0.11803489 5.57856798 1.        ] with estimated performance 2.796803
2024-07-25 18:21:27,004 - INFO - Optimization overhead was 95.313642 seconds
2024-07-25 18:21:27,004 - INFO - Evaluate candidate [0.32995469 0.21231169 4.64786828] on subset size 4.000000
2024-07-25 18:21:28,183 - INFO - Configuration achieved a performance of 1.329500 with cost 5.000000
2024-07-25 18:21:28,183 - INFO - Evaluation of this configuration took 1.179790 seconds
2024-07-25 18:21:29,939 - INFO - Start iteration 3 ... 
2024-07-25 18:21:32,823 - INFO - Current incumbent [0.10127906 0.24148431 3.73485875 1.        ] with estimated performance 2.689735
2024-07-25 18:23:06,082 - INFO - Optimization overhead was 96.142163 seconds
2024-07-25 18:23:06,082 - INFO - Evaluate candidate [0.32386901 0.29987266 3.29416357] on subset size 4.000000
2024-07-25 18:23:07,851 - INFO - Configuration achieved a performance of 1.293700 with cost 5.000000
2024-07-25 18:23:07,851 - INFO - Evaluation of this configuration took 1.767743 seconds
2024-07-25 18:23:09,731 - INFO - Start iteration 4 ... 
2024-07-25 18:23:12,842 - INFO - Current incumbent [0.10127906 0.24148431 3.73485875 1.        ] with estimated performance 2.601423
2024-07-25 18:25:03,129 - INFO - Optimization overhead was 113.397835 seconds
2024-07-25 18:25:03,130 - INFO - Evaluate candidate [0.19517835 0.31064051 1.67509058] on subset size 5.000000
2024-07-25 18:25:04,659 - INFO - Configuration achieved a performance of 1.140000 with cost 5.000000
2024-07-25 18:25:04,659 - INFO - Evaluation of this configuration took 1.528712 seconds
2024-07-25 18:25:06,264 - INFO - Start iteration 5 ... 
2024-07-25 18:25:09,531 - INFO - Current incumbent [0.10127906 0.24148431 3.73485875 1.        ] with estimated performance 2.599328
2024-07-25 18:26:56,542 - INFO - Optimization overhead was 110.278008 seconds
2024-07-25 18:26:56,542 - INFO - Evaluate candidate [0.15328758 0.22928555 4.28739962] on subset size 4.000000
2024-07-25 18:26:57,878 - INFO - Configuration achieved a performance of 1.101100 with cost 5.000000
2024-07-25 18:26:57,878 - INFO - Evaluation of this configuration took 1.335309 seconds
2024-07-25 18:26:59,827 - INFO - Start iteration 6 ... 
2024-07-25 18:27:02,447 - INFO - Current incumbent [0.10127906 0.24148431 3.73485875 1.        ] with estimated performance 2.767247
2024-07-25 18:28:52,091 - INFO - Optimization overhead was 112.263783 seconds
2024-07-25 18:28:52,092 - INFO - Evaluate candidate [0.37076103 0.28297861 0.88468305] on subset size 3.000000
2024-07-25 18:28:53,214 - INFO - Configuration achieved a performance of 1.369600 with cost 5.000000
2024-07-25 18:28:53,214 - INFO - Evaluation of this configuration took 1.122432 seconds
2024-07-25 18:28:55,203 - INFO - Start iteration 7 ... 
2024-07-25 18:28:57,762 - INFO - Current incumbent [0.19517835 0.31064051 1.67509058 1.        ] with estimated performance 2.694952
2024-07-25 18:34:19,732 - INFO - Optimization overhead was 324.528247 seconds
2024-07-25 18:34:19,732 - INFO - Evaluate candidate [0.30336929 0.30864036 4.82784632] on subset size 5.000000
2024-07-25 18:34:21,134 - INFO - Configuration achieved a performance of 1.296700 with cost 5.000000
2024-07-25 18:34:21,134 - INFO - Evaluation of this configuration took 1.402404 seconds
2024-07-25 18:34:23,031 - INFO - Start iteration 8 ... 
2024-07-25 18:34:25,485 - INFO - Current incumbent [0.19517835 0.31064051 1.67509058 1.        ] with estimated performance 2.804199
2024-07-25 18:37:18,331 - INFO - Optimization overhead was 175.300179 seconds
2024-07-25 18:37:18,331 - INFO - Evaluate candidate [0.34896076 0.16196505 3.30235288] on subset size 5.000000
2024-07-25 18:37:20,418 - INFO - Configuration achieved a performance of 1.114800 with cost 5.000000
2024-07-25 18:37:20,418 - INFO - Evaluation of this configuration took 2.086800 seconds
2024-07-25 18:37:22,246 - INFO - Start iteration 9 ... 
2024-07-25 18:37:25,359 - INFO - Current incumbent [0.10127906 0.24148431 3.73485875 1.        ] with estimated performance 2.795120
2024-07-25 18:40:23,754 - INFO - Optimization overhead was 181.508053 seconds
2024-07-25 18:40:23,754 - INFO - Evaluate candidate [0.17534599 0.17832153 4.25767464] on subset size 3.000000
2024-07-25 18:40:24,799 - INFO - Configuration achieved a performance of 1.101900 with cost 5.000000
2024-07-25 18:40:24,799 - INFO - Evaluation of this configuration took 1.044909 seconds
2024-07-25 18:40:26,079 - INFO - Start iteration 10 ... 
2024-07-25 18:40:29,044 - INFO - Current incumbent [0.10127906 0.24148431 3.73485875 1.        ] with estimated performance 2.838945
2024-07-25 18:43:07,092 - INFO - Optimization overhead was 161.012398 seconds
2024-07-25 18:43:07,092 - INFO - Evaluate candidate [0.20319184 0.15571636 0.68186408] on subset size 4.000000
2024-07-25 18:43:08,894 - INFO - Configuration achieved a performance of 1.104300 with cost 5.000000
2024-07-25 18:43:08,894 - INFO - Evaluation of this configuration took 1.802728 seconds
2024-07-25 18:43:10,472 - INFO - Start iteration 11 ... 
2024-07-25 18:43:13,080 - INFO - Current incumbent [0.10127906 0.24148431 3.73485875 1.        ] with estimated performance 2.805108
2024-07-25 18:45:07,839 - INFO - Optimization overhead was 117.367135 seconds
2024-07-25 18:45:07,839 - INFO - Evaluate candidate [0.15308213 0.20706021 2.02164154] on subset size 4.000000
2024-07-25 18:45:09,088 - INFO - Configuration achieved a performance of 1.091800 with cost 5.000000
2024-07-25 18:45:09,088 - INFO - Evaluation of this configuration took 1.248461 seconds
2024-07-25 18:45:10,906 - INFO - Start iteration 12 ... 
2024-07-25 18:45:13,596 - INFO - Current incumbent [0.10127906 0.24148431 3.73485875 1.        ] with estimated performance 2.758949
2024-07-25 18:47:12,050 - INFO - Optimization overhead was 121.144845 seconds
2024-07-25 18:47:12,050 - INFO - Evaluate candidate [0.15730981 0.22225369 3.46272256] on subset size 4.000000
2024-07-25 18:47:13,854 - INFO - Configuration achieved a performance of 1.144000 with cost 5.000000
2024-07-25 18:47:13,854 - INFO - Evaluation of this configuration took 1.804071 seconds
2024-07-25 18:47:15,603 - INFO - Start iteration 13 ... 
2024-07-25 18:47:18,912 - INFO - Current incumbent [0.10127906 0.24148431 3.73485875 1.        ] with estimated performance 2.739010
2024-07-25 18:49:26,950 - INFO - Optimization overhead was 131.346341 seconds
2024-07-25 18:49:26,950 - INFO - Evaluate candidate [0.22666291 0.14073277 5.86349894] on subset size 4.000000
2024-07-25 18:49:28,375 - INFO - Configuration achieved a performance of 1.090500 with cost 5.000000
2024-07-25 18:49:28,375 - INFO - Evaluation of this configuration took 1.425268 seconds
2024-07-25 18:49:32,239 - INFO - Final incumbent [0.10127906 0.24148431 3.73485875 1.        ] with estimated performance 1.039324
2024-07-25 18:50:50,232 - INFO - Start iteration 0 ... 
2024-07-25 18:50:58,563 - INFO - Current incumbent [0.10878447 0.23906368 2.13487411 1.        ] with estimated performance 2.928347
2024-07-25 18:52:41,699 - INFO - Optimization overhead was 111.466970 seconds
2024-07-25 18:52:41,699 - INFO - Evaluate candidate [0.36116056 0.1        1.00775705] on subset size 5.000000
2024-07-25 18:52:44,901 - INFO - Configuration achieved a performance of 1.280700 with cost 5.000000
2024-07-25 18:52:44,901 - INFO - Evaluation of this configuration took 3.202477 seconds
2024-07-25 18:52:47,671 - INFO - Start iteration 1 ... 
2024-07-25 18:52:51,431 - INFO - Current incumbent [0.10878447 0.23906368 2.13487411 1.        ] with estimated performance 2.928529
2024-07-25 18:54:32,727 - INFO - Optimization overhead was 105.056625 seconds
2024-07-25 18:54:32,727 - INFO - Evaluate candidate [0.20877346 0.13877097 1.27029418] on subset size 5.000000
2024-07-25 18:54:35,460 - INFO - Configuration achieved a performance of 1.126700 with cost 5.000000
2024-07-25 18:54:35,460 - INFO - Evaluation of this configuration took 2.732424 seconds
2024-07-25 18:54:38,034 - INFO - Start iteration 2 ... 
2024-07-25 18:54:42,334 - INFO - Current incumbent [0.10878447 0.23906368 2.13487411 1.        ] with estimated performance 2.928528
2024-07-25 18:56:22,983 - INFO - Optimization overhead was 104.948288 seconds
2024-07-25 18:56:22,984 - INFO - Evaluate candidate [0.11770693 0.32197358 5.58650794] on subset size 5.000000
2024-07-25 18:56:25,911 - INFO - Configuration achieved a performance of 1.201000 with cost 5.000000
2024-07-25 18:56:25,911 - INFO - Evaluation of this configuration took 2.927273 seconds
2024-07-25 18:56:29,410 - INFO - Start iteration 3 ... 
2024-07-25 18:56:33,988 - INFO - Current incumbent [0.10878447 0.23906368 2.13487411 1.        ] with estimated performance 2.929698
2024-07-25 18:58:06,044 - INFO - Optimization overhead was 96.633260 seconds
2024-07-25 18:58:06,044 - INFO - Evaluate candidate [0.17617148 0.19588358 3.65024173] on subset size 5.000000
2024-07-25 18:58:07,846 - INFO - Configuration achieved a performance of 1.119100 with cost 5.000000
2024-07-25 18:58:07,846 - INFO - Evaluation of this configuration took 1.800080 seconds
2024-07-25 18:58:09,793 - INFO - Start iteration 4 ... 
2024-07-25 18:58:14,893 - INFO - Current incumbent [0.26772773 0.11168857 6.12226486 1.        ] with estimated performance 2.883376
2024-07-25 18:59:55,695 - INFO - Optimization overhead was 105.901950 seconds
2024-07-25 18:59:55,696 - INFO - Evaluate candidate [0.18162447 0.22663896 0.16610883] on subset size 5.000000
2024-07-25 18:59:57,635 - INFO - Configuration achieved a performance of 1.158500 with cost 5.000000
2024-07-25 18:59:57,635 - INFO - Evaluation of this configuration took 1.938839 seconds
2024-07-25 18:59:59,372 - INFO - Start iteration 5 ... 
2024-07-25 19:00:02,415 - INFO - Current incumbent [0.26772773 0.11168857 6.12226486 1.        ] with estimated performance 2.881175
2024-07-25 19:02:42,369 - INFO - Optimization overhead was 162.996719 seconds
2024-07-25 19:02:42,370 - INFO - Evaluate candidate [0.19029556 0.20516005 6.13689824] on subset size 4.000000
2024-07-25 19:02:43,626 - INFO - Configuration achieved a performance of 1.132700 with cost 5.000000
2024-07-25 19:02:43,626 - INFO - Evaluation of this configuration took 1.256677 seconds
2024-07-25 19:02:45,328 - INFO - Start iteration 6 ... 
2024-07-25 19:02:47,984 - INFO - Current incumbent [0.26772773 0.11168857 6.12226486 1.        ] with estimated performance 2.874401
2024-07-25 19:04:26,661 - INFO - Optimization overhead was 101.333365 seconds
2024-07-25 19:04:26,662 - INFO - Evaluate candidate [0.32601641 0.26502466 3.7719091 ] on subset size 5.000000
2024-07-25 19:04:28,371 - INFO - Configuration achieved a performance of 1.267300 with cost 5.000000
2024-07-25 19:04:28,371 - INFO - Evaluation of this configuration took 1.708651 seconds
2024-07-25 19:04:29,771 - INFO - Start iteration 7 ... 
2024-07-25 19:04:32,894 - INFO - Current incumbent [0.26772773 0.11168857 6.12226486 1.        ] with estimated performance 2.846078
2024-07-25 19:07:18,588 - INFO - Optimization overhead was 168.817242 seconds
2024-07-25 19:07:18,588 - INFO - Evaluate candidate [0.33461326 0.13714272 5.34773798] on subset size 2.000000
2024-07-25 19:07:19,503 - INFO - Configuration achieved a performance of 1.217300 with cost 1.000000
2024-07-25 19:07:19,503 - INFO - Evaluation of this configuration took 0.915178 seconds
2024-07-25 19:07:21,175 - INFO - Start iteration 8 ... 
2024-07-25 19:07:24,370 - INFO - Current incumbent [0.26772773 0.11168857 6.12226486 1.        ] with estimated performance 2.833514
2024-07-25 19:10:06,337 - INFO - Optimization overhead was 165.162052 seconds
2024-07-25 19:10:06,338 - INFO - Evaluate candidate [0.33183309 0.32312793 5.97736658] on subset size 2.000000
2024-07-25 19:10:07,773 - INFO - Configuration achieved a performance of 1.340100 with cost 1.000000
2024-07-25 19:10:07,773 - INFO - Evaluation of this configuration took 1.433700 seconds
2024-07-25 19:10:09,871 - INFO - Start iteration 9 ... 
2024-07-25 19:10:12,469 - INFO - Current incumbent [0.26772773 0.11168857 6.12226486 1.        ] with estimated performance 2.808061
2024-07-25 19:11:54,516 - INFO - Optimization overhead was 104.644993 seconds
2024-07-25 19:11:54,517 - INFO - Evaluate candidate [0.3228221  0.12839326 5.92573059] on subset size 2.000000
2024-07-25 19:11:55,489 - INFO - Configuration achieved a performance of 1.101500 with cost 1.000000
2024-07-25 19:11:55,489 - INFO - Evaluation of this configuration took 0.971892 seconds
2024-07-25 19:11:56,998 - INFO - Start iteration 10 ... 
2024-07-25 19:11:59,276 - INFO - Current incumbent [0.26772773 0.11168857 6.12226486 1.        ] with estimated performance 2.729690
2024-07-25 19:13:39,107 - INFO - Optimization overhead was 102.109585 seconds
2024-07-25 19:13:39,107 - INFO - Evaluate candidate [0.31136077 0.14769548 1.2538    ] on subset size 5.000000
2024-07-25 19:13:40,528 - INFO - Configuration achieved a performance of 1.263400 with cost 5.000000
2024-07-25 19:13:40,528 - INFO - Evaluation of this configuration took 1.420244 seconds
2024-07-25 19:13:41,775 - INFO - Start iteration 11 ... 
2024-07-25 19:13:44,389 - INFO - Current incumbent [0.26772773 0.11168857 6.12226486 1.        ] with estimated performance 2.723691
2024-07-25 19:15:40,148 - INFO - Optimization overhead was 118.373628 seconds
2024-07-25 19:15:40,148 - INFO - Evaluate candidate [0.33028442 0.12556198 5.98427706] on subset size 1.000000
2024-07-25 19:15:41,134 - INFO - Configuration achieved a performance of 0.955400 with cost 1.000000
2024-07-25 19:15:41,134 - INFO - Evaluation of this configuration took 0.985194 seconds
2024-07-25 19:15:42,790 - INFO - Start iteration 12 ... 
2024-07-25 19:15:45,916 - INFO - Current incumbent [0.26772773 0.11168857 6.12226486 1.        ] with estimated performance 2.444149
2024-07-25 19:17:42,229 - INFO - Optimization overhead was 119.439415 seconds
2024-07-25 19:17:42,229 - INFO - Evaluate candidate [0.33279566 0.19400179 0.50875899] on subset size 3.000000
2024-07-25 19:17:43,423 - INFO - Configuration achieved a performance of 1.179800 with cost 5.000000
2024-07-25 19:17:43,423 - INFO - Evaluation of this configuration took 1.192956 seconds
2024-07-25 19:17:45,416 - INFO - Start iteration 13 ... 
2024-07-25 19:17:48,470 - INFO - Current incumbent [0.26772773 0.11168857 6.12226486 1.        ] with estimated performance 2.448688
2024-07-25 19:20:13,078 - INFO - Optimization overhead was 147.661264 seconds
2024-07-25 19:20:13,078 - INFO - Evaluate candidate [0.10835399 0.29029592 1.82238516] on subset size 5.000000
2024-07-25 19:20:15,020 - INFO - Configuration achieved a performance of 1.072000 with cost 5.000000
2024-07-25 19:20:15,020 - INFO - Evaluation of this configuration took 1.941536 seconds
2024-07-25 19:20:18,266 - INFO - Final incumbent [0.26772773 0.11168857 6.12226486 1.        ] with estimated performance 0.865834
2024-07-25 19:21:48,777 - INFO - Start iteration 0 ... 
2024-07-25 19:21:55,009 - INFO - Current incumbent [0.13783327 0.13499357 6.24664688 1.        ] with estimated performance 2.676203
2024-07-25 19:23:50,768 - INFO - Optimization overhead was 121.991187 seconds
2024-07-25 19:23:50,768 - INFO - Evaluate candidate [0.21695261 0.27817321 3.44223682] on subset size 5.000000
2024-07-25 19:23:52,285 - INFO - Configuration achieved a performance of 1.230500 with cost 5.000000
2024-07-25 19:23:52,285 - INFO - Evaluation of this configuration took 1.517707 seconds
2024-07-25 19:23:54,253 - INFO - Start iteration 1 ... 
2024-07-25 19:23:57,347 - INFO - Current incumbent [0.11719831 0.39425772 1.61530089 1.        ] with estimated performance 2.677068
2024-07-25 19:25:50,858 - INFO - Optimization overhead was 116.604374 seconds
2024-07-25 19:25:50,859 - INFO - Evaluate candidate [0.11849976 0.29445389 5.80548343] on subset size 5.000000
2024-07-25 19:25:53,010 - INFO - Configuration achieved a performance of 1.206300 with cost 5.000000
2024-07-25 19:25:53,010 - INFO - Evaluation of this configuration took 2.150681 seconds
2024-07-25 19:25:55,406 - INFO - Start iteration 2 ... 
2024-07-25 19:25:59,669 - INFO - Current incumbent [0.11719831 0.39425772 1.61530089 1.        ] with estimated performance 2.675618
2024-07-25 19:27:13,822 - INFO - Optimization overhead was 78.415983 seconds
2024-07-25 19:27:13,822 - INFO - Evaluate candidate [0.28086461 0.28338105 5.30875039] on subset size 5.000000
2024-07-25 19:27:16,857 - INFO - Configuration achieved a performance of 1.254300 with cost 5.000000
2024-07-25 19:27:16,857 - INFO - Evaluation of this configuration took 3.034541 seconds
2024-07-25 19:27:19,086 - INFO - Start iteration 3 ... 
2024-07-25 19:27:26,638 - INFO - Current incumbent [0.11719831 0.39425772 1.61530089 1.        ] with estimated performance 2.675761
2024-07-25 19:29:44,309 - INFO - Optimization overhead was 145.222458 seconds
2024-07-25 19:29:44,310 - INFO - Evaluate candidate [0.25119763 0.31188771 3.02993069] on subset size 4.000000
2024-07-25 19:29:45,658 - INFO - Configuration achieved a performance of 1.302300 with cost 5.000000
2024-07-25 19:29:45,658 - INFO - Evaluation of this configuration took 1.348166 seconds
2024-07-25 19:29:47,448 - INFO - Start iteration 4 ... 
2024-07-25 19:29:50,358 - INFO - Current incumbent [0.11719831 0.39425772 1.61530089 1.        ] with estimated performance 2.676760
2024-07-25 19:31:23,071 - INFO - Optimization overhead was 95.622483 seconds
2024-07-25 19:31:23,071 - INFO - Evaluate candidate [0.25422828 0.20844438 3.04382095] on subset size 3.000000
2024-07-25 19:31:24,220 - INFO - Configuration achieved a performance of 1.147500 with cost 5.000000
2024-07-25 19:31:24,220 - INFO - Evaluation of this configuration took 1.148954 seconds
2024-07-25 19:31:25,948 - INFO - Start iteration 5 ... 
2024-07-25 19:31:28,629 - INFO - Current incumbent [0.11719831 0.39425772 1.61530089 1.        ] with estimated performance 2.675965
2024-07-25 19:33:00,194 - INFO - Optimization overhead was 94.245834 seconds
2024-07-25 19:33:00,194 - INFO - Evaluate candidate [0.23946764 0.10702927 4.58386944] on subset size 5.000000
2024-07-25 19:33:02,443 - INFO - Configuration achieved a performance of 1.161200 with cost 5.000000
2024-07-25 19:33:02,443 - INFO - Evaluation of this configuration took 2.249349 seconds
2024-07-25 19:33:04,799 - INFO - Start iteration 6 ... 
2024-07-25 19:33:09,347 - INFO - Current incumbent [0.11719831 0.39425772 1.61530089 1.        ] with estimated performance 2.676134
2024-07-25 19:34:20,900 - INFO - Optimization overhead was 76.101455 seconds
2024-07-25 19:34:20,900 - INFO - Evaluate candidate [0.28665425 0.20616461 2.13354129] on subset size 5.000000
2024-07-25 19:34:22,367 - INFO - Configuration achieved a performance of 1.221400 with cost 5.000000
2024-07-25 19:34:22,367 - INFO - Evaluation of this configuration took 1.466332 seconds
2024-07-25 19:34:23,736 - INFO - Start iteration 7 ... 
2024-07-25 19:34:26,729 - INFO - Current incumbent [0.11719831 0.39425772 1.61530089 1.        ] with estimated performance 2.680586
2024-07-25 19:36:26,786 - INFO - Optimization overhead was 123.049835 seconds
2024-07-25 19:36:26,787 - INFO - Evaluate candidate [0.12104598 0.17971635 2.52161387] on subset size 2.000000
2024-07-25 19:36:27,709 - INFO - Configuration achieved a performance of 1.080200 with cost 1.000000
2024-07-25 19:36:27,709 - INFO - Evaluation of this configuration took 0.921886 seconds
2024-07-25 19:36:29,233 - INFO - Start iteration 8 ... 
2024-07-25 19:36:31,919 - INFO - Current incumbent [0.11719831 0.39425772 1.61530089 1.        ] with estimated performance 2.675535
2024-07-25 19:38:18,436 - INFO - Optimization overhead was 109.203055 seconds
2024-07-25 19:38:18,436 - INFO - Evaluate candidate [0.16516648 0.25021139 1.61681162] on subset size 5.000000
2024-07-25 19:38:20,076 - INFO - Configuration achieved a performance of 1.101600 with cost 5.000000
2024-07-25 19:38:20,077 - INFO - Evaluation of this configuration took 1.639570 seconds
2024-07-25 19:38:21,635 - INFO - Start iteration 9 ... 
2024-07-25 19:38:24,566 - INFO - Current incumbent [0.11719831 0.39425772 1.61530089 1.        ] with estimated performance 2.675875
2024-07-25 19:40:00,837 - INFO - Optimization overhead was 99.202344 seconds
2024-07-25 19:40:00,837 - INFO - Evaluate candidate [0.27864357 0.22917667 3.15483728] on subset size 5.000000
2024-07-25 19:40:02,438 - INFO - Configuration achieved a performance of 1.174500 with cost 5.000000
2024-07-25 19:40:02,438 - INFO - Evaluation of this configuration took 1.600563 seconds
2024-07-25 19:40:04,196 - INFO - Start iteration 10 ... 
2024-07-25 19:40:07,128 - INFO - Current incumbent [0.11719831 0.39425772 1.61530089 1.        ] with estimated performance 2.677698
2024-07-25 19:41:44,447 - INFO - Optimization overhead was 100.251111 seconds
2024-07-25 19:41:44,448 - INFO - Evaluate candidate [0.22019373 0.34923209 3.77031045] on subset size 4.000000
2024-07-25 19:41:45,912 - INFO - Configuration achieved a performance of 1.305100 with cost 5.000000
2024-07-25 19:41:45,912 - INFO - Evaluation of this configuration took 1.464097 seconds
2024-07-25 19:41:47,554 - INFO - Start iteration 11 ... 
2024-07-25 19:41:50,414 - INFO - Current incumbent [0.11719831 0.39425772 1.61530089 1.        ] with estimated performance 2.678691
2024-07-25 19:43:31,914 - INFO - Optimization overhead was 104.359450 seconds
2024-07-25 19:43:31,914 - INFO - Evaluate candidate [0.13225638 0.26639358 2.03956042] on subset size 5.000000
2024-07-25 19:43:33,481 - INFO - Configuration achieved a performance of 1.100600 with cost 5.000000
2024-07-25 19:43:33,481 - INFO - Evaluation of this configuration took 1.565964 seconds
2024-07-25 19:43:36,692 - INFO - Final incumbent [0.11719831 0.39425772 1.61530089 1.        ] with estimated performance 0.984210
2024-07-25 19:44:59,342 - INFO - Start iteration 0 ... 
2024-07-25 19:45:05,677 - INFO - Current incumbent [0.1316708  0.33984721 1.34936273 1.        ] with estimated performance 2.614057
2024-07-25 19:46:47,826 - INFO - Optimization overhead was 108.483866 seconds
2024-07-25 19:46:47,826 - INFO - Evaluate candidate [0.214795   0.28888996 3.72241175] on subset size 1.000000
2024-07-25 19:46:48,951 - INFO - Configuration achieved a performance of 1.215400 with cost 1.000000
2024-07-25 19:46:48,951 - INFO - Evaluation of this configuration took 1.124776 seconds
2024-07-25 19:46:50,612 - INFO - Start iteration 1 ... 
2024-07-25 19:46:53,754 - INFO - Current incumbent [0.1316708  0.33984721 1.34936273 1.        ] with estimated performance 2.615018
2024-07-25 19:48:29,796 - INFO - Optimization overhead was 99.183322 seconds
2024-07-25 19:48:29,796 - INFO - Evaluate candidate [0.14101794 0.37322302 5.17306447] on subset size 4.000000
2024-07-25 19:48:31,394 - INFO - Configuration achieved a performance of 1.153800 with cost 5.000000
2024-07-25 19:48:31,394 - INFO - Evaluation of this configuration took 1.597878 seconds
2024-07-25 19:48:32,758 - INFO - Start iteration 2 ... 
2024-07-25 19:48:35,993 - INFO - Current incumbent [0.1316708  0.33984721 1.34936273 1.        ] with estimated performance 2.619454
2024-07-25 19:49:56,114 - INFO - Optimization overhead was 83.355971 seconds
2024-07-25 19:49:56,115 - INFO - Evaluate candidate [0.25415283 0.29978198 3.66813131] on subset size 5.000000
2024-07-25 19:49:58,602 - INFO - Configuration achieved a performance of 1.263300 with cost 5.000000
2024-07-25 19:49:58,602 - INFO - Evaluation of this configuration took 2.487254 seconds
2024-07-25 19:50:01,257 - INFO - Start iteration 3 ... 
2024-07-25 19:50:06,135 - INFO - Current incumbent [0.1316708  0.33984721 1.34936273 1.        ] with estimated performance 2.639287
2024-07-25 19:51:20,911 - INFO - Optimization overhead was 79.653067 seconds
2024-07-25 19:51:20,911 - INFO - Evaluate candidate [0.25586364 0.15549068 5.34450438] on subset size 5.000000
2024-07-25 19:51:22,399 - INFO - Configuration achieved a performance of 1.159500 with cost 5.000000
2024-07-25 19:51:22,399 - INFO - Evaluation of this configuration took 1.488020 seconds
2024-07-25 19:51:23,736 - INFO - Start iteration 4 ... 
2024-07-25 19:51:26,076 - INFO - Current incumbent [0.1316708  0.33984721 1.34936273 1.        ] with estimated performance 2.652544
2024-07-25 19:52:37,291 - INFO - Optimization overhead was 73.554862 seconds
2024-07-25 19:52:37,291 - INFO - Evaluate candidate [0.13401321 0.19015134 3.14922768] on subset size 5.000000
2024-07-25 19:52:38,888 - INFO - Configuration achieved a performance of 1.111200 with cost 5.000000
2024-07-25 19:52:38,888 - INFO - Evaluation of this configuration took 1.596676 seconds
2024-07-25 19:52:40,325 - INFO - Start iteration 5 ... 
2024-07-25 19:52:43,293 - INFO - Current incumbent [0.1316708  0.33984721 1.34936273 1.        ] with estimated performance 2.649581
2024-07-25 19:54:11,196 - INFO - Optimization overhead was 90.871283 seconds
2024-07-25 19:54:11,196 - INFO - Evaluate candidate [0.18646736 0.35144945 4.96684156] on subset size 5.000000
2024-07-25 19:54:14,340 - INFO - Configuration achieved a performance of 1.147600 with cost 5.000000
2024-07-25 19:54:14,340 - INFO - Evaluation of this configuration took 3.143888 seconds
2024-07-25 19:54:17,061 - INFO - Start iteration 6 ... 
2024-07-25 19:54:21,381 - INFO - Current incumbent [0.1316708  0.33984721 1.34936273 1.        ] with estimated performance 2.654787
2024-07-25 19:55:43,150 - INFO - Optimization overhead was 86.089830 seconds
2024-07-25 19:55:43,150 - INFO - Evaluate candidate [0.16105716 0.14248507 2.4699723 ] on subset size 4.000000
2024-07-25 19:55:44,521 - INFO - Configuration achieved a performance of 1.077500 with cost 5.000000
2024-07-25 19:55:44,521 - INFO - Evaluation of this configuration took 1.370463 seconds
2024-07-25 19:55:47,254 - INFO - Start iteration 7 ... 
2024-07-25 19:55:51,410 - INFO - Current incumbent [0.1316708  0.33984721 1.34936273 1.        ] with estimated performance 2.654279
2024-07-25 19:57:56,352 - INFO - Optimization overhead was 129.098466 seconds
2024-07-25 19:57:56,352 - INFO - Evaluate candidate [0.27538405 0.30578518 4.58110403] on subset size 4.000000
2024-07-25 19:57:58,422 - INFO - Configuration achieved a performance of 1.245700 with cost 5.000000
2024-07-25 19:57:58,422 - INFO - Evaluation of this configuration took 2.069817 seconds
2024-07-25 19:58:01,204 - INFO - Start iteration 8 ... 
2024-07-25 19:58:05,212 - INFO - Current incumbent [0.1316708  0.33984721 1.34936273 1.        ] with estimated performance 2.687058
2024-07-25 20:00:05,893 - INFO - Optimization overhead was 124.688153 seconds
2024-07-25 20:00:05,894 - INFO - Evaluate candidate [0.29287648 0.21939376 0.89292785] on subset size 5.000000
2024-07-25 20:00:07,305 - INFO - Configuration achieved a performance of 1.222800 with cost 5.000000
2024-07-25 20:00:07,305 - INFO - Evaluation of this configuration took 1.411017 seconds
2024-07-25 20:00:09,119 - INFO - Start iteration 9 ... 
2024-07-25 20:00:11,866 - INFO - Current incumbent [0.1316708  0.33984721 1.34936273 1.        ] with estimated performance 2.677552
2024-07-25 20:02:15,623 - INFO - Optimization overhead was 126.504839 seconds
2024-07-25 20:02:15,624 - INFO - Evaluate candidate [0.36086638 0.26119116 0.7700697 ] on subset size 5.000000
2024-07-25 20:02:17,130 - INFO - Configuration achieved a performance of 1.319000 with cost 5.000000
2024-07-25 20:02:17,131 - INFO - Evaluation of this configuration took 1.506096 seconds
2024-07-25 20:02:19,057 - INFO - Start iteration 10 ... 
2024-07-25 20:02:21,991 - INFO - Current incumbent [0.1316708  0.33984721 1.34936273 1.        ] with estimated performance 2.706064
2024-07-25 20:04:03,437 - INFO - Optimization overhead was 104.379531 seconds
2024-07-25 20:04:03,437 - INFO - Evaluate candidate [0.38054536 0.27890422 2.98530862] on subset size 5.000000
2024-07-25 20:04:05,841 - INFO - Configuration achieved a performance of 1.269500 with cost 5.000000
2024-07-25 20:04:05,841 - INFO - Evaluation of this configuration took 2.404158 seconds
2024-07-25 20:04:08,143 - INFO - Start iteration 11 ... 
2024-07-25 20:04:11,284 - INFO - Current incumbent [0.1316708  0.33984721 1.34936273 1.        ] with estimated performance 2.734501
2024-07-25 20:07:29,149 - INFO - Optimization overhead was 201.005163 seconds
2024-07-25 20:07:29,149 - INFO - Evaluate candidate [0.36934332 0.37657995 0.42590894] on subset size 5.000000
2024-07-25 20:07:31,578 - INFO - Configuration achieved a performance of 1.482900 with cost 5.000000
2024-07-25 20:07:31,578 - INFO - Evaluation of this configuration took 2.429371 seconds
2024-07-25 20:07:36,649 - INFO - Final incumbent [0.1316708  0.33984721 1.34936273 1.        ] with estimated performance 1.006510
2024-07-25 20:08:37,124 - INFO - Start iteration 0 ... 
2024-07-25 20:08:46,126 - INFO - Current incumbent [0.26789159 0.19567364 3.28000522 1.        ] with estimated performance 3.089131
2024-07-25 20:10:25,674 - INFO - Optimization overhead was 108.549686 seconds
2024-07-25 20:10:25,674 - INFO - Evaluate candidate [0.16759601 0.23444013 3.34843306] on subset size 1.000000
2024-07-25 20:10:26,686 - INFO - Configuration achieved a performance of 1.143400 with cost 1.000000
2024-07-25 20:10:26,686 - INFO - Evaluation of this configuration took 1.012557 seconds
2024-07-25 20:10:28,663 - INFO - Start iteration 1 ... 
2024-07-25 20:10:31,623 - INFO - Current incumbent [0.15964097 0.22751844 5.34867716 1.        ] with estimated performance 3.048076
2024-07-25 20:12:14,275 - INFO - Optimization overhead was 105.611840 seconds
2024-07-25 20:12:14,275 - INFO - Evaluate candidate [0.33111124 0.29636055 0.78368495] on subset size 5.000000
2024-07-25 20:12:15,918 - INFO - Configuration achieved a performance of 1.317700 with cost 5.000000
2024-07-25 20:12:15,918 - INFO - Evaluation of this configuration took 1.643328 seconds
2024-07-25 20:12:17,961 - INFO - Start iteration 2 ... 
2024-07-25 20:12:20,498 - INFO - Current incumbent [0.15964097 0.22751844 5.34867716 1.        ] with estimated performance 3.044268
2024-07-25 20:13:56,859 - INFO - Optimization overhead was 98.898161 seconds
2024-07-25 20:13:56,859 - INFO - Evaluate candidate [0.2127033  0.24197582 0.86512961] on subset size 5.000000
2024-07-25 20:13:58,826 - INFO - Configuration achieved a performance of 1.164100 with cost 5.000000
2024-07-25 20:13:58,826 - INFO - Evaluation of this configuration took 1.967137 seconds
2024-07-25 20:14:00,581 - INFO - Start iteration 3 ... 
2024-07-25 20:14:03,585 - INFO - Current incumbent [0.15964097 0.22751844 5.34867716 1.        ] with estimated performance 3.041364
2024-07-25 20:15:37,185 - INFO - Optimization overhead was 96.603498 seconds
2024-07-25 20:15:37,185 - INFO - Evaluate candidate [0.2850081  0.20238195 4.95954327] on subset size 5.000000
2024-07-25 20:15:38,604 - INFO - Configuration achieved a performance of 1.240900 with cost 5.000000
2024-07-25 20:15:38,604 - INFO - Evaluation of this configuration took 1.419421 seconds
2024-07-25 20:15:40,682 - INFO - Start iteration 4 ... 
2024-07-25 20:15:43,368 - INFO - Current incumbent [0.15964097 0.22751844 5.34867716 1.        ] with estimated performance 3.011856
2024-07-25 20:17:03,999 - INFO - Optimization overhead was 83.317857 seconds
2024-07-25 20:17:03,999 - INFO - Evaluate candidate [0.29181149 0.27833729 0.79052095] on subset size 5.000000
2024-07-25 20:17:06,004 - INFO - Configuration achieved a performance of 1.260200 with cost 5.000000
2024-07-25 20:17:06,004 - INFO - Evaluation of this configuration took 2.004197 seconds
2024-07-25 20:17:07,659 - INFO - Start iteration 5 ... 
2024-07-25 20:17:10,567 - INFO - Current incumbent [0.15964097 0.22751844 5.34867716 1.        ] with estimated performance 3.018584
2024-07-25 20:18:37,447 - INFO - Optimization overhead was 89.788253 seconds
2024-07-25 20:18:37,447 - INFO - Evaluate candidate [0.2172278  0.2254632  0.97511633] on subset size 5.000000
2024-07-25 20:18:39,478 - INFO - Configuration achieved a performance of 1.156400 with cost 5.000000
2024-07-25 20:18:39,478 - INFO - Evaluation of this configuration took 2.030042 seconds
2024-07-25 20:18:41,106 - INFO - Start iteration 6 ... 
2024-07-25 20:18:43,920 - INFO - Current incumbent [0.15964097 0.22751844 5.34867716 1.        ] with estimated performance 3.025711
2024-07-25 20:20:22,414 - INFO - Optimization overhead was 101.307333 seconds
2024-07-25 20:20:22,415 - INFO - Evaluate candidate [0.10543616 0.1299429  5.33603042] on subset size 4.000000
2024-07-25 20:20:23,889 - INFO - Configuration achieved a performance of 1.050300 with cost 5.000000
2024-07-25 20:20:23,889 - INFO - Evaluation of this configuration took 1.473969 seconds
2024-07-25 20:20:25,501 - INFO - Start iteration 7 ... 
2024-07-25 20:20:28,525 - INFO - Current incumbent [0.10543616 0.1299429  5.33603042 1.        ] with estimated performance 2.820969
2024-07-25 20:23:10,151 - INFO - Optimization overhead was 164.649646 seconds
2024-07-25 20:23:10,151 - INFO - Evaluate candidate [0.14664589 0.1        0.73363943] on subset size 5.000000
2024-07-25 20:23:12,278 - INFO - Configuration achieved a performance of 1.056800 with cost 5.000000
2024-07-25 20:23:12,278 - INFO - Evaluation of this configuration took 2.125666 seconds
2024-07-25 20:23:13,950 - INFO - Start iteration 8 ... 
2024-07-25 20:23:16,878 - INFO - Current incumbent [0.10543616 0.1299429  5.33603042 1.        ] with estimated performance 2.824891
2024-07-25 20:26:27,758 - INFO - Optimization overhead was 193.808048 seconds
2024-07-25 20:26:27,758 - INFO - Evaluate candidate [0.21128035 0.10740674 3.82671471] on subset size 5.000000
2024-07-25 20:26:30,193 - INFO - Configuration achieved a performance of 1.083900 with cost 5.000000
2024-07-25 20:26:30,194 - INFO - Evaluation of this configuration took 2.434460 seconds
2024-07-25 20:26:32,331 - INFO - Start iteration 9 ... 
2024-07-25 20:26:35,523 - INFO - Current incumbent [0.10543616 0.1299429  5.33603042 1.        ] with estimated performance 2.799930
2024-07-25 20:29:32,443 - INFO - Optimization overhead was 180.111745 seconds
2024-07-25 20:29:32,444 - INFO - Evaluate candidate [0.29620664 0.16892938 5.95670886] on subset size 4.000000
2024-07-25 20:29:34,822 - INFO - Configuration achieved a performance of 1.125800 with cost 5.000000
2024-07-25 20:29:34,822 - INFO - Evaluation of this configuration took 2.377821 seconds
2024-07-25 20:29:37,298 - INFO - Start iteration 10 ... 
2024-07-25 20:29:41,383 - INFO - Current incumbent [0.10543616 0.1299429  5.33603042 1.        ] with estimated performance 2.874368
2024-07-25 20:32:26,700 - INFO - Optimization overhead was 169.401510 seconds
2024-07-25 20:32:26,701 - INFO - Evaluate candidate [0.16253374 0.18454876 0.29568154] on subset size 4.000000
2024-07-25 20:32:28,776 - INFO - Configuration achieved a performance of 1.107900 with cost 5.000000
2024-07-25 20:32:28,776 - INFO - Evaluation of this configuration took 2.075263 seconds
2024-07-25 20:32:31,322 - INFO - Start iteration 11 ... 
2024-07-25 20:32:36,067 - INFO - Current incumbent [0.10543616 0.1299429  5.33603042 1.        ] with estimated performance 2.867710
2024-07-25 20:37:46,792 - INFO - Optimization overhead was 315.469515 seconds
2024-07-25 20:37:46,793 - INFO - Evaluate candidate [0.16730499 0.1        0.87879973] on subset size 5.000000
2024-07-25 20:37:49,377 - INFO - Configuration achieved a performance of 1.070400 with cost 5.000000
2024-07-25 20:37:49,377 - INFO - Evaluation of this configuration took 2.583839 seconds
2024-07-25 20:37:54,309 - INFO - Final incumbent [0.10543616 0.1299429  5.33603042 1.        ] with estimated performance 1.058684
2024-07-25 20:38:57,228 - INFO - Start iteration 0 ... 
2024-07-25 20:39:07,602 - INFO - Current incumbent [0.3722409  0.12172366 0.25582126 1.        ] with estimated performance 2.692644
2024-07-25 20:41:19,446 - INFO - Optimization overhead was 142.218172 seconds
2024-07-25 20:41:19,446 - INFO - Evaluate candidate [0.25720018 0.16993164 1.77410431] on subset size 5.000000
2024-07-25 20:41:21,282 - INFO - Configuration achieved a performance of 1.194100 with cost 5.000000
2024-07-25 20:41:21,282 - INFO - Evaluation of this configuration took 1.835577 seconds
2024-07-25 20:41:23,165 - INFO - Start iteration 1 ... 
2024-07-25 20:41:26,525 - INFO - Current incumbent [0.3722409  0.12172366 0.25582126 1.        ] with estimated performance 2.694660
2024-07-25 20:43:33,706 - INFO - Optimization overhead was 130.540437 seconds
2024-07-25 20:43:33,706 - INFO - Evaluate candidate [0.24525311 0.24177924 6.16684488] on subset size 5.000000
2024-07-25 20:43:35,560 - INFO - Configuration achieved a performance of 1.188100 with cost 5.000000
2024-07-25 20:43:35,560 - INFO - Evaluation of this configuration took 1.853923 seconds
2024-07-25 20:43:37,222 - INFO - Start iteration 2 ... 
2024-07-25 20:43:40,104 - INFO - Current incumbent [0.3722409  0.12172366 0.25582126 1.        ] with estimated performance 2.694267
2024-07-25 20:45:19,074 - INFO - Optimization overhead was 101.851969 seconds
2024-07-25 20:45:19,074 - INFO - Evaluate candidate [0.11210539 0.28498097 3.93204917] on subset size 5.000000
2024-07-25 20:45:20,556 - INFO - Configuration achieved a performance of 1.146400 with cost 5.000000
2024-07-25 20:45:20,556 - INFO - Evaluation of this configuration took 1.481372 seconds
2024-07-25 20:45:21,853 - INFO - Start iteration 3 ... 
2024-07-25 20:45:24,237 - INFO - Current incumbent [0.3722409  0.12172366 0.25582126 1.        ] with estimated performance 2.697732
2024-07-25 20:46:32,764 - INFO - Optimization overhead was 70.910863 seconds
2024-07-25 20:46:32,765 - INFO - Evaluate candidate [0.35374089 0.34637291 2.84889518] on subset size 5.000000
2024-07-25 20:46:34,166 - INFO - Configuration achieved a performance of 1.400000 with cost 5.000000
2024-07-25 20:46:34,166 - INFO - Evaluation of this configuration took 1.400416 seconds
2024-07-25 20:46:35,645 - INFO - Start iteration 4 ... 
2024-07-25 20:46:37,756 - INFO - Current incumbent [0.3722409  0.12172366 0.25582126 1.        ] with estimated performance 2.697030
2024-07-25 20:47:56,272 - INFO - Optimization overhead was 80.627219 seconds
2024-07-25 20:47:56,272 - INFO - Evaluate candidate [0.20713983 0.14629251 3.29605556] on subset size 5.000000
2024-07-25 20:47:57,584 - INFO - Configuration achieved a performance of 1.082200 with cost 5.000000
2024-07-25 20:47:57,584 - INFO - Evaluation of this configuration took 1.312000 seconds
2024-07-25 20:47:58,942 - INFO - Start iteration 5 ... 
2024-07-25 20:48:01,424 - INFO - Current incumbent [0.3722409  0.12172366 0.25582126 1.        ] with estimated performance 2.693500
2024-07-25 20:49:18,606 - INFO - Optimization overhead was 79.662491 seconds
2024-07-25 20:49:18,606 - INFO - Evaluate candidate [0.16719071 0.28384531 1.54679536] on subset size 4.000000
2024-07-25 20:49:19,849 - INFO - Configuration achieved a performance of 1.105900 with cost 5.000000
2024-07-25 20:49:19,850 - INFO - Evaluation of this configuration took 1.242707 seconds
2024-07-25 20:49:21,242 - INFO - Start iteration 6 ... 
2024-07-25 20:49:23,528 - INFO - Current incumbent [0.3722409  0.12172366 0.25582126 1.        ] with estimated performance 2.694821
2024-07-25 20:50:36,355 - INFO - Optimization overhead was 75.111616 seconds
2024-07-25 20:50:36,356 - INFO - Evaluate candidate [0.15618561 0.32507284 2.22055258] on subset size 4.000000
2024-07-25 20:50:37,932 - INFO - Configuration achieved a performance of 1.178500 with cost 5.000000
2024-07-25 20:50:37,932 - INFO - Evaluation of this configuration took 1.576887 seconds
2024-07-25 20:50:39,700 - INFO - Start iteration 7 ... 
2024-07-25 20:50:42,505 - INFO - Current incumbent [0.3722409  0.12172366 0.25582126 1.        ] with estimated performance 2.694042
2024-07-25 20:52:17,808 - INFO - Optimization overhead was 98.108032 seconds
2024-07-25 20:52:17,809 - INFO - Evaluate candidate [0.15224136 0.31821572 1.97758968] on subset size 2.000000
2024-07-25 20:52:19,107 - INFO - Configuration achieved a performance of 1.121900 with cost 1.000000
2024-07-25 20:52:19,107 - INFO - Evaluation of this configuration took 1.298395 seconds
2024-07-25 20:52:20,956 - INFO - Start iteration 8 ... 
2024-07-25 20:52:23,700 - INFO - Current incumbent [0.3722409  0.12172366 0.25582126 1.        ] with estimated performance 2.697184
2024-07-25 20:54:02,569 - INFO - Optimization overhead was 101.612552 seconds
2024-07-25 20:54:02,570 - INFO - Evaluate candidate [0.15820249 0.39229242 3.33641574] on subset size 5.000000
2024-07-25 20:54:04,162 - INFO - Configuration achieved a performance of 1.451900 with cost 5.000000
2024-07-25 20:54:04,162 - INFO - Evaluation of this configuration took 1.592288 seconds
2024-07-25 20:54:05,886 - INFO - Start iteration 9 ... 
2024-07-25 20:54:08,827 - INFO - Current incumbent [0.3722409  0.12172366 0.25582126 1.        ] with estimated performance 2.702325
2024-07-25 20:55:52,040 - INFO - Optimization overhead was 106.154245 seconds
2024-07-25 20:55:52,041 - INFO - Evaluate candidate [0.19459857 0.16853079 1.83368785] on subset size 4.000000
2024-07-25 20:55:53,612 - INFO - Configuration achieved a performance of 1.119600 with cost 5.000000
2024-07-25 20:55:53,612 - INFO - Evaluation of this configuration took 1.570926 seconds
2024-07-25 20:55:55,813 - INFO - Start iteration 10 ... 
2024-07-25 20:55:59,253 - INFO - Current incumbent [0.3722409  0.12172366 0.25582126 1.        ] with estimated performance 2.700043
2024-07-25 20:58:00,105 - INFO - Optimization overhead was 124.291430 seconds
2024-07-25 20:58:00,105 - INFO - Evaluate candidate [0.21152105 0.21371023 5.14539697] on subset size 5.000000
2024-07-25 20:58:02,183 - INFO - Configuration achieved a performance of 1.146400 with cost 5.000000
2024-07-25 20:58:02,183 - INFO - Evaluation of this configuration took 2.077601 seconds
2024-07-25 20:58:04,167 - INFO - Start iteration 11 ... 
2024-07-25 20:58:07,092 - INFO - Current incumbent [0.3722409  0.12172366 0.25582126 1.        ] with estimated performance 2.706054
2024-07-25 21:00:57,774 - INFO - Optimization overhead was 173.606927 seconds
2024-07-25 21:00:57,774 - INFO - Evaluate candidate [0.11262511 0.12582653 2.08380442] on subset size 5.000000
2024-07-25 21:01:00,199 - INFO - Configuration achieved a performance of 1.051800 with cost 5.000000
2024-07-25 21:01:00,199 - INFO - Evaluation of this configuration took 2.425396 seconds
2024-07-25 21:01:05,044 - INFO - Final incumbent [0.3722409  0.12172366 0.25582126 1.        ] with estimated performance 0.997540
2024-07-25 21:02:21,005 - INFO - Start iteration 0 ... 
2024-07-25 21:02:29,808 - INFO - Current incumbent [0.30230093 0.35932282 1.1800009  1.        ] with estimated performance 2.826599
2024-07-25 21:04:06,985 - INFO - Optimization overhead was 105.980143 seconds
2024-07-25 21:04:06,986 - INFO - Evaluate candidate [0.12240988 0.30223367 6.14367297] on subset size 3.000000
2024-07-25 21:04:08,181 - INFO - Configuration achieved a performance of 1.240300 with cost 5.000000
2024-07-25 21:04:08,181 - INFO - Evaluation of this configuration took 1.195103 seconds
2024-07-25 21:04:10,466 - INFO - Start iteration 1 ... 
2024-07-25 21:04:13,637 - INFO - Current incumbent [0.30230093 0.35932282 1.1800009  1.        ] with estimated performance 2.820879
2024-07-25 21:05:49,179 - INFO - Optimization overhead was 98.711469 seconds
2024-07-25 21:05:49,179 - INFO - Evaluate candidate [0.14137209 0.35179563 0.07359114] on subset size 5.000000
2024-07-25 21:05:50,989 - INFO - Configuration achieved a performance of 1.358300 with cost 5.000000
2024-07-25 21:05:50,990 - INFO - Evaluation of this configuration took 1.810475 seconds
2024-07-25 21:05:52,694 - INFO - Start iteration 2 ... 
2024-07-25 21:05:55,926 - INFO - Current incumbent [0.30230093 0.35932282 1.1800009  1.        ] with estimated performance 2.821928
2024-07-25 21:07:33,179 - INFO - Optimization overhead was 100.485163 seconds
2024-07-25 21:07:33,179 - INFO - Evaluate candidate [0.12581325 0.10262875 5.39636467] on subset size 5.000000
2024-07-25 21:07:34,814 - INFO - Configuration achieved a performance of 1.051700 with cost 5.000000
2024-07-25 21:07:34,814 - INFO - Evaluation of this configuration took 1.633323 seconds
2024-07-25 21:07:36,511 - INFO - Start iteration 3 ... 
2024-07-25 21:07:39,585 - INFO - Current incumbent [0.12581325 0.10262875 5.39636467 1.        ] with estimated performance 2.810547
2024-07-25 21:09:24,087 - INFO - Optimization overhead was 107.574883 seconds
2024-07-25 21:09:24,087 - INFO - Evaluate candidate [0.32337961 0.38029938 0.56141327] on subset size 5.000000
2024-07-25 21:09:26,002 - INFO - Configuration achieved a performance of 1.443400 with cost 5.000000
2024-07-25 21:09:26,003 - INFO - Evaluation of this configuration took 1.915258 seconds
2024-07-25 21:09:27,647 - INFO - Start iteration 4 ... 
2024-07-25 21:09:30,640 - INFO - Current incumbent [0.12581325 0.10262875 5.39636467 1.        ] with estimated performance 2.621292
2024-07-25 21:12:20,907 - INFO - Optimization overhead was 173.258807 seconds
2024-07-25 21:12:20,907 - INFO - Evaluate candidate [0.13962024 0.13077632 2.16516729] on subset size 5.000000
2024-07-25 21:12:23,489 - INFO - Configuration achieved a performance of 1.066100 with cost 5.000000
2024-07-25 21:12:23,489 - INFO - Evaluation of this configuration took 2.582254 seconds
2024-07-25 21:12:25,976 - INFO - Start iteration 5 ... 
2024-07-25 21:12:30,274 - INFO - Current incumbent [0.12581325 0.10262875 5.39636467 1.        ] with estimated performance 2.637509
2024-07-25 21:14:04,547 - INFO - Optimization overhead was 98.569998 seconds
2024-07-25 21:14:04,547 - INFO - Evaluate candidate [0.29116129 0.34679762 1.01457698] on subset size 5.000000
2024-07-25 21:14:07,206 - INFO - Configuration achieved a performance of 1.308800 with cost 5.000000
2024-07-25 21:14:07,206 - INFO - Evaluation of this configuration took 2.657882 seconds
2024-07-25 21:14:10,289 - INFO - Start iteration 6 ... 
2024-07-25 21:14:14,273 - INFO - Current incumbent [0.12581325 0.10262875 5.39636467 1.        ] with estimated performance 2.632591
2024-07-25 21:15:38,514 - INFO - Optimization overhead was 88.224667 seconds
2024-07-25 21:15:38,514 - INFO - Evaluate candidate [0.2867121  0.32937163 0.84880609] on subset size 5.000000
2024-07-25 21:15:41,057 - INFO - Configuration achieved a performance of 1.302200 with cost 5.000000
2024-07-25 21:15:41,057 - INFO - Evaluation of this configuration took 2.542146 seconds
2024-07-25 21:15:43,552 - INFO - Start iteration 7 ... 
2024-07-25 21:15:48,239 - INFO - Current incumbent [0.12581325 0.10262875 5.39636467 1.        ] with estimated performance 2.592623
2024-07-25 21:18:16,804 - INFO - Optimization overhead was 153.251752 seconds
2024-07-25 21:18:16,805 - INFO - Evaluate candidate [0.24604443 0.1768652  1.1641973 ] on subset size 4.000000
2024-07-25 21:18:19,332 - INFO - Configuration achieved a performance of 1.171200 with cost 5.000000
2024-07-25 21:18:19,332 - INFO - Evaluation of this configuration took 2.527229 seconds
2024-07-25 21:18:21,875 - INFO - Start iteration 8 ... 
2024-07-25 21:18:26,783 - INFO - Current incumbent [0.12581325 0.10262875 5.39636467 1.        ] with estimated performance 2.641053
2024-07-25 21:20:37,998 - INFO - Optimization overhead was 136.123024 seconds
2024-07-25 21:20:37,999 - INFO - Evaluate candidate [0.10609398 0.16152075 4.71766123] on subset size 4.000000
2024-07-25 21:20:40,042 - INFO - Configuration achieved a performance of 1.049200 with cost 5.000000
2024-07-25 21:20:40,042 - INFO - Evaluation of this configuration took 2.042912 seconds
2024-07-25 21:20:42,968 - INFO - Start iteration 9 ... 
2024-07-25 21:20:48,481 - INFO - Current incumbent [0.12581325 0.10262875 5.39636467 1.        ] with estimated performance 2.612593
2024-07-25 21:22:42,647 - INFO - Optimization overhead was 119.678406 seconds
2024-07-25 21:22:42,647 - INFO - Evaluate candidate [0.14780226 0.13396334 4.29478295] on subset size 4.000000
2024-07-25 21:22:44,086 - INFO - Configuration achieved a performance of 1.072400 with cost 5.000000
2024-07-25 21:22:44,086 - INFO - Evaluation of this configuration took 1.438586 seconds
2024-07-25 21:22:45,646 - INFO - Start iteration 10 ... 
2024-07-25 21:22:48,263 - INFO - Current incumbent [0.12581325 0.10262875 5.39636467 1.        ] with estimated performance 2.535951
2024-07-25 21:24:45,643 - INFO - Optimization overhead was 119.997052 seconds
2024-07-25 21:24:45,644 - INFO - Evaluate candidate [0.22505822 0.19319362 5.47778278] on subset size 4.000000
2024-07-25 21:24:47,243 - INFO - Configuration achieved a performance of 1.143500 with cost 5.000000
2024-07-25 21:24:47,243 - INFO - Evaluation of this configuration took 1.598840 seconds
2024-07-25 21:24:48,820 - INFO - Start iteration 11 ... 
2024-07-25 21:24:52,025 - INFO - Current incumbent [0.12581325 0.10262875 5.39636467 1.        ] with estimated performance 2.536671
2024-07-25 21:26:52,616 - INFO - Optimization overhead was 123.795976 seconds
2024-07-25 21:26:52,616 - INFO - Evaluate candidate [0.18057664 0.36890109 2.9989139 ] on subset size 5.000000
2024-07-25 21:26:54,616 - INFO - Configuration achieved a performance of 1.407100 with cost 5.000000
2024-07-25 21:26:54,616 - INFO - Evaluation of this configuration took 1.999744 seconds
2024-07-25 21:26:57,864 - INFO - Final incumbent [0.12581325 0.10262875 5.39636467 1.        ] with estimated performance 0.889179
2024-07-25 21:39:01,764 - INFO - Start iteration 0 ... 
2024-07-25 21:39:08,036 - INFO - Current incumbent [0.20959485 0.39097589 4.80835676 1.        ] with estimated performance 2.821906
2024-07-25 21:40:45,175 - INFO - Optimization overhead was 103.410033 seconds
2024-07-25 21:40:45,176 - INFO - Evaluate candidate [0.16886898 0.18727796 0.93979071] on subset size 5.000000
2024-07-25 21:40:46,958 - INFO - Configuration achieved a performance of 1.103200 with cost 5.000000
2024-07-25 21:40:46,958 - INFO - Evaluation of this configuration took 1.781190 seconds
2024-07-25 21:40:48,907 - INFO - Start iteration 1 ... 
2024-07-25 21:40:51,628 - INFO - Current incumbent [0.20959485 0.39097589 4.80835676 1.        ] with estimated performance 2.821076
2024-07-25 21:42:39,158 - INFO - Optimization overhead was 110.251233 seconds
2024-07-25 21:42:39,159 - INFO - Evaluate candidate [0.13882885 0.11408719 4.32029584] on subset size 4.000000
2024-07-25 21:42:40,547 - INFO - Configuration achieved a performance of 1.063700 with cost 5.000000
2024-07-25 21:42:40,547 - INFO - Evaluation of this configuration took 1.388227 seconds
2024-07-25 21:42:42,375 - INFO - Start iteration 2 ... 
2024-07-25 21:42:45,406 - INFO - Current incumbent [0.20959485 0.39097589 4.80835676 1.        ] with estimated performance 2.819820
2024-07-25 21:44:26,948 - INFO - Optimization overhead was 104.573177 seconds
2024-07-25 21:44:26,949 - INFO - Evaluate candidate [0.10293734 0.35890315 1.548422  ] on subset size 5.000000
2024-07-25 21:44:29,625 - INFO - Configuration achieved a performance of 1.060900 with cost 5.000000
2024-07-25 21:44:29,625 - INFO - Evaluation of this configuration took 2.676479 seconds
2024-07-25 21:44:33,144 - INFO - Start iteration 3 ... 
2024-07-25 21:44:38,044 - INFO - Current incumbent [0.20959485 0.39097589 4.80835676 1.        ] with estimated performance 2.820176
2024-07-25 21:45:50,180 - INFO - Optimization overhead was 77.035789 seconds
2024-07-25 21:45:50,181 - INFO - Evaluate candidate [0.17147034 0.25012904 2.29687439] on subset size 4.000000
2024-07-25 21:45:52,349 - INFO - Configuration achieved a performance of 1.141000 with cost 5.000000
2024-07-25 21:45:52,349 - INFO - Evaluation of this configuration took 2.168087 seconds
2024-07-25 21:45:55,124 - INFO - Start iteration 4 ... 
2024-07-25 21:45:59,538 - INFO - Current incumbent [0.20959485 0.39097589 4.80835676 1.        ] with estimated performance 2.819853
2024-07-25 21:47:20,568 - INFO - Optimization overhead was 85.444434 seconds
2024-07-25 21:47:20,569 - INFO - Evaluate candidate [0.22639483 0.12729764 1.96116268] on subset size 4.000000
2024-07-25 21:47:21,825 - INFO - Configuration achieved a performance of 1.137600 with cost 5.000000
2024-07-25 21:47:21,825 - INFO - Evaluation of this configuration took 1.256243 seconds
2024-07-25 21:47:23,628 - INFO - Start iteration 5 ... 
2024-07-25 21:47:26,224 - INFO - Current incumbent [0.20959485 0.39097589 4.80835676 1.        ] with estimated performance 2.821761
2024-07-25 21:48:39,240 - INFO - Optimization overhead was 75.611128 seconds
2024-07-25 21:48:39,240 - INFO - Evaluate candidate [0.26401769 0.1185534  4.78000094] on subset size 5.000000
2024-07-25 21:48:40,478 - INFO - Configuration achieved a performance of 1.195400 with cost 5.000000
2024-07-25 21:48:40,478 - INFO - Evaluation of this configuration took 1.237727 seconds
2024-07-25 21:48:42,712 - INFO - Start iteration 6 ... 
2024-07-25 21:48:45,488 - INFO - Current incumbent [0.20959485 0.39097589 4.80835676 1.        ] with estimated performance 2.828330
2024-07-25 21:50:11,717 - INFO - Optimization overhead was 89.004511 seconds
2024-07-25 21:50:11,717 - INFO - Evaluate candidate [0.29072419 0.17991417 4.80159382] on subset size 4.000000
2024-07-25 21:50:13,087 - INFO - Configuration achieved a performance of 1.250600 with cost 5.000000
2024-07-25 21:50:13,087 - INFO - Evaluation of this configuration took 1.369961 seconds
2024-07-25 21:50:14,887 - INFO - Start iteration 7 ... 
2024-07-25 21:50:17,718 - INFO - Current incumbent [0.20959485 0.39097589 4.80835676 1.        ] with estimated performance 2.824875
2024-07-25 21:52:08,991 - INFO - Optimization overhead was 114.102614 seconds
2024-07-25 21:52:08,991 - INFO - Evaluate candidate [0.23649401 0.28161657 0.04690936] on subset size 5.000000
2024-07-25 21:52:11,021 - INFO - Configuration achieved a performance of 1.246900 with cost 5.000000
2024-07-25 21:52:11,021 - INFO - Evaluation of this configuration took 2.030155 seconds
2024-07-25 21:52:12,772 - INFO - Start iteration 8 ... 
2024-07-25 21:52:15,703 - INFO - Current incumbent [0.20959485 0.39097589 4.80835676 1.        ] with estimated performance 2.837876
2024-07-25 21:54:11,824 - INFO - Optimization overhead was 119.051785 seconds
2024-07-25 21:54:11,824 - INFO - Evaluate candidate [0.36600701 0.14259059 2.12496833] on subset size 3.000000
2024-07-25 21:54:13,049 - INFO - Configuration achieved a performance of 1.294800 with cost 5.000000
2024-07-25 21:54:13,049 - INFO - Evaluation of this configuration took 1.225518 seconds
2024-07-25 21:54:14,900 - INFO - Start iteration 9 ... 
2024-07-25 21:54:17,838 - INFO - Current incumbent [0.20959485 0.39097589 4.80835676 1.        ] with estimated performance 2.824623
2024-07-25 21:56:24,513 - INFO - Optimization overhead was 129.612720 seconds
2024-07-25 21:56:24,513 - INFO - Evaluate candidate [0.22553453 0.11245081 3.51946011] on subset size 4.000000
2024-07-25 21:56:26,247 - INFO - Configuration achieved a performance of 1.069800 with cost 5.000000
2024-07-25 21:56:26,247 - INFO - Evaluation of this configuration took 1.733473 seconds
2024-07-25 21:56:27,682 - INFO - Start iteration 10 ... 
2024-07-25 21:56:30,767 - INFO - Current incumbent [0.20959485 0.39097589 4.80835676 1.        ] with estimated performance 2.832784
2024-07-25 21:58:39,144 - INFO - Optimization overhead was 131.460777 seconds
2024-07-25 21:58:39,145 - INFO - Evaluate candidate [0.13425363 0.23046148 1.45473844] on subset size 4.000000
2024-07-25 21:58:40,659 - INFO - Configuration achieved a performance of 1.072600 with cost 5.000000
2024-07-25 21:58:40,660 - INFO - Evaluation of this configuration took 1.514459 seconds
2024-07-25 21:58:42,605 - INFO - Start iteration 11 ... 
2024-07-25 21:58:45,476 - INFO - Current incumbent [0.20959485 0.39097589 4.80835676 1.        ] with estimated performance 2.828294
2024-07-25 22:00:58,023 - INFO - Optimization overhead was 135.417427 seconds
2024-07-25 22:00:58,023 - INFO - Evaluate candidate [0.18953612 0.34009518 3.71845102] on subset size 5.000000
2024-07-25 22:00:59,792 - INFO - Configuration achieved a performance of 1.286200 with cost 5.000000
2024-07-25 22:00:59,792 - INFO - Evaluation of this configuration took 1.768956 seconds
2024-07-25 22:01:02,998 - INFO - Final incumbent [0.20959485 0.39097589 4.80835676 1.        ] with estimated performance 1.040525
2024-07-25 22:02:16,531 - INFO - Start iteration 0 ... 
2024-07-25 22:02:22,512 - INFO - Current incumbent [0.13654211 0.15046868 2.81498551 1.        ] with estimated performance 2.900889
2024-07-25 22:05:21,437 - INFO - Optimization overhead was 184.905213 seconds
2024-07-25 22:05:21,439 - INFO - Evaluate candidate [0.30428085 0.30413214 3.33012295] on subset size 5.000000
2024-07-25 22:05:23,720 - INFO - Configuration achieved a performance of 1.297400 with cost 5.000000
2024-07-25 22:05:23,720 - INFO - Evaluation of this configuration took 2.281485 seconds
2024-07-25 22:05:25,290 - INFO - Start iteration 1 ... 
2024-07-25 22:05:27,508 - INFO - Current incumbent [0.13654211 0.15046868 2.81498551 1.        ] with estimated performance 2.902562
2024-07-25 22:08:34,131 - INFO - Optimization overhead was 188.841246 seconds
2024-07-25 22:08:34,131 - INFO - Evaluate candidate [0.30589932 0.30676557 2.97101436] on subset size 5.000000
2024-07-25 22:08:37,368 - INFO - Configuration achieved a performance of 1.301800 with cost 5.000000
2024-07-25 22:08:37,368 - INFO - Evaluation of this configuration took 3.236332 seconds
2024-07-25 22:08:41,873 - INFO - Start iteration 2 ... 
2024-07-25 22:08:50,152 - INFO - Current incumbent [0.13654211 0.15046868 2.81498551 1.        ] with estimated performance 2.906130
2024-07-25 22:10:33,407 - INFO - Optimization overhead was 111.534248 seconds
2024-07-25 22:10:33,408 - INFO - Evaluate candidate [0.10406754 0.19149348 2.86023721] on subset size 5.000000
2024-07-25 22:10:35,821 - INFO - Configuration achieved a performance of 1.104100 with cost 5.000000
2024-07-25 22:10:35,821 - INFO - Evaluation of this configuration took 2.413147 seconds
2024-07-25 22:10:38,516 - INFO - Start iteration 3 ... 
2024-07-25 22:10:43,088 - INFO - Current incumbent [0.13654211 0.15046868 2.81498551 1.        ] with estimated performance 2.905961
2024-07-25 22:12:20,015 - INFO - Optimization overhead was 101.498993 seconds
2024-07-25 22:12:20,016 - INFO - Evaluate candidate [0.32245249 0.25683475 4.38050773] on subset size 5.000000
2024-07-25 22:12:22,292 - INFO - Configuration achieved a performance of 1.314600 with cost 5.000000
2024-07-25 22:12:22,292 - INFO - Evaluation of this configuration took 2.276634 seconds
2024-07-25 22:12:24,891 - INFO - Start iteration 4 ... 
2024-07-25 22:12:29,192 - INFO - Current incumbent [0.13654211 0.15046868 2.81498551 1.        ] with estimated performance 2.904404
2024-07-25 22:14:09,350 - INFO - Optimization overhead was 104.459484 seconds
2024-07-25 22:14:09,351 - INFO - Evaluate candidate [0.30638837 0.1410419  1.09778187] on subset size 5.000000
2024-07-25 22:14:11,307 - INFO - Configuration achieved a performance of 1.231000 with cost 5.000000
2024-07-25 22:14:11,308 - INFO - Evaluation of this configuration took 1.956337 seconds
2024-07-25 22:14:14,324 - INFO - Start iteration 5 ... 
2024-07-25 22:14:19,369 - INFO - Current incumbent [0.13654211 0.15046868 2.81498551 1.        ] with estimated performance 2.907786
2024-07-25 22:15:46,382 - INFO - Optimization overhead was 92.058300 seconds
2024-07-25 22:15:46,382 - INFO - Evaluate candidate [0.13301358 0.30058395 3.07094029] on subset size 4.000000
2024-07-25 22:15:47,493 - INFO - Configuration achieved a performance of 1.255200 with cost 5.000000
2024-07-25 22:15:47,493 - INFO - Evaluation of this configuration took 1.111536 seconds
2024-07-25 22:15:48,862 - INFO - Start iteration 6 ... 
2024-07-25 22:15:51,177 - INFO - Current incumbent [0.13654211 0.15046868 2.81498551 1.        ] with estimated performance 2.908289
2024-07-25 22:17:03,557 - INFO - Optimization overhead was 74.694562 seconds
2024-07-25 22:17:03,557 - INFO - Evaluate candidate [0.13662136 0.11526461 3.76655396] on subset size 4.000000
2024-07-25 22:17:04,632 - INFO - Configuration achieved a performance of 1.055200 with cost 5.000000
2024-07-25 22:17:04,632 - INFO - Evaluation of this configuration took 1.075109 seconds
2024-07-25 22:17:06,129 - INFO - Start iteration 7 ... 
2024-07-25 22:17:08,325 - INFO - Current incumbent [0.13662136 0.11526461 3.76655396 1.        ] with estimated performance 2.860139
2024-07-25 22:18:34,511 - INFO - Optimization overhead was 88.381947 seconds
2024-07-25 22:18:34,512 - INFO - Evaluate candidate [0.19158422 0.261028   1.72999768] on subset size 5.000000
2024-07-25 22:18:35,988 - INFO - Configuration achieved a performance of 1.130700 with cost 5.000000
2024-07-25 22:18:35,988 - INFO - Evaluation of this configuration took 1.475566 seconds
2024-07-25 22:18:37,369 - INFO - Start iteration 8 ... 
2024-07-25 22:18:39,650 - INFO - Current incumbent [0.13662136 0.11526461 3.76655396 1.        ] with estimated performance 2.871452
2024-07-25 22:20:07,137 - INFO - Optimization overhead was 89.768269 seconds
2024-07-25 22:20:07,138 - INFO - Evaluate candidate [0.17402454 0.2091701  0.77462807] on subset size 4.000000
2024-07-25 22:20:08,420 - INFO - Configuration achieved a performance of 1.121000 with cost 5.000000
2024-07-25 22:20:08,420 - INFO - Evaluation of this configuration took 1.282375 seconds
2024-07-25 22:20:09,786 - INFO - Start iteration 9 ... 
2024-07-25 22:20:12,037 - INFO - Current incumbent [0.13662136 0.11526461 3.76655396 1.        ] with estimated performance 2.868672
2024-07-25 22:21:38,148 - INFO - Optimization overhead was 88.361891 seconds
2024-07-25 22:21:38,149 - INFO - Evaluate candidate [0.26284193 0.34119545 0.81607752] on subset size 5.000000
2024-07-25 22:21:39,822 - INFO - Configuration achieved a performance of 1.295100 with cost 5.000000
2024-07-25 22:21:39,822 - INFO - Evaluation of this configuration took 1.673775 seconds
2024-07-25 22:21:41,411 - INFO - Start iteration 10 ... 
2024-07-25 22:21:44,077 - INFO - Current incumbent [0.13662136 0.11526461 3.76655396 1.        ] with estimated performance 2.862559
2024-07-25 22:23:55,233 - INFO - Optimization overhead was 133.822241 seconds
2024-07-25 22:23:55,233 - INFO - Evaluate candidate [0.18224091 0.20893956 1.0528111 ] on subset size 5.000000
2024-07-25 22:23:57,053 - INFO - Configuration achieved a performance of 1.119900 with cost 5.000000
2024-07-25 22:23:57,053 - INFO - Evaluation of this configuration took 1.819431 seconds
2024-07-25 22:23:59,117 - INFO - Start iteration 11 ... 
2024-07-25 22:24:02,701 - INFO - Current incumbent [0.13662136 0.11526461 3.76655396 1.        ] with estimated performance 2.867693
2024-07-25 22:26:27,510 - INFO - Optimization overhead was 148.393063 seconds
2024-07-25 22:26:27,511 - INFO - Evaluate candidate [0.18933816 0.14288491 1.64641226] on subset size 4.000000
2024-07-25 22:26:29,321 - INFO - Configuration achieved a performance of 1.110400 with cost 5.000000
2024-07-25 22:26:29,321 - INFO - Evaluation of this configuration took 1.810694 seconds
2024-07-25 22:26:33,246 - INFO - Final incumbent [0.13662136 0.11526461 3.76655396 1.        ] with estimated performance 1.050147
2024-07-25 22:27:29,209 - INFO - Start iteration 0 ... 
2024-07-25 22:27:37,309 - INFO - Current incumbent [0.21413188 0.23429576 6.10406637 1.        ] with estimated performance 2.825277
2024-07-25 22:28:56,499 - INFO - Optimization overhead was 87.290315 seconds
2024-07-25 22:28:56,499 - INFO - Evaluate candidate [0.31275512 0.15305193 5.07545808] on subset size 3.000000
2024-07-25 22:28:57,529 - INFO - Configuration achieved a performance of 1.255100 with cost 5.000000
2024-07-25 22:28:57,529 - INFO - Evaluation of this configuration took 1.029864 seconds
2024-07-25 22:28:59,403 - INFO - Start iteration 1 ... 
2024-07-25 22:29:02,871 - INFO - Current incumbent [0.21413188 0.23429576 6.10406637 1.        ] with estimated performance 2.834754
2024-07-25 22:30:23,340 - INFO - Optimization overhead was 83.936407 seconds
2024-07-25 22:30:23,341 - INFO - Evaluate candidate [0.24459627 0.1738215  3.94478185] on subset size 5.000000
2024-07-25 22:30:24,746 - INFO - Configuration achieved a performance of 1.145300 with cost 5.000000
2024-07-25 22:30:24,746 - INFO - Evaluation of this configuration took 1.405887 seconds
2024-07-25 22:30:26,059 - INFO - Start iteration 2 ... 
2024-07-25 22:30:28,968 - INFO - Current incumbent [0.21413188 0.23429576 6.10406637 1.        ] with estimated performance 2.823307
2024-07-25 22:31:49,402 - INFO - Optimization overhead was 83.343333 seconds
2024-07-25 22:31:49,402 - INFO - Evaluate candidate [0.34745747 0.20522764 4.14098728] on subset size 4.000000
2024-07-25 22:31:50,564 - INFO - Configuration achieved a performance of 1.301200 with cost 5.000000
2024-07-25 22:31:50,564 - INFO - Evaluation of this configuration took 1.160989 seconds
2024-07-25 22:31:51,921 - INFO - Start iteration 3 ... 
2024-07-25 22:31:54,215 - INFO - Current incumbent [0.21413188 0.23429576 6.10406637 1.        ] with estimated performance 2.830473
2024-07-25 22:33:13,436 - INFO - Optimization overhead was 81.515137 seconds
2024-07-25 22:33:13,437 - INFO - Evaluate candidate [0.36588893 0.20896043 5.06265683] on subset size 4.000000
2024-07-25 22:33:14,598 - INFO - Configuration achieved a performance of 1.383200 with cost 5.000000
2024-07-25 22:33:14,598 - INFO - Evaluation of this configuration took 1.161006 seconds
2024-07-25 22:33:15,815 - INFO - Start iteration 4 ... 
2024-07-25 22:33:17,807 - INFO - Current incumbent [0.21413188 0.23429576 6.10406637 1.        ] with estimated performance 2.829011
2024-07-25 22:34:16,373 - INFO - Optimization overhead was 60.557035 seconds
2024-07-25 22:34:16,373 - INFO - Evaluate candidate [0.1910761  0.27585008 5.61190148] on subset size 5.000000
2024-07-25 22:34:17,611 - INFO - Configuration achieved a performance of 1.190000 with cost 5.000000
2024-07-25 22:34:17,611 - INFO - Evaluation of this configuration took 1.238390 seconds
2024-07-25 22:34:18,821 - INFO - Start iteration 5 ... 
2024-07-25 22:34:20,838 - INFO - Current incumbent [0.21413188 0.23429576 6.10406637 1.        ] with estimated performance 2.835718
2024-07-25 22:35:18,214 - INFO - Optimization overhead was 59.391114 seconds
2024-07-25 22:35:18,214 - INFO - Evaluate candidate [0.30421703 0.15808815 3.96769504] on subset size 4.000000
2024-07-25 22:35:19,327 - INFO - Configuration achieved a performance of 1.192700 with cost 5.000000
2024-07-25 22:35:19,327 - INFO - Evaluation of this configuration took 1.113204 seconds
2024-07-25 22:35:20,528 - INFO - Start iteration 6 ... 
2024-07-25 22:35:22,554 - INFO - Current incumbent [0.21413188 0.23429576 6.10406637 1.        ] with estimated performance 2.828037
2024-07-25 22:36:19,334 - INFO - Optimization overhead was 58.806388 seconds
2024-07-25 22:36:19,334 - INFO - Evaluate candidate [0.33192167 0.19349123 5.21432232] on subset size 3.000000
2024-07-25 22:36:20,256 - INFO - Configuration achieved a performance of 1.280700 with cost 5.000000
2024-07-25 22:36:20,257 - INFO - Evaluation of this configuration took 0.921615 seconds
2024-07-25 22:36:21,460 - INFO - Start iteration 7 ... 
2024-07-25 22:36:23,539 - INFO - Current incumbent [0.21413188 0.23429576 6.10406637 1.        ] with estimated performance 2.832803
2024-07-25 22:37:31,763 - INFO - Optimization overhead was 70.302413 seconds
2024-07-25 22:37:31,763 - INFO - Evaluate candidate [0.18782825 0.265465   4.6428571 ] on subset size 5.000000
2024-07-25 22:37:32,917 - INFO - Configuration achieved a performance of 1.126500 with cost 5.000000
2024-07-25 22:37:32,917 - INFO - Evaluation of this configuration took 1.153586 seconds
2024-07-25 22:37:34,113 - INFO - Start iteration 8 ... 
2024-07-25 22:37:36,217 - INFO - Current incumbent [0.21413188 0.23429576 6.10406637 1.        ] with estimated performance 2.825710
2024-07-25 22:38:46,148 - INFO - Optimization overhead was 72.035541 seconds
2024-07-25 22:38:46,148 - INFO - Evaluate candidate [0.24889338 0.14720061 0.74628475] on subset size 5.000000
2024-07-25 22:38:47,356 - INFO - Configuration achieved a performance of 1.128800 with cost 5.000000
2024-07-25 22:38:47,356 - INFO - Evaluation of this configuration took 1.207721 seconds
2024-07-25 22:38:48,667 - INFO - Start iteration 9 ... 
2024-07-25 22:38:50,781 - INFO - Current incumbent [0.21413188 0.23429576 6.10406637 1.        ] with estimated performance 2.828368
2024-07-25 22:40:03,392 - INFO - Optimization overhead was 74.724586 seconds
2024-07-25 22:40:03,393 - INFO - Evaluate candidate [0.2338815  0.23319568 6.12019124] on subset size 5.000000
2024-07-25 22:40:04,615 - INFO - Configuration achieved a performance of 1.175500 with cost 5.000000
2024-07-25 22:40:04,615 - INFO - Evaluation of this configuration took 1.221490 seconds
2024-07-25 22:40:05,800 - INFO - Start iteration 10 ... 
2024-07-25 22:40:07,955 - INFO - Current incumbent [0.21413188 0.23429576 6.10406637 1.        ] with estimated performance 2.861505
2024-07-25 22:41:16,360 - INFO - Optimization overhead was 70.559212 seconds
2024-07-25 22:41:16,361 - INFO - Evaluate candidate [0.38587033 0.24291345 3.37857893] on subset size 4.000000
2024-07-25 22:41:17,511 - INFO - Configuration achieved a performance of 1.222000 with cost 5.000000
2024-07-25 22:41:17,511 - INFO - Evaluation of this configuration took 1.150074 seconds
2024-07-25 22:41:18,903 - INFO - Start iteration 11 ... 
2024-07-25 22:41:20,989 - INFO - Current incumbent [0.21413188 0.23429576 6.10406637 1.        ] with estimated performance 2.870710
2024-07-25 22:42:32,361 - INFO - Optimization overhead was 73.458009 seconds
2024-07-25 22:42:32,361 - INFO - Evaluate candidate [0.27773753 0.29502079 4.26933014] on subset size 5.000000
2024-07-25 22:42:33,520 - INFO - Configuration achieved a performance of 1.253700 with cost 5.000000
2024-07-25 22:42:33,520 - INFO - Evaluation of this configuration took 1.159104 seconds
2024-07-25 22:42:34,753 - INFO - Start iteration 12 ... 
2024-07-25 22:42:36,910 - INFO - Current incumbent [0.21413188 0.23429576 6.10406637 1.        ] with estimated performance 2.877391
2024-07-25 22:43:49,139 - INFO - Optimization overhead was 74.386636 seconds
2024-07-25 22:43:49,140 - INFO - Evaluate candidate [0.23048454 0.22692334 1.06731055] on subset size 4.000000
2024-07-25 22:43:50,057 - INFO - Configuration achieved a performance of 1.167400 with cost 5.000000
2024-07-25 22:43:50,057 - INFO - Evaluation of this configuration took 0.917228 seconds
2024-07-25 22:43:52,352 - INFO - Final incumbent [0.21413188 0.23429576 6.10406637 1.        ] with estimated performance 1.063348
