2024-08-01 11:42:17,715 - INFO - Start iteration 0 ... 
2024-08-01 11:42:20,837 - INFO - Current incumbent [0.6976676 0.8000114 1.       ] with estimated performance 147.600005
2024-08-01 11:42:58,764 - INFO - Optimization overhead was 41.049033 seconds
2024-08-01 11:42:58,764 - INFO - Evaluate candidate [0.80747099 0.92557387] on subset size 5.000000
2024-08-01 11:42:58,765 - INFO - Configuration achieved a performance of 4.361780 with cost 5.000000
2024-08-01 11:42:58,765 - INFO - Evaluation of this configuration took 0.001001 seconds
2024-08-01 11:42:58,766 - INFO - Start iteration 1 ... 
2024-08-01 11:43:00,492 - INFO - Current incumbent [0.80747099 0.92557387 1.        ] with estimated performance 130.690503
2024-08-01 11:43:40,255 - INFO - Optimization overhead was 41.489216 seconds
2024-08-01 11:43:40,256 - INFO - Evaluate candidate [0.90403389 0.70892148] on subset size 5.000000
2024-08-01 11:43:40,256 - INFO - Configuration achieved a performance of 5.203370 with cost 5.000000
2024-08-01 11:43:40,256 - INFO - Evaluation of this configuration took 0.000000 seconds
2024-08-01 11:43:40,257 - INFO - Start iteration 2 ... 
2024-08-01 11:43:41,874 - INFO - Current incumbent [0.80747099 0.92557387 1.        ] with estimated performance 98.898103
2024-08-01 11:44:18,678 - INFO - Optimization overhead was 38.419884 seconds
2024-08-01 11:44:18,678 - INFO - Evaluate candidate [0.10156002 0.93453034] on subset size 5.000000
2024-08-01 11:44:18,678 - INFO - Configuration achieved a performance of 4.754459 with cost 5.000000
2024-08-01 11:44:18,678 - INFO - Evaluation of this configuration took 0.000000 seconds
2024-08-01 11:44:18,680 - INFO - Start iteration 3 ... 
2024-08-01 11:44:20,235 - INFO - Current incumbent [0.80747099 0.92557387 1.        ] with estimated performance 92.963332
2024-08-01 11:44:52,143 - INFO - Optimization overhead was 33.463071 seconds
2024-08-01 11:44:52,143 - INFO - Evaluate candidate [0.12940739 0.03252592] on subset size 5.000000
2024-08-01 11:44:52,144 - INFO - Configuration achieved a performance of 12.627386 with cost 5.000000
2024-08-01 11:44:52,144 - INFO - Evaluation of this configuration took 0.001000 seconds
2024-08-01 11:44:52,145 - INFO - Start iteration 4 ... 
2024-08-01 11:44:53,728 - INFO - Current incumbent [0.80747099 0.92557387 1.        ] with estimated performance 78.485435
2024-08-01 11:45:29,275 - INFO - Optimization overhead was 37.130276 seconds
2024-08-01 11:45:29,275 - INFO - Evaluate candidate [0.0085093  0.88530245] on subset size 5.000000
2024-08-01 11:45:29,276 - INFO - Configuration achieved a performance of 1.676719 with cost 5.000000
2024-08-01 11:45:29,276 - INFO - Evaluation of this configuration took 0.000000 seconds
2024-08-01 11:45:29,277 - INFO - Start iteration 5 ... 
2024-08-01 11:45:30,938 - INFO - Current incumbent [0.0085093  0.88530245 1.        ] with estimated performance 5.398421
2024-08-01 11:46:02,343 - INFO - Optimization overhead was 33.065164 seconds
2024-08-01 11:46:02,343 - INFO - Evaluate candidate [0.97063722 0.76009355] on subset size 5.000000
2024-08-01 11:46:02,344 - INFO - Configuration achieved a performance of 4.919759 with cost 5.000000
2024-08-01 11:46:02,344 - INFO - Evaluation of this configuration took 0.001000 seconds
2024-08-01 11:46:02,345 - INFO - Start iteration 6 ... 
2024-08-01 11:46:03,882 - INFO - Current incumbent [0.0085093  0.88530245 1.        ] with estimated performance 5.421464
2024-08-01 11:46:34,484 - INFO - Optimization overhead was 32.138358 seconds
2024-08-01 11:46:34,484 - INFO - Evaluate candidate [0.01337958 0.63998684] on subset size 5.000000
2024-08-01 11:46:34,485 - INFO - Configuration achieved a performance of 2.378635 with cost 5.000000
2024-08-01 11:46:34,485 - INFO - Evaluation of this configuration took 0.001000 seconds
2024-08-01 11:46:34,486 - INFO - Start iteration 7 ... 
2024-08-01 11:46:36,062 - INFO - Current incumbent [0.0085093  0.88530245 1.        ] with estimated performance 5.395665
2024-08-01 11:47:06,317 - INFO - Optimization overhead was 31.831762 seconds
2024-08-01 11:47:06,317 - INFO - Evaluate candidate [0.98690633 0.99960285] on subset size 4.000000
2024-08-01 11:47:06,318 - INFO - Configuration achieved a performance of 4.011554 with cost 5.000000
2024-08-01 11:47:06,318 - INFO - Evaluation of this configuration took 0.000999 seconds
2024-08-01 11:47:06,319 - INFO - Start iteration 8 ... 
2024-08-01 11:47:07,981 - INFO - Current incumbent [0.0085093  0.88530245 1.        ] with estimated performance 5.371235
2024-08-01 11:47:38,915 - INFO - Optimization overhead was 32.595215 seconds
2024-08-01 11:47:38,915 - INFO - Evaluate candidate [0.03677428 0.82497351] on subset size 5.000000
2024-08-01 11:47:38,916 - INFO - Configuration achieved a performance of 3.047676 with cost 5.000000
2024-08-01 11:47:38,916 - INFO - Evaluation of this configuration took 0.001000 seconds
2024-08-01 11:47:38,918 - INFO - Start iteration 9 ... 
2024-08-01 11:47:40,580 - INFO - Current incumbent [0.0085093  0.88530245 1.        ] with estimated performance 5.395321
2024-08-01 11:48:10,973 - INFO - Optimization overhead was 32.055476 seconds
2024-08-01 11:48:10,973 - INFO - Evaluate candidate [0.00962582 0.65033387] on subset size 5.000000
2024-08-01 11:48:10,974 - INFO - Configuration achieved a performance of 2.146139 with cost 5.000000
2024-08-01 11:48:10,974 - INFO - Evaluation of this configuration took 0.001000 seconds
2024-08-01 11:48:10,976 - INFO - Start iteration 10 ... 
2024-08-01 11:48:12,621 - INFO - Current incumbent [0.0085093  0.88530245 1.        ] with estimated performance 5.408107
2024-08-01 11:48:42,294 - INFO - Optimization overhead was 31.318091 seconds
2024-08-01 11:48:42,294 - INFO - Evaluate candidate [0.24373709 0.92214633] on subset size 5.000000
2024-08-01 11:48:42,294 - INFO - Configuration achieved a performance of 5.750507 with cost 5.000000
2024-08-01 11:48:42,295 - INFO - Evaluation of this configuration took 0.000000 seconds
2024-08-01 11:48:42,296 - INFO - Start iteration 11 ... 
2024-08-01 11:48:43,901 - INFO - Current incumbent [0.0085093  0.88530245 1.        ] with estimated performance 5.339098
2024-08-01 11:49:13,980 - INFO - Optimization overhead was 31.683418 seconds
2024-08-01 11:49:13,980 - INFO - Evaluate candidate [0.57399376 0.81041023] on subset size 5.000000
2024-08-01 11:49:13,981 - INFO - Configuration achieved a performance of 5.191680 with cost 5.000000
2024-08-01 11:49:13,981 - INFO - Evaluation of this configuration took 0.001000 seconds
2024-08-01 11:49:13,982 - INFO - Start iteration 12 ... 
2024-08-01 11:49:15,638 - INFO - Current incumbent [0.0085093  0.88530245 1.        ] with estimated performance 5.374208
2024-08-01 11:49:47,216 - INFO - Optimization overhead was 33.234653 seconds
2024-08-01 11:49:47,217 - INFO - Evaluate candidate [0.0728548 1.       ] on subset size 5.000000
2024-08-01 11:49:47,217 - INFO - Configuration achieved a performance of 3.825153 with cost 5.000000
2024-08-01 11:49:47,217 - INFO - Evaluation of this configuration took 0.000000 seconds
2024-08-01 11:49:47,219 - INFO - Start iteration 13 ... 
2024-08-01 11:49:49,038 - INFO - Current incumbent [0.0085093  0.88530245 1.        ] with estimated performance 5.372126
2024-08-01 11:50:20,448 - INFO - Optimization overhead was 33.229184 seconds
2024-08-01 11:50:20,449 - INFO - Evaluate candidate [0.90122088 0.84111573] on subset size 4.000000
2024-08-01 11:50:20,449 - INFO - Configuration achieved a performance of 4.609595 with cost 5.000000
2024-08-01 11:50:20,449 - INFO - Evaluation of this configuration took 0.000000 seconds
2024-08-01 11:50:20,451 - INFO - Start iteration 14 ... 
2024-08-01 11:50:22,178 - INFO - Current incumbent [0.0085093  0.88530245 1.        ] with estimated performance 5.360426
2024-08-01 11:50:51,685 - INFO - Optimization overhead was 31.233134 seconds
2024-08-01 11:50:51,685 - INFO - Evaluate candidate [0.75296324 0.95947156] on subset size 4.000000
2024-08-01 11:50:51,686 - INFO - Configuration achieved a performance of 4.297878 with cost 5.000000
2024-08-01 11:50:51,686 - INFO - Evaluation of this configuration took 0.001001 seconds
2024-08-01 11:50:51,687 - INFO - Start iteration 15 ... 
2024-08-01 11:50:53,418 - INFO - Current incumbent [0.0085093  0.88530245 1.        ] with estimated performance 5.350484
2024-08-01 11:51:22,323 - INFO - Optimization overhead was 30.635094 seconds
2024-08-01 11:51:22,323 - INFO - Evaluate candidate [0.04242328 0.35961595] on subset size 3.000000
2024-08-01 11:51:22,324 - INFO - Configuration achieved a performance of 5.429019 with cost 5.000000
2024-08-01 11:51:22,324 - INFO - Evaluation of this configuration took 0.000000 seconds
2024-08-01 11:51:22,326 - INFO - Start iteration 16 ... 
2024-08-01 11:51:23,980 - INFO - Current incumbent [0.0085093  0.88530245 1.        ] with estimated performance 5.422778
2024-08-01 11:51:53,203 - INFO - Optimization overhead was 30.877332 seconds
2024-08-01 11:51:53,203 - INFO - Evaluate candidate [0.60019603 0.83518779] on subset size 5.000000
2024-08-01 11:51:53,204 - INFO - Configuration achieved a performance of 5.019912 with cost 5.000000
2024-08-01 11:51:53,204 - INFO - Evaluation of this configuration took 0.001000 seconds
2024-08-01 11:51:53,205 - INFO - Start iteration 17 ... 
2024-08-01 11:51:54,894 - INFO - Current incumbent [0.0085093  0.88530245 1.        ] with estimated performance 5.489513
2024-08-01 11:52:24,671 - INFO - Optimization overhead was 31.465346 seconds
2024-08-01 11:52:24,671 - INFO - Evaluate candidate [0.61095171 0.97516195] on subset size 3.000000
2024-08-01 11:52:24,672 - INFO - Configuration achieved a performance of 4.449932 with cost 5.000000
2024-08-01 11:52:24,672 - INFO - Evaluation of this configuration took 0.001000 seconds
2024-08-01 11:52:24,674 - INFO - Start iteration 18 ... 
2024-08-01 11:52:26,299 - INFO - Current incumbent [0.0085093  0.88530245 1.        ] with estimated performance 5.423313
2024-08-01 11:53:01,316 - INFO - Optimization overhead was 36.641522 seconds
2024-08-01 11:53:01,317 - INFO - Evaluate candidate [0.03881433 0.95076173] on subset size 4.000000
2024-08-01 11:53:01,317 - INFO - Configuration achieved a performance of 2.820644 with cost 5.000000
2024-08-01 11:53:01,317 - INFO - Evaluation of this configuration took 0.000000 seconds
2024-08-01 11:53:01,319 - INFO - Start iteration 19 ... 
2024-08-01 11:53:02,966 - INFO - Current incumbent [0.0085093  0.88530245 1.        ] with estimated performance 5.523131
2024-08-01 11:53:37,817 - INFO - Optimization overhead was 36.497703 seconds
2024-08-01 11:53:37,817 - INFO - Evaluate candidate [0.0521848  0.61143287] on subset size 5.000000
2024-08-01 11:53:37,818 - INFO - Configuration achieved a performance of 4.521204 with cost 5.000000
2024-08-01 11:53:37,818 - INFO - Evaluation of this configuration took 0.000000 seconds
2024-08-01 11:53:37,820 - INFO - Start iteration 20 ... 
2024-08-01 11:53:39,450 - INFO - Current incumbent [0.0085093  0.88530245 1.        ] with estimated performance 5.376158
2024-08-01 11:54:14,620 - INFO - Optimization overhead was 36.800781 seconds
2024-08-01 11:54:14,620 - INFO - Evaluate candidate [0.65348911 0.84359654] on subset size 3.000000
2024-08-01 11:54:14,620 - INFO - Configuration achieved a performance of 4.878655 with cost 5.000000
2024-08-01 11:54:14,620 - INFO - Evaluation of this configuration took 0.000000 seconds
2024-08-01 11:54:14,622 - INFO - Start iteration 21 ... 
2024-08-01 11:54:16,330 - INFO - Current incumbent [0.0085093  0.88530245 1.        ] with estimated performance 5.359678
2024-08-01 11:54:52,420 - INFO - Optimization overhead was 37.797166 seconds
2024-08-01 11:54:52,420 - INFO - Evaluate candidate [0.85845797 0.74945864] on subset size 4.000000
2024-08-01 11:54:52,421 - INFO - Configuration achieved a performance of 5.039738 with cost 5.000000
2024-08-01 11:54:52,421 - INFO - Evaluation of this configuration took 0.001001 seconds
2024-08-01 11:54:52,423 - INFO - Start iteration 22 ... 
2024-08-01 11:54:54,094 - INFO - Current incumbent [0.0085093  0.88530245 1.        ] with estimated performance 5.423466
2024-08-01 11:55:30,303 - INFO - Optimization overhead was 37.880843 seconds
2024-08-01 11:55:30,303 - INFO - Evaluate candidate [0.06402481 0.90195267] on subset size 4.000000
2024-08-01 11:55:30,304 - INFO - Configuration achieved a performance of 3.856524 with cost 5.000000
2024-08-01 11:55:30,304 - INFO - Evaluation of this configuration took 0.000999 seconds
2024-08-01 11:55:30,305 - INFO - Start iteration 23 ... 
2024-08-01 11:55:31,972 - INFO - Current incumbent [0.0085093  0.88530245 1.        ] with estimated performance 5.364312
2024-08-01 11:56:07,568 - INFO - Optimization overhead was 37.262316 seconds
2024-08-01 11:56:07,568 - INFO - Evaluate candidate [0.01560923 0.00046961] on subset size 5.000000
2024-08-01 11:56:07,569 - INFO - Configuration achieved a performance of 4.614704 with cost 5.000000
2024-08-01 11:56:07,569 - INFO - Evaluation of this configuration took 0.001000 seconds
2024-08-01 11:56:07,571 - INFO - Start iteration 24 ... 
2024-08-01 11:56:09,261 - INFO - Current incumbent [0.0085093  0.88530245 1.        ] with estimated performance 5.411872
2024-08-01 11:56:45,220 - INFO - Optimization overhead was 37.649426 seconds
2024-08-01 11:56:45,220 - INFO - Evaluate candidate [0.87874767 0.96939172] on subset size 3.000000
2024-08-01 11:56:45,220 - INFO - Configuration achieved a performance of 4.158323 with cost 5.000000
2024-08-01 11:56:45,221 - INFO - Evaluation of this configuration took 0.000000 seconds
2024-08-01 11:56:45,222 - INFO - Start iteration 25 ... 
2024-08-01 11:56:46,972 - INFO - Current incumbent [0.0085093  0.88530245 1.        ] with estimated performance 5.620574
2024-08-01 11:57:23,375 - INFO - Optimization overhead was 38.151783 seconds
2024-08-01 11:57:23,375 - INFO - Evaluate candidate [0.06440983 0.92210246] on subset size 4.000000
2024-08-01 11:57:23,375 - INFO - Configuration achieved a performance of 3.805619 with cost 5.000000
2024-08-01 11:57:23,376 - INFO - Evaluation of this configuration took 0.000000 seconds
2024-08-01 11:57:23,378 - INFO - Start iteration 26 ... 
2024-08-01 11:57:25,107 - INFO - Current incumbent [0.0085093  0.88530245 1.        ] with estimated performance 5.358928
2024-08-01 11:58:01,302 - INFO - Optimization overhead was 37.923895 seconds
2024-08-01 11:58:01,302 - INFO - Evaluate candidate [0.71093349 0.98080539] on subset size 5.000000
2024-08-01 11:58:01,303 - INFO - Configuration achieved a performance of 4.275696 with cost 5.000000
2024-08-01 11:58:01,303 - INFO - Evaluation of this configuration took 0.001004 seconds
2024-08-01 11:58:01,305 - INFO - Start iteration 27 ... 
2024-08-01 11:58:03,034 - INFO - Current incumbent [0.0085093  0.88530245 1.        ] with estimated performance 5.357161
2024-08-01 11:58:39,482 - INFO - Optimization overhead was 38.177226 seconds
2024-08-01 11:58:39,482 - INFO - Evaluate candidate [0.68941169 0.12300361] on subset size 4.000000
2024-08-01 11:58:39,482 - INFO - Configuration achieved a performance of 10.591080 with cost 5.000000
2024-08-01 11:58:39,482 - INFO - Evaluation of this configuration took 0.000000 seconds
2024-08-01 11:58:39,484 - INFO - Start iteration 28 ... 
2024-08-01 11:58:41,205 - INFO - Current incumbent [0.0085093  0.88530245 1.        ] with estimated performance 5.354960
2024-08-01 11:59:17,366 - INFO - Optimization overhead was 37.881289 seconds
2024-08-01 11:59:17,367 - INFO - Evaluate candidate [0.94486928 0.73265292] on subset size 4.000000
2024-08-01 11:59:17,367 - INFO - Configuration achieved a performance of 5.061148 with cost 5.000000
2024-08-01 11:59:17,367 - INFO - Evaluation of this configuration took 0.000000 seconds
2024-08-01 11:59:17,370 - INFO - Start iteration 29 ... 
2024-08-01 11:59:19,103 - INFO - Current incumbent [0.0085093  0.88530245 1.        ] with estimated performance 5.334583
2024-08-01 11:59:55,519 - INFO - Optimization overhead was 38.148468 seconds
2024-08-01 11:59:55,519 - INFO - Evaluate candidate [0.04665556 0.68229988] on subset size 4.000000
2024-08-01 11:59:55,519 - INFO - Configuration achieved a performance of 3.953732 with cost 5.000000
2024-08-01 11:59:55,520 - INFO - Evaluation of this configuration took 0.000000 seconds
2024-08-01 11:59:55,522 - INFO - Start iteration 30 ... 
2024-08-01 11:59:57,228 - INFO - Current incumbent [0.0085093  0.88530245 1.        ] with estimated performance 5.375768
2024-08-01 12:00:33,946 - INFO - Optimization overhead was 38.424249 seconds
2024-08-01 12:00:33,946 - INFO - Evaluate candidate [0.9586198  0.96327581] on subset size 3.000000
2024-08-01 12:00:33,946 - INFO - Configuration achieved a performance of 4.137429 with cost 5.000000
2024-08-01 12:00:33,947 - INFO - Evaluation of this configuration took 0.000000 seconds
2024-08-01 12:00:33,949 - INFO - Start iteration 31 ... 
2024-08-01 12:00:35,678 - INFO - Current incumbent [0.0085093  0.88530245 1.        ] with estimated performance 5.358041
2024-08-01 12:01:11,993 - INFO - Optimization overhead was 38.044276 seconds
2024-08-01 12:01:11,993 - INFO - Evaluate candidate [0.81221041 0.94492101] on subset size 3.000000
2024-08-01 12:01:11,994 - INFO - Configuration achieved a performance of 4.289658 with cost 5.000000
2024-08-01 12:01:11,994 - INFO - Evaluation of this configuration took 0.000000 seconds
2024-08-01 12:01:11,996 - INFO - Start iteration 32 ... 
2024-08-01 12:01:13,719 - INFO - Current incumbent [0.0085093  0.88530245 1.        ] with estimated performance 5.362431
2024-08-01 12:01:50,594 - INFO - Optimization overhead was 38.597696 seconds
2024-08-01 12:01:50,594 - INFO - Evaluate candidate [0.73551384 0.93231268] on subset size 4.000000
2024-08-01 12:01:50,595 - INFO - Configuration achieved a performance of 4.412723 with cost 5.000000
2024-08-01 12:01:50,595 - INFO - Evaluation of this configuration took 0.001000 seconds
2024-08-01 12:01:50,597 - INFO - Start iteration 33 ... 
2024-08-01 12:01:52,346 - INFO - Current incumbent [0.0085093  0.88530245 1.        ] with estimated performance 5.350156
2024-08-01 12:02:29,365 - INFO - Optimization overhead was 38.768002 seconds
2024-08-01 12:02:29,365 - INFO - Evaluate candidate [0.10472898 0.81211338] on subset size 3.000000
2024-08-01 12:02:29,366 - INFO - Configuration achieved a performance of 5.347138 with cost 5.000000
2024-08-01 12:02:29,366 - INFO - Evaluation of this configuration took 0.000999 seconds
2024-08-01 12:02:29,368 - INFO - Start iteration 34 ... 
2024-08-01 12:02:31,127 - INFO - Current incumbent [0.0085093  0.88530245 1.        ] with estimated performance 5.364793
2024-08-01 12:03:08,347 - INFO - Optimization overhead was 38.979299 seconds
2024-08-01 12:03:08,347 - INFO - Evaluate candidate [0.04047742 0.52340532] on subset size 3.000000
2024-08-01 12:03:08,348 - INFO - Configuration achieved a performance of 4.338023 with cost 5.000000
2024-08-01 12:03:08,348 - INFO - Evaluation of this configuration took 0.001000 seconds
2024-08-01 12:03:08,351 - INFO - Start iteration 35 ... 
2024-08-01 12:03:10,118 - INFO - Current incumbent [0.0085093  0.88530245 1.        ] with estimated performance 5.393551
2024-08-01 12:03:47,540 - INFO - Optimization overhead was 39.189552 seconds
2024-08-01 12:03:47,540 - INFO - Evaluate candidate [0.89280757 0.28202082] on subset size 4.000000
2024-08-01 12:03:47,541 - INFO - Configuration achieved a performance of 8.548518 with cost 5.000000
2024-08-01 12:03:47,541 - INFO - Evaluation of this configuration took 0.001000 seconds
2024-08-01 12:03:47,543 - INFO - Start iteration 36 ... 
2024-08-01 12:03:49,334 - INFO - Current incumbent [0.0085093  0.88530245 1.        ] with estimated performance 5.400171
2024-08-01 12:04:27,037 - INFO - Optimization overhead was 39.493432 seconds
2024-08-01 12:04:27,037 - INFO - Evaluate candidate [0.85427041 0.90285024] on subset size 3.000000
2024-08-01 12:04:27,038 - INFO - Configuration achieved a performance of 4.405153 with cost 5.000000
2024-08-01 12:04:27,038 - INFO - Evaluation of this configuration took 0.001000 seconds
2024-08-01 12:04:27,040 - INFO - Start iteration 37 ... 
2024-08-01 12:04:28,906 - INFO - Current incumbent [0.0085093  0.88530245 1.        ] with estimated performance 5.389769
2024-08-01 12:05:06,647 - INFO - Optimization overhead was 39.606972 seconds
2024-08-01 12:05:06,647 - INFO - Evaluate candidate [0.01332378 0.4224124 ] on subset size 5.000000
2024-08-01 12:05:06,648 - INFO - Configuration achieved a performance of 3.039788 with cost 5.000000
2024-08-01 12:05:06,648 - INFO - Evaluation of this configuration took 0.001001 seconds
2024-08-01 12:05:06,650 - INFO - Start iteration 38 ... 
2024-08-01 12:05:08,453 - INFO - Current incumbent [0.0085093  0.88530245 1.        ] with estimated performance 5.350673
2024-08-01 12:05:46,350 - INFO - Optimization overhead was 39.700469 seconds
2024-08-01 12:05:46,350 - INFO - Evaluate candidate [0.98304517 0.91675889] on subset size 4.000000
2024-08-01 12:05:46,351 - INFO - Configuration achieved a performance of 4.286009 with cost 5.000000
2024-08-01 12:05:46,351 - INFO - Evaluation of this configuration took 0.001000 seconds
2024-08-01 12:05:46,353 - INFO - Start iteration 39 ... 
2024-08-01 12:05:48,131 - INFO - Current incumbent [0.0085093  0.88530245 1.        ] with estimated performance 5.348385
2024-08-01 12:06:26,227 - INFO - Optimization overhead was 39.873393 seconds
2024-08-01 12:06:26,228 - INFO - Evaluate candidate [0.         0.75512098] on subset size 4.000000
2024-08-01 12:06:26,228 - INFO - Configuration achieved a performance of 1.453647 with cost 5.000000
2024-08-01 12:06:26,228 - INFO - Evaluation of this configuration took 0.000000 seconds
2024-08-01 12:06:26,231 - INFO - Start iteration 40 ... 
2024-08-01 12:06:28,044 - INFO - Current incumbent [0.         0.75512098 1.        ] with estimated performance 4.280447
2024-08-01 12:07:06,622 - INFO - Optimization overhead was 40.391517 seconds
2024-08-01 12:07:06,623 - INFO - Evaluate candidate [0.01327614 0.17339482] on subset size 3.000000
2024-08-01 12:07:06,623 - INFO - Configuration achieved a performance of 4.130817 with cost 5.000000
2024-08-01 12:07:06,623 - INFO - Evaluation of this configuration took 0.000000 seconds
2024-08-01 12:07:06,626 - INFO - Start iteration 41 ... 
2024-08-01 12:07:08,493 - INFO - Current incumbent [0.         0.75512098 1.        ] with estimated performance 4.287059
2024-08-01 12:07:47,430 - INFO - Optimization overhead was 40.803522 seconds
2024-08-01 12:07:47,430 - INFO - Evaluate candidate [0.1417136  0.05963531] on subset size 3.000000
2024-08-01 12:07:47,431 - INFO - Configuration achieved a performance of 12.983587 with cost 5.000000
2024-08-01 12:07:47,431 - INFO - Evaluation of this configuration took 0.001000 seconds
2024-08-01 12:07:47,433 - INFO - Start iteration 42 ... 
2024-08-01 12:07:49,282 - INFO - Current incumbent [0.         0.75512098 1.        ] with estimated performance 4.282578
2024-08-01 12:08:28,016 - INFO - Optimization overhead was 40.582484 seconds
2024-08-01 12:08:28,016 - INFO - Evaluate candidate [0.        0.5542607] on subset size 3.000000
2024-08-01 12:08:28,017 - INFO - Configuration achieved a performance of 1.783612 with cost 5.000000
2024-08-01 12:08:28,017 - INFO - Evaluation of this configuration took 0.000997 seconds
2024-08-01 12:08:28,019 - INFO - Start iteration 43 ... 
2024-08-01 12:08:29,880 - INFO - Current incumbent [0.         0.75512098 1.        ] with estimated performance 4.270215
2024-08-01 12:09:08,822 - INFO - Optimization overhead was 40.801614 seconds
2024-08-01 12:09:08,822 - INFO - Evaluate candidate [0.08836644 1.        ] on subset size 4.000000
2024-08-01 12:09:08,823 - INFO - Configuration achieved a performance of 4.226955 with cost 5.000000
2024-08-01 12:09:08,823 - INFO - Evaluation of this configuration took 0.000999 seconds
2024-08-01 12:09:08,825 - INFO - Start iteration 44 ... 
2024-08-01 12:09:10,680 - INFO - Current incumbent [0.         0.75512098 1.        ] with estimated performance 4.282183
2024-08-01 12:09:49,886 - INFO - Optimization overhead was 41.061103 seconds
2024-08-01 12:09:49,886 - INFO - Evaluate candidate [0.11073498 0.06437585] on subset size 3.000000
2024-08-01 12:09:49,887 - INFO - Configuration achieved a performance of 11.904348 with cost 5.000000
2024-08-01 12:09:49,887 - INFO - Evaluation of this configuration took 0.001000 seconds
2024-08-01 12:09:49,889 - INFO - Start iteration 45 ... 
2024-08-01 12:09:51,714 - INFO - Current incumbent [0.         0.75512098 1.        ] with estimated performance 4.280744
2024-08-01 12:10:31,318 - INFO - Optimization overhead was 41.428786 seconds
2024-08-01 12:10:31,318 - INFO - Evaluate candidate [0.02677952 0.85069515] on subset size 4.000000
2024-08-01 12:10:31,319 - INFO - Configuration achieved a performance of 2.550739 with cost 5.000000
2024-08-01 12:10:31,319 - INFO - Evaluation of this configuration took 0.000999 seconds
2024-08-01 12:10:31,321 - INFO - Start iteration 46 ... 
2024-08-01 12:10:33,168 - INFO - Current incumbent [0.         0.75512098 1.        ] with estimated performance 4.277512
2024-08-01 12:11:14,126 - INFO - Optimization overhead was 42.805184 seconds
2024-08-01 12:11:14,126 - INFO - Evaluate candidate [0.80944082 0.95402377] on subset size 3.000000
2024-08-01 12:11:14,127 - INFO - Configuration achieved a performance of 4.260967 with cost 5.000000
2024-08-01 12:11:14,127 - INFO - Evaluation of this configuration took 0.001000 seconds
2024-08-01 12:11:14,129 - INFO - Start iteration 47 ... 
2024-08-01 12:11:16,168 - INFO - Current incumbent [0.         0.75512098 1.        ] with estimated performance 4.281963
2024-08-01 12:11:57,540 - INFO - Optimization overhead was 43.410194 seconds
2024-08-01 12:11:57,540 - INFO - Evaluate candidate [0.85981359 0.99622152] on subset size 3.000000
2024-08-01 12:11:57,540 - INFO - Configuration achieved a performance of 4.084244 with cost 5.000000
2024-08-01 12:11:57,541 - INFO - Evaluation of this configuration took 0.000000 seconds
2024-08-01 12:11:57,543 - INFO - Start iteration 48 ... 
2024-08-01 12:11:59,580 - INFO - Current incumbent [0.         0.75512098 1.        ] with estimated performance 4.281165
2024-08-01 12:12:40,754 - INFO - Optimization overhead was 43.211266 seconds
2024-08-01 12:12:40,754 - INFO - Evaluate candidate [0.         0.84908124] on subset size 3.000000
2024-08-01 12:12:40,754 - INFO - Configuration achieved a performance of 1.335795 with cost 5.000000
2024-08-01 12:12:40,755 - INFO - Evaluation of this configuration took 0.000000 seconds
2024-08-01 12:12:40,757 - INFO - Start iteration 49 ... 
2024-08-01 12:12:42,811 - INFO - Current incumbent [0.         0.84908124 1.        ] with estimated performance 3.803736
2024-08-01 12:13:24,545 - INFO - Optimization overhead was 43.788014 seconds
2024-08-01 12:13:24,546 - INFO - Evaluate candidate [0.78078486 0.91587664] on subset size 4.000000
2024-08-01 12:13:24,546 - INFO - Configuration achieved a performance of 4.421938 with cost 5.000000
2024-08-01 12:13:24,546 - INFO - Evaluation of this configuration took 0.000000 seconds
2024-08-01 12:13:24,550 - INFO - Start iteration 50 ... 
2024-08-01 12:13:26,970 - INFO - Current incumbent [0.         0.84908124 1.        ] with estimated performance 3.803583
2024-08-01 12:14:08,790 - INFO - Optimization overhead was 44.239514 seconds
2024-08-01 12:14:08,790 - INFO - Evaluate candidate [0.91728762 0.86601278] on subset size 5.000000
2024-08-01 12:14:08,791 - INFO - Configuration achieved a performance of 4.502585 with cost 5.000000
2024-08-01 12:14:08,791 - INFO - Evaluation of this configuration took 0.001000 seconds
2024-08-01 12:14:08,794 - INFO - Start iteration 51 ... 
2024-08-01 12:14:11,203 - INFO - Current incumbent [0.         0.84908124 1.        ] with estimated performance 3.803681
2024-08-01 12:14:58,384 - INFO - Optimization overhead was 49.590024 seconds
2024-08-01 12:14:58,384 - INFO - Evaluate candidate [0.64419201 0.98918109] on subset size 3.000000
2024-08-01 12:14:58,385 - INFO - Configuration achieved a performance of 4.343852 with cost 5.000000
2024-08-01 12:14:58,385 - INFO - Evaluation of this configuration took 0.001000 seconds
2024-08-01 12:14:58,388 - INFO - Start iteration 52 ... 
2024-08-01 12:15:01,070 - INFO - Current incumbent [0.         0.84908124 1.        ] with estimated performance 3.803760
2024-08-01 12:15:48,928 - INFO - Optimization overhead was 50.540045 seconds
2024-08-01 12:15:48,928 - INFO - Evaluate candidate [0.0032541  0.55602222] on subset size 3.000000
2024-08-01 12:15:48,929 - INFO - Configuration achieved a performance of 1.980657 with cost 5.000000
2024-08-01 12:15:48,929 - INFO - Evaluation of this configuration took 0.001000 seconds
2024-08-01 12:15:48,932 - INFO - Start iteration 53 ... 
2024-08-01 12:15:51,741 - INFO - Current incumbent [0.         0.84908124 1.        ] with estimated performance 3.802736
2024-08-01 12:16:40,347 - INFO - Optimization overhead was 51.415523 seconds
2024-08-01 12:16:40,347 - INFO - Evaluate candidate [0.93227948 0.9177359 ] on subset size 3.000000
2024-08-01 12:16:40,348 - INFO - Configuration achieved a performance of 4.304163 with cost 5.000000
2024-08-01 12:16:40,348 - INFO - Evaluation of this configuration took 0.000996 seconds
2024-08-01 12:16:40,351 - INFO - Start iteration 54 ... 
2024-08-01 12:16:42,971 - INFO - Current incumbent [0.         0.84908124 1.        ] with estimated performance 3.802940
2024-08-01 12:17:31,760 - INFO - Optimization overhead was 51.408667 seconds
2024-08-01 12:17:31,760 - INFO - Evaluate candidate [0.42144814 0.9978447 ] on subset size 3.000000
2024-08-01 12:17:31,761 - INFO - Configuration achieved a performance of 4.848944 with cost 5.000000
2024-08-01 12:17:31,761 - INFO - Evaluation of this configuration took 0.000000 seconds
2024-08-01 12:17:31,764 - INFO - Start iteration 55 ... 
2024-08-01 12:17:34,549 - INFO - Current incumbent [0.         0.84908124 1.        ] with estimated performance 3.802063
2024-08-01 12:18:23,655 - INFO - Optimization overhead was 51.890748 seconds
2024-08-01 12:18:23,656 - INFO - Evaluate candidate [0.04559277 0.39844991] on subset size 3.000000
2024-08-01 12:18:23,656 - INFO - Configuration achieved a performance of 5.372971 with cost 5.000000
2024-08-01 12:18:23,656 - INFO - Evaluation of this configuration took 0.000000 seconds
2024-08-01 12:18:23,659 - INFO - Start iteration 56 ... 
2024-08-01 12:18:26,369 - INFO - Current incumbent [0.         0.84908124 1.        ] with estimated performance 3.801786
2024-08-01 12:19:15,392 - INFO - Optimization overhead was 51.733712 seconds
2024-08-01 12:19:15,392 - INFO - Evaluate candidate [0.49788951 0.75855312] on subset size 1.000000
2024-08-01 12:19:15,393 - INFO - Configuration achieved a performance of 5.661637 with cost 1.000000
2024-08-01 12:19:15,393 - INFO - Evaluation of this configuration took 0.001000 seconds
2024-08-01 12:19:15,396 - INFO - Start iteration 57 ... 
2024-08-01 12:19:18,252 - INFO - Current incumbent [0.         0.84908124 1.        ] with estimated performance 3.802615
2024-08-01 12:20:07,494 - INFO - Optimization overhead was 52.097395 seconds
2024-08-01 12:20:07,494 - INFO - Evaluate candidate [0.68633304 0.87075313] on subset size 1.000000
2024-08-01 12:20:07,495 - INFO - Configuration achieved a performance of 4.711856 with cost 1.000000
2024-08-01 12:20:07,495 - INFO - Evaluation of this configuration took 0.001001 seconds
2024-08-01 12:20:07,498 - INFO - Start iteration 58 ... 
2024-08-01 12:20:10,437 - INFO - Current incumbent [0.         0.84908124 1.        ] with estimated performance 3.802151
2024-08-01 12:21:00,056 - INFO - Optimization overhead was 52.557698 seconds
2024-08-01 12:21:00,057 - INFO - Evaluate candidate [0.62912397 0.42397211] on subset size 1.000000
2024-08-01 12:21:00,057 - INFO - Configuration achieved a performance of 7.624387 with cost 1.000000
2024-08-01 12:21:00,057 - INFO - Evaluation of this configuration took 0.000000 seconds
2024-08-01 12:21:00,061 - INFO - Start iteration 59 ... 
2024-08-01 12:21:03,289 - INFO - Current incumbent [0.         0.84908124 1.        ] with estimated performance 3.801962
2024-08-01 12:21:53,493 - INFO - Optimization overhead was 53.432307 seconds
2024-08-01 12:21:53,493 - INFO - Evaluate candidate [0.66163645 0.76331028] on subset size 5.000000
2024-08-01 12:21:53,494 - INFO - Configuration achieved a performance of 5.228076 with cost 5.000000
2024-08-01 12:21:53,494 - INFO - Evaluation of this configuration took 0.000996 seconds
2024-08-01 12:21:53,498 - INFO - Start iteration 60 ... 
2024-08-01 12:21:56,469 - INFO - Current incumbent [0.         0.84908124 1.        ] with estimated performance 3.802319
2024-08-01 12:22:46,766 - INFO - Optimization overhead was 53.267972 seconds
2024-08-01 12:22:46,766 - INFO - Evaluate candidate [0.04353659 0.70552076] on subset size 4.000000
2024-08-01 12:22:46,767 - INFO - Configuration achieved a performance of 3.722123 with cost 5.000000
2024-08-01 12:22:46,767 - INFO - Evaluation of this configuration took 0.001000 seconds
2024-08-01 12:22:46,770 - INFO - Start iteration 61 ... 
2024-08-01 12:22:49,801 - INFO - Current incumbent [0.         0.84908124 1.        ] with estimated performance 3.802169
2024-08-01 12:23:40,879 - INFO - Optimization overhead was 54.108336 seconds
2024-08-01 12:23:40,879 - INFO - Evaluate candidate [0.02100925 0.10854585] on subset size 4.000000
2024-08-01 12:23:40,880 - INFO - Configuration achieved a performance of 5.111014 with cost 5.000000
2024-08-01 12:23:40,880 - INFO - Evaluation of this configuration took 0.000999 seconds
2024-08-01 12:23:40,883 - INFO - Start iteration 62 ... 
2024-08-01 12:23:43,931 - INFO - Current incumbent [0.         0.84908124 1.        ] with estimated performance 3.802714
2024-08-01 12:24:35,096 - INFO - Optimization overhead was 54.213059 seconds
2024-08-01 12:24:35,096 - INFO - Evaluate candidate [0.06904694 0.76081758] on subset size 5.000000
2024-08-01 12:24:35,096 - INFO - Configuration achieved a performance of 4.549051 with cost 5.000000
2024-08-01 12:24:35,097 - INFO - Evaluation of this configuration took 0.000000 seconds
2024-08-01 12:24:35,100 - INFO - Start iteration 63 ... 
2024-08-01 12:24:38,125 - INFO - Current incumbent [0.         0.84908124 1.        ] with estimated performance 3.802612
2024-08-01 12:25:30,217 - INFO - Optimization overhead was 55.116649 seconds
2024-08-01 12:25:30,217 - INFO - Evaluate candidate [0.93192938 0.71300951] on subset size 5.000000
2024-08-01 12:25:30,218 - INFO - Configuration achieved a performance of 5.164966 with cost 5.000000
2024-08-01 12:25:30,218 - INFO - Evaluation of this configuration took 0.000999 seconds
2024-08-01 12:25:30,223 - INFO - Start iteration 64 ... 
2024-08-01 12:25:33,944 - INFO - Current incumbent [0.         0.84908124 1.        ] with estimated performance 3.802866
2024-08-01 12:26:26,525 - INFO - Optimization overhead was 56.301131 seconds
2024-08-01 12:26:26,525 - INFO - Evaluate candidate [0.08589948 0.96747294] on subset size 4.000000
2024-08-01 12:26:26,526 - INFO - Configuration achieved a performance of 4.274711 with cost 5.000000
2024-08-01 12:26:26,526 - INFO - Evaluation of this configuration took 0.000999 seconds
2024-08-01 12:26:26,530 - INFO - Start iteration 65 ... 
2024-08-01 12:26:29,585 - INFO - Current incumbent [0.         0.84908124 1.        ] with estimated performance 3.802374
2024-08-01 12:27:22,397 - INFO - Optimization overhead was 55.867218 seconds
2024-08-01 12:27:22,397 - INFO - Evaluate candidate [0.70440996 0.7236274 ] on subset size 4.000000
2024-08-01 12:27:22,398 - INFO - Configuration achieved a performance of 5.351506 with cost 5.000000
2024-08-01 12:27:22,398 - INFO - Evaluation of this configuration took 0.000998 seconds
2024-08-01 12:27:22,401 - INFO - Start iteration 66 ... 
2024-08-01 12:27:25,550 - INFO - Current incumbent [0.         0.84908124 1.        ] with estimated performance 3.802946
2024-08-01 12:28:18,470 - INFO - Optimization overhead was 56.068701 seconds
2024-08-01 12:28:18,470 - INFO - Evaluate candidate [0.97770447 0.50408924] on subset size 1.000000
2024-08-01 12:28:18,471 - INFO - Configuration achieved a performance of 6.415858 with cost 1.000000
2024-08-01 12:28:18,471 - INFO - Evaluation of this configuration took 0.000000 seconds
2024-08-01 12:28:18,474 - INFO - Start iteration 67 ... 
2024-08-01 12:28:21,629 - INFO - Current incumbent [0.         0.84908124 1.        ] with estimated performance 3.802993
2024-08-01 12:29:14,596 - INFO - Optimization overhead was 56.121411 seconds
2024-08-01 12:29:14,596 - INFO - Evaluate candidate [0.09811659 0.82873392] on subset size 4.000000
2024-08-01 12:29:14,597 - INFO - Configuration achieved a performance of 5.116826 with cost 5.000000
2024-08-01 12:29:14,597 - INFO - Evaluation of this configuration took 0.001000 seconds
2024-08-01 12:29:14,601 - INFO - Start iteration 68 ... 
2024-08-01 12:29:17,659 - INFO - Current incumbent [0.         0.84908124 1.        ] with estimated performance 3.803500
2024-08-01 12:30:11,067 - INFO - Optimization overhead was 56.465609 seconds
2024-08-01 12:30:11,068 - INFO - Evaluate candidate [0.66859988 0.68959914] on subset size 1.000000
2024-08-01 12:30:11,068 - INFO - Configuration achieved a performance of 5.595523 with cost 1.000000
2024-08-01 12:30:11,068 - INFO - Evaluation of this configuration took 0.000000 seconds
2024-08-01 12:30:11,073 - INFO - Start iteration 69 ... 
2024-08-01 12:30:14,191 - INFO - Current incumbent [0.         0.84908124 1.        ] with estimated performance 3.803014
2024-08-01 12:31:08,864 - INFO - Optimization overhead was 57.790719 seconds
2024-08-01 12:31:08,864 - INFO - Evaluate candidate [0.57841765 0.24129423] on subset size 1.000000
2024-08-01 12:31:08,864 - INFO - Configuration achieved a performance of 9.834091 with cost 1.000000
2024-08-01 12:31:08,865 - INFO - Evaluation of this configuration took 0.000000 seconds
2024-08-01 12:31:08,868 - INFO - Start iteration 70 ... 
2024-08-01 12:31:12,000 - INFO - Current incumbent [0.         0.84908124 1.        ] with estimated performance 3.803253
2024-08-01 12:32:06,791 - INFO - Optimization overhead was 57.923730 seconds
2024-08-01 12:32:06,791 - INFO - Evaluate candidate [0.96942722 0.90509678] on subset size 5.000000
2024-08-01 12:32:06,792 - INFO - Configuration achieved a performance of 4.332757 with cost 5.000000
2024-08-01 12:32:06,792 - INFO - Evaluation of this configuration took 0.001001 seconds
2024-08-01 12:32:06,795 - INFO - Start iteration 71 ... 
2024-08-01 12:32:09,941 - INFO - Current incumbent [0.         0.84908124 1.        ] with estimated performance 3.803523
2024-08-01 12:33:05,692 - INFO - Optimization overhead was 58.896611 seconds
2024-08-01 12:33:05,692 - INFO - Evaluate candidate [0.01062757 0.13919019] on subset size 4.000000
2024-08-01 12:33:05,693 - INFO - Configuration achieved a performance of 3.990133 with cost 5.000000
2024-08-01 12:33:05,693 - INFO - Evaluation of this configuration took 0.001000 seconds
2024-08-01 12:33:05,696 - INFO - Start iteration 72 ... 
2024-08-01 12:33:08,860 - INFO - Current incumbent [0.         0.84908124 1.        ] with estimated performance 3.802975
2024-08-01 12:34:04,434 - INFO - Optimization overhead was 58.736498 seconds
2024-08-01 12:34:04,434 - INFO - Evaluate candidate [0.87102262 0.27368   ] on subset size 1.000000
2024-08-01 12:34:04,435 - INFO - Configuration achieved a performance of 8.667455 with cost 1.000000
2024-08-01 12:34:04,435 - INFO - Evaluation of this configuration took 0.001002 seconds
2024-08-01 12:34:04,438 - INFO - Start iteration 73 ... 
2024-08-01 12:34:07,540 - INFO - Current incumbent [0.         0.84908124 1.        ] with estimated performance 3.802974
2024-08-01 12:35:03,148 - INFO - Optimization overhead was 58.710633 seconds
2024-08-01 12:35:03,148 - INFO - Evaluate candidate [0.8076177 0.1188302] on subset size 1.000000
2024-08-01 12:35:03,149 - INFO - Configuration achieved a performance of 10.292414 with cost 1.000000
2024-08-01 12:35:03,149 - INFO - Evaluation of this configuration took 0.001003 seconds
2024-08-01 12:35:03,152 - INFO - Start iteration 74 ... 
2024-08-01 12:35:06,390 - INFO - Current incumbent [0.         0.84908124 1.        ] with estimated performance 3.802947
2024-08-01 12:36:02,897 - INFO - Optimization overhead was 59.744570 seconds
2024-08-01 12:36:02,897 - INFO - Evaluate candidate [0.49055327 0.40127667] on subset size 1.000000
2024-08-01 12:36:02,898 - INFO - Configuration achieved a performance of 8.390642 with cost 1.000000
2024-08-01 12:36:02,898 - INFO - Evaluation of this configuration took 0.000000 seconds
2024-08-01 12:36:02,902 - INFO - Start iteration 75 ... 
2024-08-01 12:36:06,103 - INFO - Current incumbent [0.         0.84908124 1.        ] with estimated performance 3.802907
2024-08-01 12:37:02,490 - INFO - Optimization overhead was 59.588437 seconds
2024-08-01 12:37:02,490 - INFO - Evaluate candidate [0.92223388 0.20882428] on subset size 1.000000
2024-08-01 12:37:02,491 - INFO - Configuration achieved a performance of 9.321201 with cost 1.000000
2024-08-01 12:37:02,491 - INFO - Evaluation of this configuration took 0.001000 seconds
2024-08-01 12:37:02,495 - INFO - Start iteration 76 ... 
2024-08-01 12:37:05,699 - INFO - Current incumbent [0.         0.84908124 1.        ] with estimated performance 3.802959
2024-08-01 12:38:02,116 - INFO - Optimization overhead was 59.620641 seconds
2024-08-01 12:38:02,116 - INFO - Evaluate candidate [0.76533788 0.20119438] on subset size 1.000000
2024-08-01 12:38:02,117 - INFO - Configuration achieved a performance of 9.668597 with cost 1.000000
2024-08-01 12:38:02,117 - INFO - Evaluation of this configuration took 0.000999 seconds
2024-08-01 12:38:02,120 - INFO - Start iteration 77 ... 
2024-08-01 12:38:05,397 - INFO - Current incumbent [0.         0.84908124 1.        ] with estimated performance 3.802927
2024-08-01 12:39:02,821 - INFO - Optimization overhead was 60.701085 seconds
2024-08-01 12:39:02,821 - INFO - Evaluate candidate [0.63777588 0.25587204] on subset size 1.000000
2024-08-01 12:39:02,822 - INFO - Configuration achieved a performance of 9.418020 with cost 1.000000
2024-08-01 12:39:02,822 - INFO - Evaluation of this configuration took 0.000998 seconds
2024-08-01 12:39:02,826 - INFO - Start iteration 78 ... 
2024-08-01 12:39:06,178 - INFO - Current incumbent [0.         0.84908124 1.        ] with estimated performance 3.802769
2024-08-01 12:40:04,261 - INFO - Optimization overhead was 61.434898 seconds
2024-08-01 12:40:04,261 - INFO - Evaluate candidate [0.11787162 0.05356629] on subset size 4.000000
2024-08-01 12:40:04,262 - INFO - Configuration achieved a performance of 12.208926 with cost 5.000000
2024-08-01 12:40:04,262 - INFO - Evaluation of this configuration took 0.001000 seconds
2024-08-01 12:40:04,265 - INFO - Start iteration 79 ... 
2024-08-01 12:40:07,605 - INFO - Current incumbent [0.         0.84908124 1.        ] with estimated performance 3.802992
2024-08-01 12:41:06,798 - INFO - Optimization overhead was 62.533558 seconds
2024-08-01 12:41:06,799 - INFO - Evaluate candidate [0.71541392 0.1052839 ] on subset size 1.000000
2024-08-01 12:41:06,799 - INFO - Configuration achieved a performance of 10.596769 with cost 1.000000
2024-08-01 12:41:06,799 - INFO - Evaluation of this configuration took 0.000000 seconds
2024-08-01 12:41:06,803 - INFO - Start iteration 80 ... 
2024-08-01 12:41:10,167 - INFO - Current incumbent [0.         0.84908124 1.        ] with estimated performance 3.803030
2024-08-01 12:42:09,751 - INFO - Optimization overhead was 62.947488 seconds
2024-08-01 12:42:09,751 - INFO - Evaluate candidate [0.34002579 0.35088353] on subset size 1.000000
2024-08-01 12:42:09,752 - INFO - Configuration achieved a performance of 9.883595 with cost 1.000000
2024-08-01 12:42:09,752 - INFO - Evaluation of this configuration took 0.001000 seconds
2024-08-01 12:42:09,756 - INFO - Start iteration 81 ... 
2024-08-01 12:42:13,074 - INFO - Current incumbent [0.         0.84908124 1.        ] with estimated performance 3.803026
2024-08-01 12:43:13,661 - INFO - Optimization overhead was 63.905151 seconds
2024-08-01 12:43:13,661 - INFO - Evaluate candidate [0.78910379 0.40735081] on subset size 1.000000
2024-08-01 12:43:13,661 - INFO - Configuration achieved a performance of 7.415467 with cost 1.000000
2024-08-01 12:43:13,661 - INFO - Evaluation of this configuration took 0.000000 seconds
2024-08-01 12:43:13,666 - INFO - Start iteration 82 ... 
2024-08-01 12:43:16,952 - INFO - Current incumbent [0.         0.84908124 1.        ] with estimated performance 3.803038
2024-08-01 12:44:21,009 - INFO - Optimization overhead was 67.343179 seconds
2024-08-01 12:44:21,009 - INFO - Evaluate candidate [0.05957853 0.03346249] on subset size 3.000000
2024-08-01 12:44:21,010 - INFO - Configuration achieved a performance of 8.708379 with cost 5.000000
2024-08-01 12:44:21,010 - INFO - Evaluation of this configuration took 0.001000 seconds
2024-08-01 12:44:21,014 - INFO - Start iteration 83 ... 
2024-08-01 12:44:24,391 - INFO - Current incumbent [0.         0.84908124 1.        ] with estimated performance 3.803006
2024-08-01 12:45:28,943 - INFO - Optimization overhead was 67.928506 seconds
2024-08-01 12:45:28,944 - INFO - Evaluate candidate [0.         0.91549544] on subset size 3.000000
2024-08-01 12:45:28,944 - INFO - Configuration achieved a performance of 1.263078 with cost 5.000000
2024-08-01 12:45:28,944 - INFO - Evaluation of this configuration took 0.000000 seconds
2024-08-01 12:45:28,948 - INFO - Start iteration 84 ... 
2024-08-01 12:45:32,355 - INFO - Current incumbent [0.         0.91549544 1.        ] with estimated performance 3.536246
2024-08-01 12:46:37,246 - INFO - Optimization overhead was 68.297890 seconds
2024-08-01 12:46:37,246 - INFO - Evaluate candidate [0.99273859 0.14604549] on subset size 1.000000
2024-08-01 12:46:37,247 - INFO - Configuration achieved a performance of 9.853250 with cost 1.000000
2024-08-01 12:46:37,247 - INFO - Evaluation of this configuration took 0.000998 seconds
2024-08-01 12:46:37,251 - INFO - Start iteration 85 ... 
2024-08-01 12:46:40,616 - INFO - Current incumbent [0.         0.91549544 1.        ] with estimated performance 3.536182
2024-08-01 12:47:45,401 - INFO - Optimization overhead was 68.150458 seconds
2024-08-01 12:47:45,401 - INFO - Evaluate candidate [0.95755598 0.37150496] on subset size 1.000000
2024-08-01 12:47:45,402 - INFO - Configuration achieved a performance of 7.557615 with cost 1.000000
2024-08-01 12:47:45,402 - INFO - Evaluation of this configuration took 0.001000 seconds
2024-08-01 12:47:45,406 - INFO - Start iteration 86 ... 
2024-08-01 12:47:48,747 - INFO - Current incumbent [0.         0.91549544 1.        ] with estimated performance 3.536157
2024-08-01 12:48:51,871 - INFO - Optimization overhead was 66.465218 seconds
2024-08-01 12:48:51,871 - INFO - Evaluate candidate [0.98157427 0.74412766] on subset size 1.000000
2024-08-01 12:48:51,871 - INFO - Configuration achieved a performance of 4.988004 with cost 1.000000
2024-08-01 12:48:51,871 - INFO - Evaluation of this configuration took 0.000000 seconds
2024-08-01 12:48:51,875 - INFO - Start iteration 87 ... 
2024-08-01 12:48:55,164 - INFO - Current incumbent [0.         0.91549544 1.        ] with estimated performance 3.536209
2024-08-01 12:49:59,107 - INFO - Optimization overhead was 67.231670 seconds
2024-08-01 12:49:59,107 - INFO - Evaluate candidate [0.36631907 0.67513991] on subset size 4.000000
2024-08-01 12:49:59,107 - INFO - Configuration achieved a performance of 6.685387 with cost 5.000000
2024-08-01 12:49:59,108 - INFO - Evaluation of this configuration took 0.000000 seconds
2024-08-01 12:49:59,112 - INFO - Start iteration 88 ... 
2024-08-01 12:50:02,423 - INFO - Current incumbent [0.         0.91549544 1.        ] with estimated performance 3.536188
2024-08-01 12:51:07,315 - INFO - Optimization overhead was 68.203169 seconds
2024-08-01 12:51:07,315 - INFO - Evaluate candidate [0.50900692 0.00224228] on subset size 1.000000
2024-08-01 12:51:07,315 - INFO - Configuration achieved a performance of 11.655363 with cost 1.000000
2024-08-01 12:51:07,316 - INFO - Evaluation of this configuration took 0.000000 seconds
2024-08-01 12:51:07,319 - INFO - Start iteration 89 ... 
2024-08-01 12:51:10,488 - INFO - Current incumbent [0.         0.91549544 1.        ] with estimated performance 3.536255
2024-08-01 12:52:15,258 - INFO - Optimization overhead was 67.939190 seconds
2024-08-01 12:52:15,259 - INFO - Evaluate candidate [0.7429304  0.91959887] on subset size 5.000000
2024-08-01 12:52:15,259 - INFO - Configuration achieved a performance of 4.449935 with cost 5.000000
2024-08-01 12:52:15,259 - INFO - Evaluation of this configuration took 0.000000 seconds
2024-08-01 12:52:15,263 - INFO - Start iteration 90 ... 
2024-08-01 12:52:18,534 - INFO - Current incumbent [0.         0.91549544 1.        ] with estimated performance 3.536231
2024-08-01 12:53:24,249 - INFO - Optimization overhead was 68.985579 seconds
2024-08-01 12:53:24,249 - INFO - Evaluate candidate [0.85250484 0.75309715] on subset size 4.000000
2024-08-01 12:53:24,250 - INFO - Configuration achieved a performance of 5.027473 with cost 5.000000
2024-08-01 12:53:24,250 - INFO - Evaluation of this configuration took 0.000999 seconds
2024-08-01 12:53:24,254 - INFO - Start iteration 91 ... 
2024-08-01 12:53:27,413 - INFO - Current incumbent [0.         0.91549544 1.        ] with estimated performance 3.536210
2024-08-01 12:54:32,942 - INFO - Optimization overhead was 68.688374 seconds
2024-08-01 12:54:32,942 - INFO - Evaluate candidate [0.80160769 0.97648313] on subset size 5.000000
2024-08-01 12:54:32,943 - INFO - Configuration achieved a performance of 4.192957 with cost 5.000000
2024-08-01 12:54:32,943 - INFO - Evaluation of this configuration took 0.001000 seconds
2024-08-01 12:54:32,947 - INFO - Start iteration 92 ... 
2024-08-01 12:54:36,193 - INFO - Current incumbent [0.         0.91549544 1.        ] with estimated performance 3.536174
2024-08-01 12:55:41,349 - INFO - Optimization overhead was 68.401662 seconds
2024-08-01 12:55:41,349 - INFO - Evaluate candidate [0.00999154 0.28518726] on subset size 5.000000
2024-08-01 12:55:41,349 - INFO - Configuration achieved a performance of 3.338316 with cost 5.000000
2024-08-01 12:55:41,349 - INFO - Evaluation of this configuration took 0.000000 seconds
2024-08-01 12:55:41,353 - INFO - Start iteration 93 ... 
2024-08-01 12:55:44,706 - INFO - Current incumbent [0.         0.91549544 1.        ] with estimated performance 3.536212
2024-08-01 12:56:51,012 - INFO - Optimization overhead was 69.657676 seconds
2024-08-01 12:56:51,012 - INFO - Evaluate candidate [0.88730602 0.53402696] on subset size 4.000000
2024-08-01 12:56:51,013 - INFO - Configuration achieved a performance of 6.265044 with cost 5.000000
2024-08-01 12:56:51,013 - INFO - Evaluation of this configuration took 0.000999 seconds
2024-08-01 12:56:51,017 - INFO - Start iteration 94 ... 
2024-08-01 12:56:54,371 - INFO - Current incumbent [0.         0.91549544 1.        ] with estimated performance 3.536219
2024-08-01 12:58:00,252 - INFO - Optimization overhead was 69.235160 seconds
2024-08-01 12:58:00,253 - INFO - Evaluate candidate [0.39143289 0.58896558] on subset size 1.000000
2024-08-01 12:58:00,253 - INFO - Configuration achieved a performance of 7.183399 with cost 1.000000
2024-08-01 12:58:00,253 - INFO - Evaluation of this configuration took 0.000000 seconds
2024-08-01 12:58:00,257 - INFO - Start iteration 95 ... 
2024-08-01 12:58:03,624 - INFO - Current incumbent [0.         0.91549544 1.        ] with estimated performance 3.536221
2024-08-01 12:59:09,222 - INFO - Optimization overhead was 68.965027 seconds
2024-08-01 12:59:09,223 - INFO - Evaluate candidate [0.90122738 0.41661933] on subset size 1.000000
2024-08-01 12:59:09,223 - INFO - Configuration achieved a performance of 7.187253 with cost 1.000000
2024-08-01 12:59:09,223 - INFO - Evaluation of this configuration took 0.000000 seconds
2024-08-01 12:59:10,877 - INFO - Final incumbent [0.         0.91549544 1.        ] with estimated performance 1.263063
2024-08-01 12:59:10,941 - INFO - Start iteration 0 ... 
2024-08-01 12:59:14,343 - INFO - Current incumbent [0.02928156 0.79985863 1.        ] with estimated performance 16.134851
2024-08-01 12:59:39,172 - INFO - Optimization overhead was 28.230458 seconds
2024-08-01 12:59:39,172 - INFO - Evaluate candidate [0.04144597 0.87722493] on subset size 5.000000
2024-08-01 12:59:39,173 - INFO - Configuration achieved a performance of 3.102328 with cost 5.000000
2024-08-01 12:59:39,173 - INFO - Evaluation of this configuration took 0.001002 seconds
2024-08-01 12:59:39,174 - INFO - Start iteration 1 ... 
2024-08-01 12:59:40,761 - INFO - Current incumbent [0.02928156 0.79985863 1.        ] with estimated performance 16.140857
2024-08-01 13:00:06,321 - INFO - Optimization overhead was 27.146712 seconds
2024-08-01 13:00:06,321 - INFO - Evaluate candidate [0.9164801  0.96471614] on subset size 4.000000
2024-08-01 13:00:06,322 - INFO - Configuration achieved a performance of 4.152352 with cost 5.000000
2024-08-01 13:00:06,322 - INFO - Evaluation of this configuration took 0.000999 seconds
2024-08-01 13:00:06,323 - INFO - Start iteration 2 ... 
2024-08-01 13:00:07,880 - INFO - Current incumbent [0.02928156 0.79985863 1.        ] with estimated performance 16.134676
2024-08-01 13:00:33,649 - INFO - Optimization overhead was 27.326036 seconds
2024-08-01 13:00:33,649 - INFO - Evaluate candidate [0.0343075  0.87814083] on subset size 4.000000
2024-08-01 13:00:33,650 - INFO - Configuration achieved a performance of 2.809225 with cost 5.000000
2024-08-01 13:00:33,650 - INFO - Evaluation of this configuration took 0.001000 seconds
2024-08-01 13:00:33,651 - INFO - Start iteration 3 ... 
2024-08-01 13:00:35,238 - INFO - Current incumbent [0.0343075  0.87814083 1.        ] with estimated performance 10.652945
2024-08-01 13:01:00,518 - INFO - Optimization overhead was 26.867241 seconds
2024-08-01 13:01:00,518 - INFO - Evaluate candidate [0.04736473 0.89652106] on subset size 5.000000
2024-08-01 13:01:00,518 - INFO - Configuration achieved a performance of 3.280896 with cost 5.000000
2024-08-01 13:01:00,519 - INFO - Evaluation of this configuration took 0.000000 seconds
2024-08-01 13:01:00,520 - INFO - Start iteration 4 ... 
2024-08-01 13:01:02,094 - INFO - Current incumbent [0.0343075  0.87814083 1.        ] with estimated performance 15.836488
2024-08-01 13:01:27,267 - INFO - Optimization overhead was 26.747336 seconds
2024-08-01 13:01:27,267 - INFO - Evaluate candidate [0.69284128 0.82411628] on subset size 5.000000
2024-08-01 13:01:27,268 - INFO - Configuration achieved a performance of 4.896747 with cost 5.000000
2024-08-01 13:01:27,268 - INFO - Evaluation of this configuration took 0.001000 seconds
2024-08-01 13:01:27,269 - INFO - Start iteration 5 ... 
2024-08-01 13:01:28,930 - INFO - Current incumbent [0.0343075  0.87814083 1.        ] with estimated performance 15.881787
2024-08-01 13:01:54,290 - INFO - Optimization overhead was 27.021103 seconds
2024-08-01 13:01:54,291 - INFO - Evaluate candidate [0.99322394 0.92859053] on subset size 5.000000
2024-08-01 13:01:54,291 - INFO - Configuration achieved a performance of 4.241380 with cost 5.000000
2024-08-01 13:01:54,291 - INFO - Evaluation of this configuration took 0.000000 seconds
2024-08-01 13:01:54,293 - INFO - Start iteration 6 ... 
2024-08-01 13:01:55,918 - INFO - Current incumbent [0.0343075  0.87814083 1.        ] with estimated performance 15.962308
2024-08-01 13:02:20,664 - INFO - Optimization overhead was 26.370318 seconds
2024-08-01 13:02:20,664 - INFO - Evaluate candidate [0.02074066 0.45017073] on subset size 4.000000
2024-08-01 13:02:20,665 - INFO - Configuration achieved a performance of 3.444496 with cost 5.000000
2024-08-01 13:02:20,665 - INFO - Evaluation of this configuration took 0.001000 seconds
2024-08-01 13:02:20,666 - INFO - Start iteration 7 ... 
2024-08-01 13:02:22,265 - INFO - Current incumbent [0.02928156 0.79985863 1.        ] with estimated performance 16.134174
2024-08-01 13:02:48,717 - INFO - Optimization overhead was 28.050519 seconds
2024-08-01 13:02:48,717 - INFO - Evaluate candidate [0.55044472 0.99558802] on subset size 5.000000
2024-08-01 13:02:48,718 - INFO - Configuration achieved a performance of 4.502916 with cost 5.000000
2024-08-01 13:02:48,718 - INFO - Evaluation of this configuration took 0.001000 seconds
2024-08-01 13:02:48,719 - INFO - Start iteration 8 ... 
2024-08-01 13:02:50,265 - INFO - Current incumbent [0.02928156 0.79985863 1.        ] with estimated performance 16.134427
2024-08-01 13:03:16,810 - INFO - Optimization overhead was 28.091308 seconds
2024-08-01 13:03:16,811 - INFO - Evaluate candidate [0.74033171 0.91383921] on subset size 5.000000
2024-08-01 13:03:16,811 - INFO - Configuration achieved a performance of 4.474102 with cost 5.000000
2024-08-01 13:03:16,811 - INFO - Evaluation of this configuration took 0.000000 seconds
2024-08-01 13:03:16,813 - INFO - Start iteration 9 ... 
2024-08-01 13:03:18,428 - INFO - Current incumbent [0.02928156 0.79985863 1.        ] with estimated performance 16.133297
2024-08-01 13:03:45,541 - INFO - Optimization overhead was 28.727709 seconds
2024-08-01 13:03:45,542 - INFO - Evaluate candidate [0.80998374 0.85162546] on subset size 4.000000
2024-08-01 13:03:45,542 - INFO - Configuration achieved a performance of 4.638196 with cost 5.000000
2024-08-01 13:03:45,542 - INFO - Evaluation of this configuration took 0.000000 seconds
2024-08-01 13:03:45,544 - INFO - Start iteration 10 ... 
2024-08-01 13:03:47,150 - INFO - Current incumbent [0.02928156 0.79985863 1.        ] with estimated performance 16.134323
2024-08-01 13:04:13,905 - INFO - Optimization overhead was 28.361312 seconds
2024-08-01 13:04:13,905 - INFO - Evaluate candidate [0.00777581 0.67786615] on subset size 3.000000
2024-08-01 13:04:13,906 - INFO - Configuration achieved a performance of 1.987288 with cost 5.000000
2024-08-01 13:04:13,906 - INFO - Evaluation of this configuration took 0.001001 seconds
2024-08-01 13:04:13,907 - INFO - Start iteration 11 ... 
2024-08-01 13:04:15,515 - INFO - Current incumbent [0.00777581 0.67786615 1.        ] with estimated performance 7.306764
2024-08-01 13:04:42,336 - INFO - Optimization overhead was 28.428135 seconds
2024-08-01 13:04:42,336 - INFO - Evaluate candidate [0.90822569 0.97634056] on subset size 4.000000
2024-08-01 13:04:42,337 - INFO - Configuration achieved a performance of 4.118769 with cost 5.000000
2024-08-01 13:04:42,337 - INFO - Evaluation of this configuration took 0.000998 seconds
2024-08-01 13:04:42,339 - INFO - Start iteration 12 ... 
2024-08-01 13:04:43,960 - INFO - Current incumbent [0.00777581 0.67786615 1.        ] with estimated performance 7.300835
2024-08-01 13:05:11,019 - INFO - Optimization overhead was 28.680488 seconds
2024-08-01 13:05:11,019 - INFO - Evaluate candidate [0.02277372 0.00772868] on subset size 4.000000
2024-08-01 13:05:11,020 - INFO - Configuration achieved a performance of 5.339814 with cost 5.000000
2024-08-01 13:05:11,020 - INFO - Evaluation of this configuration took 0.001000 seconds
2024-08-01 13:05:11,021 - INFO - Start iteration 13 ... 
2024-08-01 13:05:12,633 - INFO - Current incumbent [0.00777581 0.67786615 1.        ] with estimated performance 7.307671
2024-08-01 13:05:39,876 - INFO - Optimization overhead was 28.854878 seconds
2024-08-01 13:05:39,877 - INFO - Evaluate candidate [0.01049543 0.13422822] on subset size 4.000000
2024-08-01 13:05:39,877 - INFO - Configuration achieved a performance of 3.990832 with cost 5.000000
2024-08-01 13:05:39,877 - INFO - Evaluation of this configuration took 0.000000 seconds
2024-08-01 13:05:39,879 - INFO - Start iteration 14 ... 
2024-08-01 13:05:41,542 - INFO - Current incumbent [0.00777581 0.67786615 1.        ] with estimated performance 7.301273
2024-08-01 13:06:09,342 - INFO - Optimization overhead was 29.462902 seconds
2024-08-01 13:06:09,343 - INFO - Evaluate candidate [0.10757558 0.92862587] on subset size 4.000000
2024-08-01 13:06:09,343 - INFO - Configuration achieved a performance of 4.899063 with cost 5.000000
2024-08-01 13:06:09,343 - INFO - Evaluation of this configuration took 0.000000 seconds
2024-08-01 13:06:09,345 - INFO - Start iteration 15 ... 
2024-08-01 13:06:10,989 - INFO - Current incumbent [0.00777581 0.67786615 1.        ] with estimated performance 7.310432
2024-08-01 13:06:38,535 - INFO - Optimization overhead was 29.190148 seconds
2024-08-01 13:06:38,535 - INFO - Evaluate candidate [0.84429094 0.98199107] on subset size 4.000000
2024-08-01 13:06:38,536 - INFO - Configuration achieved a performance of 4.140585 with cost 5.000000
2024-08-01 13:06:38,536 - INFO - Evaluation of this configuration took 0.001000 seconds
2024-08-01 13:06:38,538 - INFO - Start iteration 16 ... 
2024-08-01 13:06:40,222 - INFO - Current incumbent [0.00777581 0.67786615 1.        ] with estimated performance 7.310098
2024-08-01 13:07:08,202 - INFO - Optimization overhead was 29.663508 seconds
2024-08-01 13:07:08,202 - INFO - Evaluate candidate [0.88775121 0.73021986] on subset size 4.000000
2024-08-01 13:07:08,202 - INFO - Configuration achieved a performance of 5.109101 with cost 5.000000
2024-08-01 13:07:08,203 - INFO - Evaluation of this configuration took 0.000000 seconds
2024-08-01 13:07:08,204 - INFO - Start iteration 17 ... 
2024-08-01 13:07:09,893 - INFO - Current incumbent [0.00777581 0.67786615 1.        ] with estimated performance 7.308915
2024-08-01 13:07:37,919 - INFO - Optimization overhead was 29.715063 seconds
2024-08-01 13:07:37,919 - INFO - Evaluate candidate [0.02441431 0.66944874] on subset size 4.000000
2024-08-01 13:07:37,920 - INFO - Configuration achieved a performance of 2.896260 with cost 5.000000
2024-08-01 13:07:37,920 - INFO - Evaluation of this configuration took 0.001000 seconds
2024-08-01 13:07:37,922 - INFO - Start iteration 18 ... 
2024-08-01 13:07:39,630 - INFO - Current incumbent [0.00777581 0.67786615 1.        ] with estimated performance 7.299562
2024-08-01 13:08:13,581 - INFO - Optimization overhead was 35.659388 seconds
2024-08-01 13:08:13,581 - INFO - Evaluate candidate [0.75991135 0.9631724 ] on subset size 3.000000
2024-08-01 13:08:13,582 - INFO - Configuration achieved a performance of 4.277518 with cost 5.000000
2024-08-01 13:08:13,582 - INFO - Evaluation of this configuration took 0.001000 seconds
2024-08-01 13:08:13,584 - INFO - Start iteration 19 ... 
2024-08-01 13:08:15,302 - INFO - Current incumbent [0.00777581 0.67786615 1.        ] with estimated performance 7.301544
2024-08-01 13:08:49,539 - INFO - Optimization overhead was 35.955444 seconds
2024-08-01 13:08:49,540 - INFO - Evaluate candidate [0.01397459 0.24590093] on subset size 4.000000
2024-08-01 13:08:49,540 - INFO - Configuration achieved a performance of 3.865262 with cost 5.000000
2024-08-01 13:08:49,540 - INFO - Evaluation of this configuration took 0.000000 seconds
2024-08-01 13:08:49,542 - INFO - Start iteration 20 ... 
2024-08-01 13:08:51,260 - INFO - Current incumbent [0.00777581 0.67786615 1.        ] with estimated performance 7.300004
2024-08-01 13:09:26,984 - INFO - Optimization overhead was 37.441678 seconds
2024-08-01 13:09:26,984 - INFO - Evaluate candidate [0.04070965 0.9698164 ] on subset size 3.000000
2024-08-01 13:09:26,985 - INFO - Configuration achieved a performance of 2.849004 with cost 5.000000
2024-08-01 13:09:26,985 - INFO - Evaluation of this configuration took 0.000999 seconds
2024-08-01 13:09:26,987 - INFO - Start iteration 21 ... 
2024-08-01 13:09:28,776 - INFO - Current incumbent [0.00777581 0.67786615 1.        ] with estimated performance 7.299201
2024-08-01 13:10:04,938 - INFO - Optimization overhead was 37.951224 seconds
2024-08-01 13:10:04,938 - INFO - Evaluate candidate [0.         0.42450027] on subset size 3.000000
2024-08-01 13:10:04,939 - INFO - Configuration achieved a performance of 2.076865 with cost 5.000000
2024-08-01 13:10:04,939 - INFO - Evaluation of this configuration took 0.001000 seconds
2024-08-01 13:10:04,941 - INFO - Start iteration 22 ... 
2024-08-01 13:10:06,726 - INFO - Current incumbent [0.00777581 0.67786615 1.        ] with estimated performance 7.287308
2024-08-01 13:10:43,236 - INFO - Optimization overhead was 38.294204 seconds
2024-08-01 13:10:43,237 - INFO - Evaluate candidate [0.97614515 0.98887096] on subset size 4.000000
2024-08-01 13:10:43,237 - INFO - Configuration achieved a performance of 4.048698 with cost 5.000000
2024-08-01 13:10:43,237 - INFO - Evaluation of this configuration took 0.000000 seconds
2024-08-01 13:10:43,239 - INFO - Start iteration 23 ... 
2024-08-01 13:10:44,900 - INFO - Current incumbent [0.00777581 0.67786615 1.        ] with estimated performance 7.289917
2024-08-01 13:11:19,815 - INFO - Optimization overhead was 36.576258 seconds
2024-08-01 13:11:19,815 - INFO - Evaluate candidate [0.77040691 0.86547241] on subset size 3.000000
2024-08-01 13:11:19,816 - INFO - Configuration achieved a performance of 4.623510 with cost 5.000000
2024-08-01 13:11:19,816 - INFO - Evaluation of this configuration took 0.000000 seconds
2024-08-01 13:11:19,818 - INFO - Start iteration 24 ... 
2024-08-01 13:11:21,545 - INFO - Current incumbent [0.00777581 0.67786615 1.        ] with estimated performance 7.289061
2024-08-01 13:11:56,641 - INFO - Optimization overhead was 36.823284 seconds
2024-08-01 13:11:56,641 - INFO - Evaluate candidate [0.         0.87921072] on subset size 4.000000
2024-08-01 13:11:56,641 - INFO - Configuration achieved a performance of 1.302020 with cost 5.000000
2024-08-01 13:11:56,642 - INFO - Evaluation of this configuration took 0.000000 seconds
2024-08-01 13:11:56,643 - INFO - Start iteration 25 ... 
2024-08-01 13:11:58,433 - INFO - Current incumbent [0.         0.87921072 1.        ] with estimated performance 3.674913
2024-08-01 13:12:33,690 - INFO - Optimization overhead was 37.045885 seconds
2024-08-01 13:12:33,691 - INFO - Evaluate candidate [0.61651294 0.93019393] on subset size 3.000000
2024-08-01 13:12:33,691 - INFO - Configuration achieved a performance of 4.601912 with cost 5.000000
2024-08-01 13:12:33,691 - INFO - Evaluation of this configuration took 0.000000 seconds
2024-08-01 13:12:33,694 - INFO - Start iteration 26 ... 
2024-08-01 13:12:35,425 - INFO - Current incumbent [0.         0.87921072 1.        ] with estimated performance 3.673353
2024-08-01 13:13:10,713 - INFO - Optimization overhead was 37.019160 seconds
2024-08-01 13:13:10,714 - INFO - Evaluate candidate [0.1857033  0.92125461] on subset size 3.000000
2024-08-01 13:13:10,714 - INFO - Configuration achieved a performance of 5.734175 with cost 5.000000
2024-08-01 13:13:10,714 - INFO - Evaluation of this configuration took 0.000000 seconds
2024-08-01 13:13:10,716 - INFO - Start iteration 27 ... 
2024-08-01 13:13:12,540 - INFO - Current incumbent [0.         0.87921072 1.        ] with estimated performance 3.671706
2024-08-01 13:13:48,333 - INFO - Optimization overhead was 37.617046 seconds
2024-08-01 13:13:48,334 - INFO - Evaluate candidate [0.97087648 0.96210477] on subset size 5.000000
2024-08-01 13:13:48,334 - INFO - Configuration achieved a performance of 4.136744 with cost 5.000000
2024-08-01 13:13:48,334 - INFO - Evaluation of this configuration took 0.000000 seconds
2024-08-01 13:13:48,336 - INFO - Start iteration 28 ... 
2024-08-01 13:13:50,091 - INFO - Current incumbent [0.         0.87921072 1.        ] with estimated performance 3.672266
2024-08-01 13:14:25,950 - INFO - Optimization overhead was 37.614095 seconds
2024-08-01 13:14:25,950 - INFO - Evaluate candidate [0.86444045 0.88765095] on subset size 4.000000
2024-08-01 13:14:25,951 - INFO - Configuration achieved a performance of 4.454095 with cost 5.000000
2024-08-01 13:14:25,951 - INFO - Evaluation of this configuration took 0.001001 seconds
2024-08-01 13:14:25,953 - INFO - Start iteration 29 ... 
2024-08-01 13:14:27,686 - INFO - Current incumbent [0.         0.87921072 1.        ] with estimated performance 3.671622
2024-08-01 13:15:03,245 - INFO - Optimization overhead was 37.292225 seconds
2024-08-01 13:15:03,245 - INFO - Evaluate candidate [0.44457904 0.79474112] on subset size 4.000000
2024-08-01 13:15:03,246 - INFO - Configuration achieved a performance of 5.658322 with cost 5.000000
2024-08-01 13:15:03,246 - INFO - Evaluation of this configuration took 0.001000 seconds
2024-08-01 13:15:03,248 - INFO - Start iteration 30 ... 
2024-08-01 13:15:04,993 - INFO - Current incumbent [0.         0.87921072 1.        ] with estimated performance 3.671322
2024-08-01 13:15:41,748 - INFO - Optimization overhead was 38.499826 seconds
2024-08-01 13:15:41,748 - INFO - Evaluate candidate [0.94965416 0.83153954] on subset size 3.000000
2024-08-01 13:15:41,749 - INFO - Configuration achieved a performance of 4.621610 with cost 5.000000
2024-08-01 13:15:41,749 - INFO - Evaluation of this configuration took 0.000999 seconds
2024-08-01 13:15:41,751 - INFO - Start iteration 31 ... 
2024-08-01 13:15:43,525 - INFO - Current incumbent [0.         0.87921072 1.        ] with estimated performance 3.672132
2024-08-01 13:16:19,792 - INFO - Optimization overhead was 38.040323 seconds
2024-08-01 13:16:19,792 - INFO - Evaluate candidate [0.03533905 1.        ] on subset size 3.000000
2024-08-01 13:16:19,792 - INFO - Configuration achieved a performance of 2.584771 with cost 5.000000
2024-08-01 13:16:19,792 - INFO - Evaluation of this configuration took 0.000000 seconds
2024-08-01 13:16:19,795 - INFO - Start iteration 32 ... 
2024-08-01 13:16:21,557 - INFO - Current incumbent [0.         0.87921072 1.        ] with estimated performance 3.675324
2024-08-01 13:16:57,754 - INFO - Optimization overhead was 37.959804 seconds
2024-08-01 13:16:57,755 - INFO - Evaluate candidate [0.14026942 0.05044582] on subset size 1.000000
2024-08-01 13:16:57,755 - INFO - Configuration achieved a performance of 12.947272 with cost 1.000000
2024-08-01 13:16:57,755 - INFO - Evaluation of this configuration took 0.000000 seconds
2024-08-01 13:16:57,757 - INFO - Start iteration 33 ... 
2024-08-01 13:16:59,559 - INFO - Current incumbent [0.         0.87921072 1.        ] with estimated performance 3.675157
2024-08-01 13:17:36,115 - INFO - Optimization overhead was 38.356787 seconds
2024-08-01 13:17:36,115 - INFO - Evaluate candidate [0.48660411 0.97072407] on subset size 2.000000
2024-08-01 13:17:36,115 - INFO - Configuration achieved a performance of 4.752879 with cost 1.000000
2024-08-01 13:17:36,115 - INFO - Evaluation of this configuration took 0.000000 seconds
2024-08-01 13:17:36,118 - INFO - Start iteration 34 ... 
2024-08-01 13:17:37,909 - INFO - Current incumbent [0.         0.87921072 1.        ] with estimated performance 3.675997
2024-08-01 13:18:15,667 - INFO - Optimization overhead was 39.548506 seconds
2024-08-01 13:18:15,668 - INFO - Evaluate candidate [0.79181504 0.90880523] on subset size 5.000000
2024-08-01 13:18:15,668 - INFO - Configuration achieved a performance of 4.436849 with cost 5.000000
2024-08-01 13:18:15,668 - INFO - Evaluation of this configuration took 0.000000 seconds
2024-08-01 13:18:15,671 - INFO - Start iteration 35 ... 
2024-08-01 13:18:17,589 - INFO - Current incumbent [0.         0.87921072 1.        ] with estimated performance 3.674147
2024-08-01 13:18:56,281 - INFO - Optimization overhead was 40.610715 seconds
2024-08-01 13:18:56,281 - INFO - Evaluate candidate [0.3794257  0.91331191] on subset size 5.000000
2024-08-01 13:18:56,282 - INFO - Configuration achieved a performance of 5.338482 with cost 5.000000
2024-08-01 13:18:56,282 - INFO - Evaluation of this configuration took 0.001000 seconds
2024-08-01 13:18:56,284 - INFO - Start iteration 36 ... 
2024-08-01 13:18:58,216 - INFO - Current incumbent [0.         0.87921072 1.        ] with estimated performance 3.674833
2024-08-01 13:19:37,143 - INFO - Optimization overhead was 40.858651 seconds
2024-08-01 13:19:37,144 - INFO - Evaluate candidate [0.         0.58267254] on subset size 3.000000
2024-08-01 13:19:37,144 - INFO - Configuration achieved a performance of 1.728866 with cost 5.000000
2024-08-01 13:19:37,144 - INFO - Evaluation of this configuration took 0.000000 seconds
2024-08-01 13:19:37,147 - INFO - Start iteration 37 ... 
2024-08-01 13:19:39,123 - INFO - Current incumbent [0.         0.87921072 1.        ] with estimated performance 3.676375
2024-08-01 13:20:18,475 - INFO - Optimization overhead was 41.327708 seconds
2024-08-01 13:20:18,475 - INFO - Evaluate candidate [0.95431579 0.86168222] on subset size 5.000000
2024-08-01 13:20:18,475 - INFO - Configuration achieved a performance of 4.500588 with cost 5.000000
2024-08-01 13:20:18,475 - INFO - Evaluation of this configuration took 0.000000 seconds
2024-08-01 13:20:18,478 - INFO - Start iteration 38 ... 
2024-08-01 13:20:20,272 - INFO - Current incumbent [0.         0.87921072 1.        ] with estimated performance 3.674799
2024-08-01 13:20:59,730 - INFO - Optimization overhead was 41.251862 seconds
2024-08-01 13:20:59,730 - INFO - Evaluate candidate [0.6409252  0.89739745] on subset size 1.000000
2024-08-01 13:20:59,731 - INFO - Configuration achieved a performance of 4.681617 with cost 1.000000
2024-08-01 13:20:59,731 - INFO - Evaluation of this configuration took 0.001000 seconds
2024-08-01 13:20:59,733 - INFO - Start iteration 39 ... 
2024-08-01 13:21:01,603 - INFO - Current incumbent [0.         0.87921072 1.        ] with estimated performance 3.676429
2024-08-01 13:21:40,896 - INFO - Optimization overhead was 41.163802 seconds
2024-08-01 13:21:40,896 - INFO - Evaluate candidate [0.         0.98093636] on subset size 4.000000
2024-08-01 13:21:40,897 - INFO - Configuration achieved a performance of 1.198904 with cost 5.000000
2024-08-01 13:21:40,897 - INFO - Evaluation of this configuration took 0.001001 seconds
2024-08-01 13:21:40,899 - INFO - Start iteration 40 ... 
2024-08-01 13:21:42,863 - INFO - Current incumbent [0.         0.98093636 1.        ] with estimated performance 3.317400
2024-08-01 13:22:22,153 - INFO - Optimization overhead was 41.253466 seconds
2024-08-01 13:22:22,154 - INFO - Evaluate candidate [0.75407768 0.98298728] on subset size 4.000000
2024-08-01 13:22:22,154 - INFO - Configuration achieved a performance of 4.217808 with cost 5.000000
2024-08-01 13:22:22,154 - INFO - Evaluation of this configuration took 0.000000 seconds
2024-08-01 13:22:22,157 - INFO - Start iteration 41 ... 
2024-08-01 13:22:24,066 - INFO - Current incumbent [0.         0.98093636 1.        ] with estimated performance 3.315332
2024-08-01 13:23:04,859 - INFO - Optimization overhead was 42.702085 seconds
2024-08-01 13:23:04,860 - INFO - Evaluate candidate [0.40841442 0.97216021] on subset size 5.000000
2024-08-01 13:23:04,860 - INFO - Configuration achieved a performance of 4.990882 with cost 5.000000
2024-08-01 13:23:04,860 - INFO - Evaluation of this configuration took 0.000000 seconds
2024-08-01 13:23:04,863 - INFO - Start iteration 42 ... 
2024-08-01 13:23:06,946 - INFO - Current incumbent [0.         0.98093636 1.        ] with estimated performance 3.316013
2024-08-01 13:23:47,468 - INFO - Optimization overhead was 42.604995 seconds
2024-08-01 13:23:47,469 - INFO - Evaluate candidate [0.59165425 0.94966487] on subset size 1.000000
2024-08-01 13:23:47,469 - INFO - Configuration achieved a performance of 4.577820 with cost 1.000000
2024-08-01 13:23:47,469 - INFO - Evaluation of this configuration took 0.000000 seconds
2024-08-01 13:23:47,472 - INFO - Start iteration 43 ... 
2024-08-01 13:23:49,517 - INFO - Current incumbent [0.         0.98093636 1.        ] with estimated performance 3.316804
2024-08-01 13:24:30,641 - INFO - Optimization overhead was 43.169486 seconds
2024-08-01 13:24:30,642 - INFO - Evaluate candidate [0.37191453 0.80215814] on subset size 1.000000
2024-08-01 13:24:30,642 - INFO - Configuration achieved a performance of 5.903399 with cost 1.000000
2024-08-01 13:24:30,642 - INFO - Evaluation of this configuration took 0.000000 seconds
2024-08-01 13:24:30,645 - INFO - Start iteration 44 ... 
2024-08-01 13:24:32,703 - INFO - Current incumbent [0.         0.98093636 1.        ] with estimated performance 3.317090
2024-08-01 13:25:14,399 - INFO - Optimization overhead was 43.753132 seconds
2024-08-01 13:25:14,400 - INFO - Evaluate candidate [0.0640745  0.89735925] on subset size 4.000000
2024-08-01 13:25:14,400 - INFO - Configuration achieved a performance of 3.872938 with cost 5.000000
2024-08-01 13:25:14,400 - INFO - Evaluation of this configuration took 0.000000 seconds
2024-08-01 13:25:14,403 - INFO - Start iteration 45 ... 
2024-08-01 13:25:16,393 - INFO - Current incumbent [0.         0.98093636 1.        ] with estimated performance 3.317271
2024-08-01 13:25:58,958 - INFO - Optimization overhead was 44.555315 seconds
2024-08-01 13:25:58,959 - INFO - Evaluate candidate [0.63285052 0.95063777] on subset size 5.000000
2024-08-01 13:25:58,959 - INFO - Configuration achieved a performance of 4.497522 with cost 5.000000
2024-08-01 13:25:58,959 - INFO - Evaluation of this configuration took 0.000000 seconds
2024-08-01 13:25:58,962 - INFO - Start iteration 46 ... 
2024-08-01 13:26:00,970 - INFO - Current incumbent [0.         0.98093636 1.        ] with estimated performance 3.317182
2024-08-01 13:26:43,500 - INFO - Optimization overhead was 44.537841 seconds
2024-08-01 13:26:43,501 - INFO - Evaluate candidate [0.4776507  0.78795684] on subset size 1.000000
2024-08-01 13:26:43,501 - INFO - Configuration achieved a performance of 5.576438 with cost 1.000000
2024-08-01 13:26:43,501 - INFO - Evaluation of this configuration took 0.000000 seconds
2024-08-01 13:26:43,504 - INFO - Start iteration 47 ... 
2024-08-01 13:26:45,572 - INFO - Current incumbent [0.         0.98093636 1.        ] with estimated performance 3.317939
2024-08-01 13:27:28,123 - INFO - Optimization overhead was 44.619399 seconds
2024-08-01 13:27:28,123 - INFO - Evaluate candidate [0.92330803 0.93317521] on subset size 5.000000
2024-08-01 13:27:28,124 - INFO - Configuration achieved a performance of 4.255017 with cost 5.000000
2024-08-01 13:27:28,124 - INFO - Evaluation of this configuration took 0.001000 seconds
2024-08-01 13:27:28,126 - INFO - Start iteration 48 ... 
2024-08-01 13:27:30,105 - INFO - Current incumbent [0.         0.98093636 1.        ] with estimated performance 3.317484
2024-08-01 13:28:13,305 - INFO - Optimization overhead was 45.178832 seconds
2024-08-01 13:28:13,306 - INFO - Evaluate candidate [0.72943591 0.27404053] on subset size 1.000000
2024-08-01 13:28:13,306 - INFO - Configuration achieved a performance of 8.929360 with cost 1.000000
2024-08-01 13:28:13,306 - INFO - Evaluation of this configuration took 0.000000 seconds
2024-08-01 13:28:13,309 - INFO - Start iteration 49 ... 
2024-08-01 13:28:15,252 - INFO - Current incumbent [0.         0.98093636 1.        ] with estimated performance 3.317154
2024-08-01 13:28:58,131 - INFO - Optimization overhead was 44.822251 seconds
2024-08-01 13:28:58,131 - INFO - Evaluate candidate [0.34013451 0.57550828] on subset size 1.000000
2024-08-01 13:28:58,132 - INFO - Configuration achieved a performance of 7.554369 with cost 1.000000
2024-08-01 13:28:58,132 - INFO - Evaluation of this configuration took 0.000000 seconds
2024-08-01 13:28:58,134 - INFO - Start iteration 50 ... 
2024-08-01 13:29:00,671 - INFO - Current incumbent [0.         0.98093636 1.        ] with estimated performance 3.318656
2024-08-01 13:29:43,335 - INFO - Optimization overhead was 45.200807 seconds
2024-08-01 13:29:43,335 - INFO - Evaluate candidate [0.92015005 0.96893061] on subset size 1.000000
2024-08-01 13:29:43,336 - INFO - Configuration achieved a performance of 4.135794 with cost 1.000000
2024-08-01 13:29:43,336 - INFO - Evaluation of this configuration took 0.001001 seconds
2024-08-01 13:29:43,338 - INFO - Start iteration 51 ... 
2024-08-01 13:29:45,820 - INFO - Current incumbent [0.         0.98093636 1.        ] with estimated performance 3.317161
2024-08-01 13:30:33,108 - INFO - Optimization overhead was 49.768511 seconds
2024-08-01 13:30:33,109 - INFO - Evaluate candidate [0.94140437 0.9044112 ] on subset size 1.000000
2024-08-01 13:30:33,109 - INFO - Configuration achieved a performance of 4.346465 with cost 1.000000
2024-08-01 13:30:33,109 - INFO - Evaluation of this configuration took 0.000000 seconds
2024-08-01 13:30:33,112 - INFO - Start iteration 52 ... 
2024-08-01 13:30:35,731 - INFO - Current incumbent [0.         0.98093636 1.        ] with estimated performance 3.318782
2024-08-01 13:31:23,812 - INFO - Optimization overhead was 50.700536 seconds
2024-08-01 13:31:23,813 - INFO - Evaluate candidate [0.03459728 0.50966453] on subset size 4.000000
2024-08-01 13:31:23,813 - INFO - Configuration achieved a performance of 4.061748 with cost 5.000000
2024-08-01 13:31:23,813 - INFO - Evaluation of this configuration took 0.000000 seconds
2024-08-01 13:31:23,816 - INFO - Start iteration 53 ... 
2024-08-01 13:31:26,359 - INFO - Current incumbent [0.         0.98093636 1.        ] with estimated performance 3.317001
2024-08-01 13:32:14,330 - INFO - Optimization overhead was 50.513452 seconds
2024-08-01 13:32:14,330 - INFO - Evaluate candidate [0.67917234 0.88569152] on subset size 3.000000
2024-08-01 13:32:14,330 - INFO - Configuration achieved a performance of 4.664372 with cost 5.000000
2024-08-01 13:32:14,330 - INFO - Evaluation of this configuration took 0.000000 seconds
2024-08-01 13:32:14,333 - INFO - Start iteration 54 ... 
2024-08-01 13:32:16,939 - INFO - Current incumbent [0.         0.98093636 1.        ] with estimated performance 3.316933
2024-08-01 13:33:05,464 - INFO - Optimization overhead was 51.131352 seconds
2024-08-01 13:33:05,464 - INFO - Evaluate candidate [0.71608379 0.98675341] on subset size 4.000000
2024-08-01 13:33:05,464 - INFO - Configuration achieved a performance of 4.249387 with cost 5.000000
2024-08-01 13:33:05,465 - INFO - Evaluation of this configuration took 0.000000 seconds
2024-08-01 13:33:05,467 - INFO - Start iteration 55 ... 
2024-08-01 13:33:08,104 - INFO - Current incumbent [0.         0.98093636 1.        ] with estimated performance 3.316602
2024-08-01 13:33:56,862 - INFO - Optimization overhead was 51.393691 seconds
2024-08-01 13:33:56,863 - INFO - Evaluate candidate [0.48780582 0.70492027] on subset size 1.000000
2024-08-01 13:33:56,863 - INFO - Configuration achieved a performance of 5.993378 with cost 1.000000
2024-08-01 13:33:56,863 - INFO - Evaluation of this configuration took 0.000000 seconds
2024-08-01 13:33:56,866 - INFO - Start iteration 56 ... 
2024-08-01 13:33:59,488 - INFO - Current incumbent [0.         0.98093636 1.        ] with estimated performance 3.316689
2024-08-01 13:34:49,097 - INFO - Optimization overhead was 52.231006 seconds
2024-08-01 13:34:49,098 - INFO - Evaluate candidate [0.07890552 1.        ] on subset size 5.000000
2024-08-01 13:34:49,098 - INFO - Configuration achieved a performance of 3.990157 with cost 5.000000
2024-08-01 13:34:49,098 - INFO - Evaluation of this configuration took 0.000000 seconds
2024-08-01 13:34:49,102 - INFO - Start iteration 57 ... 
2024-08-01 13:34:51,836 - INFO - Current incumbent [0.         0.98093636 1.        ] with estimated performance 3.318652
2024-08-01 13:35:41,395 - INFO - Optimization overhead was 52.292992 seconds
2024-08-01 13:35:41,395 - INFO - Evaluate candidate [0.77335396 0.3616084 ] on subset size 1.000000
2024-08-01 13:35:41,396 - INFO - Configuration achieved a performance of 7.885864 with cost 1.000000
2024-08-01 13:35:41,396 - INFO - Evaluation of this configuration took 0.000999 seconds
2024-08-01 13:35:41,400 - INFO - Start iteration 58 ... 
2024-08-01 13:35:44,159 - INFO - Current incumbent [0.         0.98093636 1.        ] with estimated performance 3.318156
2024-08-01 13:36:34,072 - INFO - Optimization overhead was 52.671988 seconds
2024-08-01 13:36:34,072 - INFO - Evaluate candidate [0.64828032 0.69423808] on subset size 1.000000
2024-08-01 13:36:34,072 - INFO - Configuration achieved a performance of 5.610654 with cost 1.000000
2024-08-01 13:36:34,073 - INFO - Evaluation of this configuration took 0.000000 seconds
2024-08-01 13:36:34,076 - INFO - Start iteration 59 ... 
2024-08-01 13:36:37,067 - INFO - Current incumbent [0.         0.98093636 1.        ] with estimated performance 3.318149
2024-08-01 13:37:27,048 - INFO - Optimization overhead was 52.972598 seconds
2024-08-01 13:37:27,048 - INFO - Evaluate candidate [0.02953424 0.4239631 ] on subset size 5.000000
2024-08-01 13:37:27,049 - INFO - Configuration achieved a performance of 4.161531 with cost 5.000000
2024-08-01 13:37:27,049 - INFO - Evaluation of this configuration took 0.001000 seconds
2024-08-01 13:37:27,052 - INFO - Start iteration 60 ... 
2024-08-01 13:37:30,012 - INFO - Current incumbent [0.         0.98093636 1.        ] with estimated performance 3.318040
2024-08-01 13:38:20,319 - INFO - Optimization overhead was 53.267136 seconds
2024-08-01 13:38:20,319 - INFO - Evaluate candidate [0.80998473 0.92811395] on subset size 4.000000
2024-08-01 13:38:20,320 - INFO - Configuration achieved a performance of 4.350399 with cost 5.000000
2024-08-01 13:38:20,320 - INFO - Evaluation of this configuration took 0.001001 seconds
2024-08-01 13:38:20,323 - INFO - Start iteration 61 ... 
2024-08-01 13:38:23,280 - INFO - Current incumbent [0.         0.98093636 1.        ] with estimated performance 3.317070
2024-08-01 13:39:13,996 - INFO - Optimization overhead was 53.671878 seconds
2024-08-01 13:39:13,996 - INFO - Evaluate candidate [0.00257268 0.14444027] on subset size 4.000000
2024-08-01 13:39:13,996 - INFO - Configuration achieved a performance of 3.165893 with cost 5.000000
2024-08-01 13:39:13,996 - INFO - Evaluation of this configuration took 0.000000 seconds
2024-08-01 13:39:14,000 - INFO - Start iteration 62 ... 
2024-08-01 13:39:17,016 - INFO - Current incumbent [0.         0.98093636 1.        ] with estimated performance 3.329315
