2024-07-23 11:37:16,023 - INFO - Config:{'seed': 0, 'data_model': <class 'Data_simulation.Real_Application.VibratePlate.VibPlate'>, 'cost_type': 'pow_10', 'MF_model': 'CMF_CAR_dkl', 'Acq_function': 'cfKG', 'total_fidelity_num': 2, 'initial_index': {0: 10, 1: 4}, 'BO_iterations': 10, 'MF_iterations': 200, 'MF_learning_rate': 0.01, 'args': Namespace(data_name='VibratePlate', cost_type='pow_10')}
2024-07-23 11:37:16,023 - INFO - Starting experiment with data_name: VibratePlate
2024-07-23 11:37:16,023 - INFO - Starting seed: 0
2024-07-23 11:37:16,023 - INFO - Using MF model: CMF_CAR_dkl
2024-07-23 11:37:16,023 - INFO - Using acquisition function: cfKG
2024-07-23 11:37:56,501 - INFO - Starting iteration 1
2024-07-23 11:39:23,591 - INFO - Optimization finished 0 times. New x: tensor([[2.3524e+11, 4.9589e-01, 7.2657e+03]], dtype=torch.float64), New s: tensor([[0.4396]]), New y: 206.77841805173966
2024-07-23 11:39:29,402 - INFO - Cost of iteration 0: 52.0
2024-07-23 11:39:29,402 - INFO - Starting iteration 2
2024-07-23 11:39:31,761 - INFO - Optimization finished 1 times. New x: tensor([[4.8484e+11, 4.0030e-01, 6.6096e+03]], dtype=torch.float64), New s: tensor([[0.3242]]), New y: 193.82006823924385
2024-07-23 11:39:37,550 - INFO - Cost of iteration 1: 54.0
2024-07-23 11:39:37,550 - INFO - Starting iteration 3
2024-07-23 11:39:40,197 - INFO - Optimization finished 2 times. New x: tensor([[3.1503e+11, 2.3308e-01, 6.4510e+03]], dtype=torch.float64), New s: tensor([[0.4536]]), New y: 149.08105649391533
2024-07-23 11:39:45,998 - INFO - Cost of iteration 2: 56.0
2024-07-23 11:39:45,999 - INFO - Starting iteration 4
2024-07-23 11:39:48,843 - INFO - Optimization finished 3 times. New x: tensor([[2.0410e+11, 4.9304e-01, 7.8664e+03]], dtype=torch.float64), New s: tensor([[0.1637]]), New y: 185.30551644248527
2024-07-23 11:39:54,643 - INFO - Cost of iteration 3: 57.0
2024-07-23 11:39:54,643 - INFO - Starting iteration 5
2024-07-23 11:39:57,677 - INFO - Optimization finished 4 times. New x: tensor([[1.4510e+11, 5.9550e-01, 6.9429e+03]], dtype=torch.float64), New s: tensor([[0.0670]]), New y: 116.08298496277459
2024-07-23 11:40:03,844 - INFO - Cost of iteration 4: 58.0
2024-07-23 11:40:03,844 - INFO - Starting iteration 6
2024-07-23 11:40:09,711 - INFO - Optimization finished 5 times. New x: tensor([[1.7386e+11, 5.7817e-01, 7.6092e+03]], dtype=torch.float64), New s: tensor([[0.7852]]), New y: 118.45301409611653
2024-07-23 11:40:15,782 - INFO - Cost of iteration 5: 64.0
2024-07-23 11:40:15,782 - INFO - Starting iteration 7
2024-07-23 11:40:18,824 - INFO - Optimization finished 6 times. New x: tensor([[1.7256e+11, 5.8356e-01, 8.9175e+03]], dtype=torch.float64), New s: tensor([[0.3001]]), New y: 127.02534140030279
2024-07-23 11:40:24,942 - INFO - Cost of iteration 6: 65.0
2024-07-23 11:40:24,942 - INFO - Starting iteration 8
2024-07-23 11:40:28,226 - INFO - Optimization finished 7 times. New x: tensor([[4.8356e+11, 4.9175e-01, 7.3645e+03]], dtype=torch.float64), New s: tensor([[0.4168]]), New y: 193.78322241580838
2024-07-23 11:40:33,997 - INFO - Cost of iteration 7: 67.0
2024-07-23 11:40:33,998 - INFO - Starting iteration 9
2024-07-23 11:40:36,931 - INFO - Optimization finished 8 times. New x: tensor([[3.9175e+11, 3.3645e-01, 6.0261e+03]], dtype=torch.float64), New s: tensor([[0.2256]]), New y: 177.7116966325069
2024-07-23 11:40:42,619 - INFO - Cost of iteration 8: 68.0
2024-07-23 11:40:42,619 - INFO - Starting iteration 10
2024-07-23 11:40:49,163 - INFO - Optimization finished 9 times. New x: tensor([[4.0481e+11, 5.4971e-01, 8.8084e+03]], dtype=torch.float64), New s: tensor([[0.8872]]), New y: 163.24262068304162
2024-07-23 11:40:55,019 - INFO - Cost of iteration 9: 75.0
2024-07-23 11:40:55,019 - INFO - Starting iteration 11
2024-07-23 11:40:59,630 - INFO - Optimization finished 10 times. New x: tensor([[1.0261e+11, 5.6658e-01, 9.0026e+03]], dtype=torch.float64), New s: tensor([[0.7022]]), New y: 119.40028630093114
2024-07-23 11:41:05,818 - INFO - Cost of iteration 10: 80.0
2024-07-23 11:41:05,818 - INFO - Starting iteration 12
2024-07-23 11:41:13,098 - INFO - Optimization finished 11 times. New x: tensor([[4.6658e+11, 5.0026e-01, 6.8715e+03]], dtype=torch.float64), New s: tensor([[0.9274]]), New y: 199.20862670387618
2024-07-23 11:41:19,028 - INFO - Cost of iteration 11: 88.0
2024-07-23 11:41:19,028 - INFO - Starting iteration 13
2024-07-23 11:41:21,907 - INFO - Optimization finished 12 times. New x: tensor([[1.8603e+11, 4.7755e-01, 6.1183e+03]], dtype=torch.float64), New s: tensor([[0.0186]]), New y: 201.0228273699221
2024-07-23 11:41:27,824 - INFO - Cost of iteration 12: 89.0
2024-07-23 11:41:27,824 - INFO - Starting iteration 14
2024-07-23 11:41:34,649 - INFO - Optimization finished 13 times. New x: tensor([[1.8715e+11, 5.6466e-01, 6.9280e+03]], dtype=torch.float64), New s: tensor([[0.8800]]), New y: 127.39838949741798
2024-07-23 11:41:40,848 - INFO - Cost of iteration 13: 96.0
2024-07-23 11:41:40,848 - INFO - Starting iteration 15
2024-07-23 11:41:48,852 - INFO - Optimization finished 14 times. New x: tensor([[1.1183e+11, 4.6776e-01, 8.1885e+03]], dtype=torch.float64), New s: tensor([[0.9735]]), New y: 129.3184899213485
2024-07-23 11:41:54,883 - INFO - Cost of iteration 14: 105.0
2024-07-23 11:41:54,884 - INFO - Starting iteration 16
2024-07-23 11:41:58,152 - INFO - Optimization finished 15 times. New x: tensor([[3.6776e+11, 4.1885e-01, 6.3133e+03]], dtype=torch.float64), New s: tensor([[0.5064]]), New y: 173.89535493712796
2024-07-23 11:42:03,991 - INFO - Cost of iteration 15: 108.0
2024-07-23 11:42:03,991 - INFO - Starting iteration 17
2024-07-23 11:42:09,363 - INFO - Optimization finished 16 times. New x: tensor([[3.1885e+11, 2.3133e-01, 8.9082e+03]], dtype=torch.float64), New s: tensor([[0.7690]]), New y: 192.85015669308447
2024-07-23 11:42:15,361 - INFO - Cost of iteration 16: 113.0
2024-07-23 11:42:15,361 - INFO - Starting iteration 18
2024-07-23 11:42:18,375 - INFO - Optimization finished 17 times. New x: tensor([[3.4924e+11, 5.2942e-01, 6.0148e+03]], dtype=torch.float64), New s: tensor([[0.0128]]), New y: 186.77843923330778
2024-07-23 11:42:24,218 - INFO - Cost of iteration 17: 114.0
2024-07-23 11:42:24,218 - INFO - Starting iteration 19
2024-07-23 11:42:31,484 - INFO - Optimization finished 18 times. New x: tensor([[2.6944e+11, 5.1063e-01, 7.2646e+03]], dtype=torch.float64), New s: tensor([[0.9319]]), New y: 217.11532256904974
2024-07-23 11:42:37,425 - INFO - Cost of iteration 18: 122.0
2024-07-23 11:42:37,425 - INFO - Starting iteration 20
2024-07-23 11:42:41,131 - INFO - Optimization finished 19 times. New x: tensor([[1.0148e+11, 3.3784e-01, 7.2890e+03]], dtype=torch.float64), New s: tensor([[0.5511]]), New y: 125.19672902370193
2024-07-23 11:42:47,336 - INFO - Cost of iteration 19: 125.0
2024-07-23 11:42:47,336 - INFO - Starting iteration 21
2024-07-23 11:42:50,469 - INFO - Optimization finished 20 times. New x: tensor([[2.3784e+11, 3.2890e-01, 6.2251e+03]], dtype=torch.float64), New s: tensor([[0.0195]]), New y: 208.4353882369015
2024-07-23 11:42:56,423 - INFO - Cost of iteration 20: 126.0
2024-07-23 11:42:56,423 - INFO - Starting iteration 22
2024-07-23 11:43:04,289 - INFO - Optimization finished 21 times. New x: tensor([[3.0624e+11, 2.5927e-01, 6.8103e+03]], dtype=torch.float64), New s: tensor([[0.9296]]), New y: 217.14432736359134
2024-07-23 11:43:10,875 - INFO - Cost of iteration 21: 134.0
2024-07-23 11:43:10,875 - INFO - Starting iteration 23
2024-07-23 11:43:14,468 - INFO - Optimization finished 22 times. New x: tensor([[1.5927e+11, 2.8103e-01, 6.4097e+03]], dtype=torch.float64), New s: tensor([[0.3993]]), New y: 164.9587364821825
2024-07-23 11:43:21,552 - INFO - Cost of iteration 22: 136.0
2024-07-23 11:43:21,552 - INFO - Starting iteration 24
2024-07-23 11:43:29,256 - INFO - Optimization finished 23 times. New x: tensor([[1.8103e+11, 2.4097e-01, 7.5616e+03]], dtype=torch.float64), New s: tensor([[0.9361]]), New y: 157.78340242806206
2024-07-23 11:43:35,249 - INFO - Cost of iteration 23: 144.0
2024-07-23 11:43:35,249 - INFO - Starting iteration 25
2024-07-23 11:43:41,281 - INFO - Optimization finished 24 times. New x: tensor([[2.3763e+11, 5.2727e-01, 7.9702e+03]], dtype=torch.float64), New s: tensor([[0.8309]]), New y: 137.46383153327645
2024-07-23 11:43:47,190 - INFO - Cost of iteration 24: 150.0
2024-07-23 11:43:47,201 - INFO - Config:{'seed': 1, 'data_model': <class 'Data_simulation.Real_Application.VibratePlate.VibPlate'>, 'cost_type': 'pow_10', 'MF_model': 'CMF_CAR_dkl', 'Acq_function': 'cfKG', 'total_fidelity_num': 2, 'initial_index': {0: 10, 1: 4}, 'BO_iterations': 10, 'MF_iterations': 200, 'MF_learning_rate': 0.01, 'args': Namespace(data_name='VibratePlate', cost_type='pow_10')}
2024-07-23 11:43:47,202 - INFO - Starting experiment with data_name: VibratePlate
2024-07-23 11:43:47,202 - INFO - Starting seed: 1
2024-07-23 11:43:47,202 - INFO - Using MF model: CMF_CAR_dkl
2024-07-23 11:43:47,202 - INFO - Using acquisition function: cfKG
2024-07-23 11:44:31,402 - INFO - Starting iteration 1
2024-07-23 11:45:58,057 - INFO - Optimization finished 0 times. New x: tensor([[4.8484e+11, 4.0030e-01, 6.6096e+03]], dtype=torch.float64), New s: tensor([[0.3242]]), New y: 193.82006823924385
2024-07-23 11:46:03,921 - INFO - Cost of iteration 0: 52.0
2024-07-23 11:46:03,921 - INFO - Starting iteration 2
2024-07-23 11:46:06,344 - INFO - Optimization finished 1 times. New x: tensor([[3.1503e+11, 2.3308e-01, 6.4510e+03]], dtype=torch.float64), New s: tensor([[0.4536]]), New y: 149.08105649391533
2024-07-23 11:46:12,150 - INFO - Cost of iteration 1: 54.0
2024-07-23 11:46:12,150 - INFO - Starting iteration 3
2024-07-23 11:46:15,409 - INFO - Optimization finished 2 times. New x: tensor([[1.6096e+11, 4.8798e-01, 6.7386e+03]], dtype=torch.float64), New s: tensor([[0.5769]]), New y: 177.1185876595737
2024-07-23 11:46:21,149 - INFO - Cost of iteration 2: 57.0
2024-07-23 11:46:21,149 - INFO - Starting iteration 4
2024-07-23 11:46:24,135 - INFO - Optimization finished 3 times. New x: tensor([[1.4510e+11, 5.9550e-01, 6.9429e+03]], dtype=torch.float64), New s: tensor([[0.0670]]), New y: 116.08298496277459
2024-07-23 11:46:30,378 - INFO - Cost of iteration 3: 58.0
2024-07-23 11:46:30,378 - INFO - Starting iteration 5
2024-07-23 11:46:34,857 - INFO - Optimization finished 4 times. New x: tensor([[4.9550e+11, 2.9429e-01, 7.6834e+03]], dtype=torch.float64), New s: tensor([[0.6892]]), New y: 173.34854053110726
2024-07-23 11:46:40,569 - INFO - Cost of iteration 4: 62.0
2024-07-23 11:46:40,569 - INFO - Starting iteration 6
2024-07-23 11:46:43,626 - INFO - Optimization finished 5 times. New x: tensor([[4.7817e+11, 3.6092e-01, 6.8448e+03]], dtype=torch.float64), New s: tensor([[0.3767]]), New y: 185.90310386992147
2024-07-23 11:46:49,462 - INFO - Cost of iteration 5: 64.0
2024-07-23 11:46:49,462 - INFO - Starting iteration 7
2024-07-23 11:46:52,845 - INFO - Optimization finished 6 times. New x: tensor([[4.8356e+11, 4.9175e-01, 7.3645e+03]], dtype=torch.float64), New s: tensor([[0.4168]]), New y: 193.78322241580838
2024-07-23 11:46:58,769 - INFO - Cost of iteration 6: 66.0
2024-07-23 11:46:58,769 - INFO - Starting iteration 8
2024-07-23 11:47:01,964 - INFO - Optimization finished 7 times. New x: tensor([[3.9175e+11, 3.3645e-01, 6.0261e+03]], dtype=torch.float64), New s: tensor([[0.2256]]), New y: 177.7116966325069
2024-07-23 11:47:07,816 - INFO - Cost of iteration 7: 67.0
2024-07-23 11:47:07,816 - INFO - Starting iteration 9
2024-07-23 11:47:12,227 - INFO - Optimization finished 8 times. New x: tensor([[3.4783e+11, 3.8063e-01, 8.7415e+03]], dtype=torch.float64), New s: tensor([[0.6716]]), New y: 214.04252479516384
2024-07-23 11:47:18,236 - INFO - Cost of iteration 8: 71.0
2024-07-23 11:47:18,236 - INFO - Starting iteration 10
2024-07-23 11:47:24,522 - INFO - Optimization finished 9 times. New x: tensor([[4.4971e+11, 4.8084e-01, 6.8603e+03]], dtype=torch.float64), New s: tensor([[0.8531]]), New y: 188.0996068386257
2024-07-23 11:47:30,250 - INFO - Cost of iteration 9: 78.0
2024-07-23 11:47:30,250 - INFO - Starting iteration 11
2024-07-23 11:47:37,446 - INFO - Optimization finished 10 times. New x: tensor([[4.6658e+11, 5.0026e-01, 6.8715e+03]], dtype=torch.float64), New s: tensor([[0.9274]]), New y: 199.20862670387618
2024-07-23 11:47:43,371 - INFO - Cost of iteration 10: 86.0
2024-07-23 11:47:43,371 - INFO - Starting iteration 12
2024-07-23 11:47:46,277 - INFO - Optimization finished 11 times. New x: tensor([[1.8603e+11, 4.7755e-01, 6.1183e+03]], dtype=torch.float64), New s: tensor([[0.0186]]), New y: 201.0228273699221
2024-07-23 11:47:51,987 - INFO - Cost of iteration 11: 87.0
2024-07-23 11:47:51,987 - INFO - Starting iteration 13
2024-07-23 11:47:55,582 - INFO - Optimization finished 12 times. New x: tensor([[3.7755e+11, 2.1183e-01, 8.6776e+03]], dtype=torch.float64), New s: tensor([[0.5706]]), New y: 213.53479108176373
2024-07-23 11:48:01,865 - INFO - Cost of iteration 12: 90.0
2024-07-23 11:48:01,866 - INFO - Starting iteration 14
2024-07-23 11:48:09,752 - INFO - Optimization finished 13 times. New x: tensor([[1.1183e+11, 4.6776e-01, 8.1885e+03]], dtype=torch.float64), New s: tensor([[0.9735]]), New y: 129.3184899213485
2024-07-23 11:48:15,810 - INFO - Cost of iteration 13: 99.0
2024-07-23 11:48:15,810 - INFO - Starting iteration 15
2024-07-23 11:48:19,370 - INFO - Optimization finished 14 times. New x: tensor([[3.6776e+11, 4.1885e-01, 6.3133e+03]], dtype=torch.float64), New s: tensor([[0.5064]]), New y: 173.89535493712796
2024-07-23 11:48:25,354 - INFO - Cost of iteration 14: 102.0
2024-07-23 11:48:25,354 - INFO - Starting iteration 16
2024-07-23 11:48:31,078 - INFO - Optimization finished 15 times. New x: tensor([[3.1885e+11, 2.3133e-01, 8.9082e+03]], dtype=torch.float64), New s: tensor([[0.7690]]), New y: 192.85015669308447
2024-07-23 11:48:37,013 - INFO - Cost of iteration 15: 107.0
2024-07-23 11:48:37,013 - INFO - Starting iteration 17
2024-07-23 11:48:40,306 - INFO - Optimization finished 16 times. New x: tensor([[3.4924e+11, 5.2942e-01, 6.0148e+03]], dtype=torch.float64), New s: tensor([[0.0128]]), New y: 186.77843923330778
2024-07-23 11:48:46,067 - INFO - Cost of iteration 16: 108.0
2024-07-23 11:48:46,067 - INFO - Starting iteration 18
2024-07-23 11:48:53,519 - INFO - Optimization finished 17 times. New x: tensor([[2.6944e+11, 5.1063e-01, 7.2646e+03]], dtype=torch.float64), New s: tensor([[0.9319]]), New y: 217.11532256904974
2024-07-23 11:48:59,330 - INFO - Cost of iteration 17: 116.0
2024-07-23 11:48:59,330 - INFO - Starting iteration 19
2024-07-23 11:49:03,151 - INFO - Optimization finished 18 times. New x: tensor([[1.0148e+11, 3.3784e-01, 7.2890e+03]], dtype=torch.float64), New s: tensor([[0.5511]]), New y: 125.19672902370193
2024-07-23 11:49:09,217 - INFO - Cost of iteration 18: 119.0
2024-07-23 11:49:09,217 - INFO - Starting iteration 20
2024-07-23 11:49:12,522 - INFO - Optimization finished 19 times. New x: tensor([[2.3784e+11, 3.2890e-01, 6.2251e+03]], dtype=torch.float64), New s: tensor([[0.0195]]), New y: 208.4353882369015
2024-07-23 11:49:18,486 - INFO - Cost of iteration 19: 120.0
2024-07-23 11:49:18,486 - INFO - Starting iteration 21
2024-07-23 11:49:26,456 - INFO - Optimization finished 20 times. New x: tensor([[3.0624e+11, 2.5927e-01, 6.8103e+03]], dtype=torch.float64), New s: tensor([[0.9296]]), New y: 217.14432736359134
2024-07-23 11:49:32,578 - INFO - Cost of iteration 20: 128.0
2024-07-23 11:49:32,578 - INFO - Starting iteration 22
2024-07-23 11:49:36,169 - INFO - Optimization finished 21 times. New x: tensor([[1.5927e+11, 2.8103e-01, 6.4097e+03]], dtype=torch.float64), New s: tensor([[0.3993]]), New y: 164.9587364821825
2024-07-23 11:49:42,230 - INFO - Cost of iteration 21: 130.0
2024-07-23 11:49:42,230 - INFO - Starting iteration 23
2024-07-23 11:49:49,578 - INFO - Optimization finished 22 times. New x: tensor([[1.8103e+11, 2.4097e-01, 7.5616e+03]], dtype=torch.float64), New s: tensor([[0.9361]]), New y: 157.78340242806206
2024-07-23 11:49:55,525 - INFO - Cost of iteration 22: 138.0
2024-07-23 11:49:55,526 - INFO - Starting iteration 24
2024-07-23 11:49:58,847 - INFO - Optimization finished 23 times. New x: tensor([[4.2226e+11, 3.9783e-01, 6.2801e+03]], dtype=torch.float64), New s: tensor([[0.3858]]), New y: 185.3100756033786
2024-07-23 11:50:04,758 - INFO - Cost of iteration 23: 140.0
2024-07-23 11:50:04,758 - INFO - Starting iteration 25
2024-07-23 11:50:09,700 - INFO - Optimization finished 24 times. New x: tensor([[2.9783e+11, 2.2801e-01, 6.6282e+03]], dtype=torch.float64), New s: tensor([[0.7124]]), New y: 216.48341069489322
2024-07-23 11:50:15,567 - INFO - Cost of iteration 24: 145.0
2024-07-23 11:50:15,567 - INFO - Starting iteration 26
2024-07-23 11:50:18,943 - INFO - Optimization finished 25 times. New x: tensor([[2.9702e+11, 4.9308e-01, 7.1486e+03]], dtype=torch.float64), New s: tensor([[0.3853]]), New y: 155.1274361593824
2024-07-23 11:50:24,830 - INFO - Cost of iteration 25: 147.0
2024-07-23 11:50:24,830 - INFO - Starting iteration 27
2024-07-23 11:50:28,144 - INFO - Optimization finished 26 times. New x: tensor([[3.9308e+11, 3.1486e-01, 6.0229e+03]], dtype=torch.float64), New s: tensor([[0.0994]]), New y: 176.86341770722132
2024-07-23 11:50:34,109 - INFO - Cost of iteration 26: 148.0
2024-07-23 11:50:34,109 - INFO - Starting iteration 28
2024-07-23 11:50:37,576 - INFO - Optimization finished 27 times. New x: tensor([[2.1486e+11, 2.0229e-01, 6.5454e+03]], dtype=torch.float64), New s: tensor([[0.1505]]), New y: 186.25239131474106
2024-07-23 11:50:43,592 - INFO - Cost of iteration 27: 149.0
2024-07-23 11:50:43,592 - INFO - Starting iteration 29
2024-07-23 11:50:46,916 - INFO - Optimization finished 28 times. New x: tensor([[1.0229e+11, 2.5454e-01, 6.4866e+03]], dtype=torch.float64), New s: tensor([[0.0762]]), New y: 130.67897177696105
2024-07-23 11:50:52,760 - INFO - Cost of iteration 28: 150.0
2024-07-23 11:50:52,767 - INFO - Config:{'seed': 2, 'data_model': <class 'Data_simulation.Real_Application.VibratePlate.VibPlate'>, 'cost_type': 'pow_10', 'MF_model': 'CMF_CAR_dkl', 'Acq_function': 'cfKG', 'total_fidelity_num': 2, 'initial_index': {0: 10, 1: 4}, 'BO_iterations': 10, 'MF_iterations': 200, 'MF_learning_rate': 0.01, 'args': Namespace(data_name='VibratePlate', cost_type='pow_10')}
2024-07-23 11:50:52,767 - INFO - Starting experiment with data_name: VibratePlate
2024-07-23 11:50:52,767 - INFO - Starting seed: 2
2024-07-23 11:50:52,767 - INFO - Using MF model: CMF_CAR_dkl
2024-07-23 11:50:52,767 - INFO - Using acquisition function: cfKG
2024-07-23 11:51:35,783 - INFO - Starting iteration 1
2024-07-23 11:53:02,943 - INFO - Optimization finished 0 times. New x: tensor([[3.1503e+11, 2.3308e-01, 6.4510e+03]], dtype=torch.float64), New s: tensor([[0.4536]]), New y: 149.08105649391533
2024-07-23 11:53:08,844 - INFO - Cost of iteration 0: 52.0
2024-07-23 11:53:08,844 - INFO - Starting iteration 2
2024-07-23 11:53:12,011 - INFO - Optimization finished 1 times. New x: tensor([[1.6096e+11, 4.8798e-01, 6.7386e+03]], dtype=torch.float64), New s: tensor([[0.5769]]), New y: 177.1185876595737
2024-07-23 11:53:18,039 - INFO - Cost of iteration 1: 55.0
2024-07-23 11:53:18,039 - INFO - Starting iteration 3
2024-07-23 11:53:20,970 - INFO - Optimization finished 2 times. New x: tensor([[1.4510e+11, 5.9550e-01, 6.9429e+03]], dtype=torch.float64), New s: tensor([[0.0670]]), New y: 116.08298496277459
2024-07-23 11:53:27,283 - INFO - Cost of iteration 2: 56.0
2024-07-23 11:53:27,284 - INFO - Starting iteration 4
2024-07-23 11:53:33,123 - INFO - Optimization finished 3 times. New x: tensor([[2.8664e+11, 2.7256e-01, 9.8356e+03]], dtype=torch.float64), New s: tensor([[0.8005]]), New y: 175.6776469040895
2024-07-23 11:53:39,169 - INFO - Cost of iteration 3: 62.0
2024-07-23 11:53:39,169 - INFO - Starting iteration 5
2024-07-23 11:53:42,261 - INFO - Optimization finished 4 times. New x: tensor([[4.7817e+11, 3.6092e-01, 6.8448e+03]], dtype=torch.float64), New s: tensor([[0.3767]]), New y: 185.90310386992147
2024-07-23 11:53:47,953 - INFO - Cost of iteration 4: 64.0
2024-07-23 11:53:47,953 - INFO - Starting iteration 6
2024-07-23 11:53:51,479 - INFO - Optimization finished 5 times. New x: tensor([[4.8356e+11, 4.9175e-01, 7.3645e+03]], dtype=torch.float64), New s: tensor([[0.4168]]), New y: 193.78322241580838
2024-07-23 11:53:57,485 - INFO - Cost of iteration 5: 66.0
2024-07-23 11:53:57,485 - INFO - Starting iteration 7
2024-07-23 11:54:00,609 - INFO - Optimization finished 6 times. New x: tensor([[3.9175e+11, 3.3645e-01, 6.0261e+03]], dtype=torch.float64), New s: tensor([[0.2256]]), New y: 177.7116966325069
2024-07-23 11:54:06,529 - INFO - Cost of iteration 6: 67.0
2024-07-23 11:54:06,529 - INFO - Starting iteration 8
2024-07-23 11:54:09,864 - INFO - Optimization finished 7 times. New x: tensor([[2.3645e+11, 2.0261e-01, 9.6658e+03]], dtype=torch.float64), New s: tensor([[0.0340]]), New y: 160.72691019735137
2024-07-23 11:54:16,000 - INFO - Cost of iteration 7: 68.0
2024-07-23 11:54:16,000 - INFO - Starting iteration 9
2024-07-23 11:54:21,059 - INFO - Optimization finished 8 times. New x: tensor([[1.0261e+11, 5.6658e-01, 9.0026e+03]], dtype=torch.float64), New s: tensor([[0.7022]]), New y: 119.40028630093114
2024-07-23 11:54:27,562 - INFO - Cost of iteration 8: 73.0
2024-07-23 11:54:27,562 - INFO - Starting iteration 10
2024-07-23 11:54:35,370 - INFO - Optimization finished 9 times. New x: tensor([[4.6658e+11, 5.0026e-01, 6.8715e+03]], dtype=torch.float64), New s: tensor([[0.9274]]), New y: 199.20862670387618
2024-07-23 11:54:41,719 - INFO - Cost of iteration 9: 81.0
2024-07-23 11:54:41,719 - INFO - Starting iteration 11
2024-07-23 11:54:45,089 - INFO - Optimization finished 10 times. New x: tensor([[1.8603e+11, 4.7755e-01, 6.1183e+03]], dtype=torch.float64), New s: tensor([[0.0186]]), New y: 201.0228273699221
2024-07-23 11:54:51,283 - INFO - Cost of iteration 10: 82.0
2024-07-23 11:54:51,284 - INFO - Starting iteration 12
2024-07-23 11:54:55,319 - INFO - Optimization finished 11 times. New x: tensor([[3.7755e+11, 2.1183e-01, 8.6776e+03]], dtype=torch.float64), New s: tensor([[0.5706]]), New y: 213.53479108176373
2024-07-23 11:55:01,549 - INFO - Cost of iteration 11: 85.0
2024-07-23 11:55:01,549 - INFO - Starting iteration 13
2024-07-23 11:55:09,841 - INFO - Optimization finished 12 times. New x: tensor([[1.1183e+11, 4.6776e-01, 8.1885e+03]], dtype=torch.float64), New s: tensor([[0.9735]]), New y: 129.3184899213485
2024-07-23 11:55:16,378 - INFO - Cost of iteration 12: 94.0
2024-07-23 11:55:16,378 - INFO - Starting iteration 14
2024-07-23 11:55:20,169 - INFO - Optimization finished 13 times. New x: tensor([[3.6776e+11, 4.1885e-01, 6.3133e+03]], dtype=torch.float64), New s: tensor([[0.5064]]), New y: 173.89535493712796
2024-07-23 11:55:26,311 - INFO - Cost of iteration 13: 97.0
2024-07-23 11:55:26,311 - INFO - Starting iteration 15
2024-07-23 11:55:32,347 - INFO - Optimization finished 14 times. New x: tensor([[3.1885e+11, 2.3133e-01, 8.9082e+03]], dtype=torch.float64), New s: tensor([[0.7690]]), New y: 192.85015669308447
2024-07-23 11:55:38,541 - INFO - Cost of iteration 14: 102.0
2024-07-23 11:55:38,541 - INFO - Starting iteration 16
2024-07-23 11:55:41,999 - INFO - Optimization finished 15 times. New x: tensor([[3.4924e+11, 5.2942e-01, 6.0148e+03]], dtype=torch.float64), New s: tensor([[0.0128]]), New y: 186.77843923330778
2024-07-23 11:55:48,142 - INFO - Cost of iteration 15: 103.0
2024-07-23 11:55:48,143 - INFO - Starting iteration 17
2024-07-23 11:55:51,577 - INFO - Optimization finished 16 times. New x: tensor([[4.2942e+11, 2.0148e-01, 7.3784e+03]], dtype=torch.float64), New s: tensor([[0.0800]]), New y: 162.0857593181978
2024-07-23 11:55:57,759 - INFO - Cost of iteration 16: 104.0
2024-07-23 11:55:57,760 - INFO - Starting iteration 18
2024-07-23 11:56:01,964 - INFO - Optimization finished 17 times. New x: tensor([[1.0148e+11, 3.3784e-01, 7.2890e+03]], dtype=torch.float64), New s: tensor([[0.5511]]), New y: 125.19672902370193
2024-07-23 11:56:08,396 - INFO - Cost of iteration 17: 107.0
2024-07-23 11:56:08,396 - INFO - Starting iteration 19
2024-07-23 11:56:11,830 - INFO - Optimization finished 18 times. New x: tensor([[2.3784e+11, 3.2890e-01, 6.2251e+03]], dtype=torch.float64), New s: tensor([[0.0195]]), New y: 208.4353882369015
2024-07-23 11:56:17,923 - INFO - Cost of iteration 18: 108.0
2024-07-23 11:56:17,923 - INFO - Starting iteration 20
2024-07-23 11:56:25,991 - INFO - Optimization finished 19 times. New x: tensor([[3.0624e+11, 2.5927e-01, 6.8103e+03]], dtype=torch.float64), New s: tensor([[0.9296]]), New y: 217.14432736359134
2024-07-23 11:56:32,159 - INFO - Cost of iteration 19: 116.0
2024-07-23 11:56:32,159 - INFO - Starting iteration 21
2024-07-23 11:56:35,789 - INFO - Optimization finished 20 times. New x: tensor([[1.5927e+11, 2.8103e-01, 6.4097e+03]], dtype=torch.float64), New s: tensor([[0.3993]]), New y: 164.9587364821825
2024-07-23 11:56:42,197 - INFO - Cost of iteration 20: 118.0
2024-07-23 11:56:42,198 - INFO - Starting iteration 22
2024-07-23 11:56:45,807 - INFO - Optimization finished 21 times. New x: tensor([[3.2748e+11, 5.2226e-01, 7.9783e+03]], dtype=torch.float64), New s: tensor([[0.1252]]), New y: 200.18969784793393
2024-07-23 11:56:52,085 - INFO - Cost of iteration 21: 119.0
2024-07-23 11:56:52,086 - INFO - Starting iteration 23
2024-07-23 11:56:55,686 - INFO - Optimization finished 22 times. New x: tensor([[4.2226e+11, 3.9783e-01, 6.2801e+03]], dtype=torch.float64), New s: tensor([[0.3858]]), New y: 185.3100756033786
2024-07-23 11:57:02,070 - INFO - Cost of iteration 22: 121.0
2024-07-23 11:57:02,070 - INFO - Starting iteration 24
2024-07-23 11:57:07,441 - INFO - Optimization finished 23 times. New x: tensor([[2.9783e+11, 2.2801e-01, 6.6282e+03]], dtype=torch.float64), New s: tensor([[0.7124]]), New y: 216.48341069489322
2024-07-23 11:57:13,751 - INFO - Cost of iteration 23: 126.0
2024-07-23 11:57:13,751 - INFO - Starting iteration 25
2024-07-23 11:57:17,763 - INFO - Optimization finished 24 times. New x: tensor([[1.2801e+11, 2.6282e-01, 8.9982e+03]], dtype=torch.float64), New s: tensor([[0.4761]]), New y: 123.8242052155748
2024-07-23 11:57:24,089 - INFO - Cost of iteration 24: 128.0
2024-07-23 11:57:24,089 - INFO - Starting iteration 26
2024-07-23 11:57:27,732 - INFO - Optimization finished 25 times. New x: tensor([[3.9308e+11, 3.1486e-01, 6.0229e+03]], dtype=torch.float64), New s: tensor([[0.0994]]), New y: 176.86341770722132
2024-07-23 11:57:34,156 - INFO - Cost of iteration 25: 129.0
2024-07-23 11:57:34,156 - INFO - Starting iteration 27
2024-07-23 11:57:37,697 - INFO - Optimization finished 26 times. New x: tensor([[2.1486e+11, 2.0229e-01, 6.5454e+03]], dtype=torch.float64), New s: tensor([[0.1505]]), New y: 186.25239131474106
2024-07-23 11:57:43,603 - INFO - Cost of iteration 26: 130.0
2024-07-23 11:57:43,603 - INFO - Starting iteration 28
2024-07-23 11:57:46,841 - INFO - Optimization finished 27 times. New x: tensor([[1.0229e+11, 2.5454e-01, 6.4866e+03]], dtype=torch.float64), New s: tensor([[0.0762]]), New y: 130.67897177696105
2024-07-23 11:57:52,749 - INFO - Cost of iteration 27: 131.0
2024-07-23 11:57:52,750 - INFO - Starting iteration 29
2024-07-23 11:57:56,158 - INFO - Optimization finished 28 times. New x: tensor([[3.0939e+11, 3.3366e-01, 6.1426e+03]], dtype=torch.float64), New s: tensor([[0.3907]]), New y: 156.1735157283927
2024-07-23 11:58:02,161 - INFO - Cost of iteration 28: 133.0
2024-07-23 11:58:02,162 - INFO - Starting iteration 30
2024-07-23 11:58:06,006 - INFO - Optimization finished 29 times. New x: tensor([[2.3366e+11, 2.1426e-01, 6.4416e+03]], dtype=torch.float64), New s: tensor([[0.5799]]), New y: 195.26046146328574
2024-07-23 11:58:12,292 - INFO - Cost of iteration 29: 136.0
2024-07-23 11:58:12,292 - INFO - Starting iteration 31
2024-07-23 11:58:16,081 - INFO - Optimization finished 30 times. New x: tensor([[2.2138e+11, 5.5143e-01, 6.2952e+03]], dtype=torch.float64), New s: tensor([[0.4805]]), New y: 148.19707054098484
2024-07-23 11:58:22,096 - INFO - Cost of iteration 30: 139.0
2024-07-23 11:58:22,097 - INFO - Starting iteration 32
2024-07-23 11:58:29,859 - INFO - Optimization finished 31 times. New x: tensor([[4.5143e+11, 2.2952e-01, 9.6481e+03]], dtype=torch.float64), New s: tensor([[0.9796]]), New y: 219.9514627118361
2024-07-23 11:58:35,906 - INFO - Cost of iteration 31: 148.0
2024-07-23 11:58:35,906 - INFO - Starting iteration 33
2024-07-23 11:58:39,196 - INFO - Optimization finished 32 times. New x: tensor([[1.2952e+11, 5.6481e-01, 7.7649e+03]], dtype=torch.float64), New s: tensor([[0.2423]]), New y: 129.65169808417332
2024-07-23 11:58:45,536 - INFO - Cost of iteration 32: 149.0
2024-07-23 11:58:45,537 - INFO - Starting iteration 34
2024-07-23 11:58:49,636 - INFO - Optimization finished 33 times. New x: tensor([[4.0801e+11, 4.9383e-01, 7.4680e+03]], dtype=torch.float64), New s: tensor([[0.6364]]), New y: 177.1357701230056
2024-07-23 11:58:55,394 - INFO - Cost of iteration 33: 153.0
2024-07-23 11:58:55,400 - INFO - Config:{'seed': 3, 'data_model': <class 'Data_simulation.Real_Application.VibratePlate.VibPlate'>, 'cost_type': 'pow_10', 'MF_model': 'CMF_CAR_dkl', 'Acq_function': 'cfKG', 'total_fidelity_num': 2, 'initial_index': {0: 10, 1: 4}, 'BO_iterations': 10, 'MF_iterations': 200, 'MF_learning_rate': 0.01, 'args': Namespace(data_name='VibratePlate', cost_type='pow_10')}
2024-07-23 11:58:55,400 - INFO - Starting experiment with data_name: VibratePlate
2024-07-23 11:58:55,401 - INFO - Starting seed: 3
2024-07-23 11:58:55,401 - INFO - Using MF model: CMF_CAR_dkl
2024-07-23 11:58:55,401 - INFO - Using acquisition function: cfKG
2024-07-23 11:59:36,933 - INFO - Starting iteration 1
2024-07-23 12:01:02,878 - INFO - Optimization finished 0 times. New x: tensor([[1.3308e+11, 2.4510e-01, 9.9550e+03]], dtype=torch.float64), New s: tensor([[0.4753]]), New y: 119.49248089409953
2024-07-23 12:01:09,055 - INFO - Cost of iteration 0: 52.0
2024-07-23 12:01:09,055 - INFO - Starting iteration 2
2024-07-23 12:01:11,383 - INFO - Optimization finished 1 times. New x: tensor([[1.4510e+11, 5.9550e-01, 6.9429e+03]], dtype=torch.float64), New s: tensor([[0.0670]]), New y: 116.08298496277459
2024-07-23 12:01:17,583 - INFO - Cost of iteration 1: 53.0
2024-07-23 12:01:17,583 - INFO - Starting iteration 3
2024-07-23 12:01:22,735 - INFO - Optimization finished 2 times. New x: tensor([[2.8664e+11, 2.7256e-01, 9.8356e+03]], dtype=torch.float64), New s: tensor([[0.8005]]), New y: 175.6776469040895
2024-07-23 12:01:28,707 - INFO - Cost of iteration 2: 59.0
2024-07-23 12:01:28,707 - INFO - Starting iteration 4
2024-07-23 12:01:31,537 - INFO - Optimization finished 3 times. New x: tensor([[4.7817e+11, 3.6092e-01, 6.8448e+03]], dtype=torch.float64), New s: tensor([[0.3767]]), New y: 185.90310386992147
2024-07-23 12:01:37,231 - INFO - Cost of iteration 3: 61.0
2024-07-23 12:01:37,231 - INFO - Starting iteration 5
2024-07-23 12:01:40,172 - INFO - Optimization finished 4 times. New x: tensor([[2.6092e+11, 2.8448e-01, 9.0481e+03]], dtype=torch.float64), New s: tensor([[0.3683]]), New y: 177.98036966529278
2024-07-23 12:01:46,075 - INFO - Cost of iteration 4: 63.0
2024-07-23 12:01:46,075 - INFO - Starting iteration 6
2024-07-23 12:01:49,002 - INFO - Optimization finished 5 times. New x: tensor([[3.9175e+11, 3.3645e-01, 6.0261e+03]], dtype=torch.float64), New s: tensor([[0.2256]]), New y: 177.7116966325069
2024-07-23 12:01:54,732 - INFO - Cost of iteration 5: 64.0
2024-07-23 12:01:54,732 - INFO - Starting iteration 7
2024-07-23 12:02:01,134 - INFO - Optimization finished 6 times. New x: tensor([[4.0481e+11, 5.4971e-01, 8.8084e+03]], dtype=torch.float64), New s: tensor([[0.8872]]), New y: 163.24262068304162
2024-07-23 12:02:06,999 - INFO - Cost of iteration 6: 71.0
2024-07-23 12:02:07,000 - INFO - Starting iteration 8
2024-07-23 12:02:13,068 - INFO - Optimization finished 7 times. New x: tensor([[4.4971e+11, 4.8084e-01, 6.8603e+03]], dtype=torch.float64), New s: tensor([[0.8531]]), New y: 188.0996068386257
2024-07-23 12:02:18,717 - INFO - Cost of iteration 7: 78.0
2024-07-23 12:02:18,717 - INFO - Starting iteration 9
2024-07-23 12:02:25,541 - INFO - Optimization finished 8 times. New x: tensor([[4.6658e+11, 5.0026e-01, 6.8715e+03]], dtype=torch.float64), New s: tensor([[0.9274]]), New y: 199.20862670387618
2024-07-23 12:02:31,420 - INFO - Cost of iteration 8: 86.0
2024-07-23 12:02:31,420 - INFO - Starting iteration 10
2024-07-23 12:02:33,983 - INFO - Optimization finished 9 times. New x: tensor([[1.8603e+11, 4.7755e-01, 6.1183e+03]], dtype=torch.float64), New s: tensor([[0.0186]]), New y: 201.0228273699221
2024-07-23 12:02:39,767 - INFO - Cost of iteration 9: 87.0
2024-07-23 12:02:39,767 - INFO - Starting iteration 11
2024-07-23 12:02:46,266 - INFO - Optimization finished 10 times. New x: tensor([[1.8715e+11, 5.6466e-01, 6.9280e+03]], dtype=torch.float64), New s: tensor([[0.8800]]), New y: 127.39838949741798
2024-07-23 12:02:52,267 - INFO - Cost of iteration 10: 94.0
2024-07-23 12:02:52,267 - INFO - Starting iteration 12
2024-07-23 12:02:59,567 - INFO - Optimization finished 11 times. New x: tensor([[1.1183e+11, 4.6776e-01, 8.1885e+03]], dtype=torch.float64), New s: tensor([[0.9735]]), New y: 129.3184899213485
2024-07-23 12:03:05,548 - INFO - Cost of iteration 11: 103.0
2024-07-23 12:03:05,548 - INFO - Starting iteration 13
2024-07-23 12:03:08,670 - INFO - Optimization finished 12 times. New x: tensor([[3.6776e+11, 4.1885e-01, 6.3133e+03]], dtype=torch.float64), New s: tensor([[0.5064]]), New y: 173.89535493712796
2024-07-23 12:03:14,545 - INFO - Cost of iteration 12: 106.0
2024-07-23 12:03:14,545 - INFO - Starting iteration 14
2024-07-23 12:03:19,942 - INFO - Optimization finished 13 times. New x: tensor([[3.1885e+11, 2.3133e-01, 8.9082e+03]], dtype=torch.float64), New s: tensor([[0.7690]]), New y: 192.85015669308447
2024-07-23 12:03:25,723 - INFO - Cost of iteration 13: 111.0
2024-07-23 12:03:25,723 - INFO - Starting iteration 15
2024-07-23 12:03:28,485 - INFO - Optimization finished 14 times. New x: tensor([[3.4924e+11, 5.2942e-01, 6.0148e+03]], dtype=torch.float64), New s: tensor([[0.0128]]), New y: 186.77843923330778
2024-07-23 12:03:34,222 - INFO - Cost of iteration 14: 112.0
2024-07-23 12:03:34,222 - INFO - Starting iteration 16
2024-07-23 12:03:41,360 - INFO - Optimization finished 15 times. New x: tensor([[2.6944e+11, 5.1063e-01, 7.2646e+03]], dtype=torch.float64), New s: tensor([[0.9319]]), New y: 217.11532256904974
2024-07-23 12:03:47,139 - INFO - Cost of iteration 15: 120.0
2024-07-23 12:03:47,140 - INFO - Starting iteration 17
2024-07-23 12:03:50,539 - INFO - Optimization finished 16 times. New x: tensor([[1.0148e+11, 3.3784e-01, 7.2890e+03]], dtype=torch.float64), New s: tensor([[0.5511]]), New y: 125.19672902370193
2024-07-23 12:03:56,513 - INFO - Cost of iteration 16: 123.0
2024-07-23 12:03:56,514 - INFO - Starting iteration 18
2024-07-23 12:03:59,430 - INFO - Optimization finished 17 times. New x: tensor([[2.3784e+11, 3.2890e-01, 6.2251e+03]], dtype=torch.float64), New s: tensor([[0.0195]]), New y: 208.4353882369015
2024-07-23 12:04:05,204 - INFO - Cost of iteration 17: 124.0
2024-07-23 12:04:05,204 - INFO - Starting iteration 19
2024-07-23 12:04:12,481 - INFO - Optimization finished 18 times. New x: tensor([[3.0624e+11, 2.5927e-01, 6.8103e+03]], dtype=torch.float64), New s: tensor([[0.9296]]), New y: 217.14432736359134
2024-07-23 12:04:18,308 - INFO - Cost of iteration 18: 132.0
2024-07-23 12:04:18,308 - INFO - Starting iteration 20
2024-07-23 12:04:21,128 - INFO - Optimization finished 19 times. New x: tensor([[1.5927e+11, 2.8103e-01, 6.4097e+03]], dtype=torch.float64), New s: tensor([[0.3993]]), New y: 164.9587364821825
2024-07-23 12:04:27,032 - INFO - Cost of iteration 19: 134.0
2024-07-23 12:04:27,032 - INFO - Starting iteration 21
2024-07-23 12:04:34,092 - INFO - Optimization finished 20 times. New x: tensor([[1.8103e+11, 2.4097e-01, 7.5616e+03]], dtype=torch.float64), New s: tensor([[0.9361]]), New y: 157.78340242806206
2024-07-23 12:04:39,990 - INFO - Cost of iteration 20: 142.0
2024-07-23 12:04:39,990 - INFO - Starting iteration 22
2024-07-23 12:04:42,867 - INFO - Optimization finished 21 times. New x: tensor([[4.2226e+11, 3.9783e-01, 6.2801e+03]], dtype=torch.float64), New s: tensor([[0.3858]]), New y: 185.3100756033786
2024-07-23 12:04:48,738 - INFO - Cost of iteration 21: 144.0
2024-07-23 12:04:48,738 - INFO - Starting iteration 23
2024-07-23 12:04:53,304 - INFO - Optimization finished 22 times. New x: tensor([[2.9783e+11, 2.2801e-01, 6.6282e+03]], dtype=torch.float64), New s: tensor([[0.7124]]), New y: 216.48341069489322
2024-07-23 12:04:59,144 - INFO - Cost of iteration 22: 149.0
2024-07-23 12:04:59,144 - INFO - Starting iteration 24
2024-07-23 12:05:02,384 - INFO - Optimization finished 23 times. New x: tensor([[3.3508e+11, 5.5292e-01, 7.7021e+03]], dtype=torch.float64), New s: tensor([[0.4590]]), New y: 197.25601034935866
2024-07-23 12:05:08,251 - INFO - Cost of iteration 23: 151.0
2024-07-23 12:05:08,256 - INFO - Config:{'seed': 4, 'data_model': <class 'Data_simulation.Real_Application.VibratePlate.VibPlate'>, 'cost_type': 'pow_10', 'MF_model': 'CMF_CAR_dkl', 'Acq_function': 'cfKG', 'total_fidelity_num': 2, 'initial_index': {0: 10, 1: 4}, 'BO_iterations': 10, 'MF_iterations': 200, 'MF_learning_rate': 0.01, 'args': Namespace(data_name='VibratePlate', cost_type='pow_10')}
2024-07-23 12:05:08,256 - INFO - Starting experiment with data_name: VibratePlate
2024-07-23 12:05:08,256 - INFO - Starting seed: 4
2024-07-23 12:05:08,256 - INFO - Using MF model: CMF_CAR_dkl
2024-07-23 12:05:08,256 - INFO - Using acquisition function: cfKG
2024-07-23 12:05:49,638 - INFO - Starting iteration 1
2024-07-23 12:07:17,230 - INFO - Optimization finished 0 times. New x: tensor([[3.9304e+11, 3.8664e-01, 6.7256e+03]], dtype=torch.float64), New s: tensor([[0.8405]]), New y: 169.770604042858
2024-07-23 12:07:23,135 - INFO - Cost of iteration 0: 56.0
2024-07-23 12:07:23,135 - INFO - Starting iteration 2
2024-07-23 12:07:28,173 - INFO - Optimization finished 1 times. New x: tensor([[1.7386e+11, 5.7817e-01, 7.6092e+03]], dtype=torch.float64), New s: tensor([[0.7852]]), New y: 118.45301409611653
2024-07-23 12:07:34,276 - INFO - Cost of iteration 1: 62.0
2024-07-23 12:07:34,276 - INFO - Starting iteration 3
2024-07-23 12:07:36,736 - INFO - Optimization finished 2 times. New x: tensor([[4.7817e+11, 3.6092e-01, 6.8448e+03]], dtype=torch.float64), New s: tensor([[0.3767]]), New y: 185.90310386992147
2024-07-23 12:07:42,436 - INFO - Cost of iteration 2: 64.0
2024-07-23 12:07:42,436 - INFO - Starting iteration 4
2024-07-23 12:07:45,369 - INFO - Optimization finished 3 times. New x: tensor([[4.8356e+11, 4.9175e-01, 7.3645e+03]], dtype=torch.float64), New s: tensor([[0.4168]]), New y: 193.78322241580838
2024-07-23 12:07:51,148 - INFO - Cost of iteration 3: 66.0
2024-07-23 12:07:51,148 - INFO - Starting iteration 5
2024-07-23 12:07:53,869 - INFO - Optimization finished 4 times. New x: tensor([[3.9175e+11, 3.3645e-01, 6.0261e+03]], dtype=torch.float64), New s: tensor([[0.2256]]), New y: 177.7116966325069
2024-07-23 12:07:59,571 - INFO - Cost of iteration 4: 67.0
2024-07-23 12:07:59,571 - INFO - Starting iteration 6
2024-07-23 12:08:02,311 - INFO - Optimization finished 5 times. New x: tensor([[2.3645e+11, 2.0261e-01, 9.6658e+03]], dtype=torch.float64), New s: tensor([[0.0340]]), New y: 160.72691019735137
2024-07-23 12:08:08,311 - INFO - Cost of iteration 5: 68.0
2024-07-23 12:08:08,311 - INFO - Starting iteration 7
2024-07-23 12:08:14,427 - INFO - Optimization finished 6 times. New x: tensor([[4.4971e+11, 4.8084e-01, 6.8603e+03]], dtype=torch.float64), New s: tensor([[0.8531]]), New y: 188.0996068386257
2024-07-23 12:08:20,131 - INFO - Cost of iteration 6: 75.0
2024-07-23 12:08:20,131 - INFO - Starting iteration 8
2024-07-23 12:08:26,875 - INFO - Optimization finished 7 times. New x: tensor([[4.6658e+11, 5.0026e-01, 6.8715e+03]], dtype=torch.float64), New s: tensor([[0.9274]]), New y: 199.20862670387618
2024-07-23 12:08:32,715 - INFO - Cost of iteration 7: 83.0
2024-07-23 12:08:32,715 - INFO - Starting iteration 9
2024-07-23 12:08:35,337 - INFO - Optimization finished 8 times. New x: tensor([[1.8603e+11, 4.7755e-01, 6.1183e+03]], dtype=torch.float64), New s: tensor([[0.0186]]), New y: 201.0228273699221
2024-07-23 12:08:41,163 - INFO - Cost of iteration 8: 84.0
2024-07-23 12:08:41,163 - INFO - Starting iteration 10
2024-07-23 12:08:44,530 - INFO - Optimization finished 9 times. New x: tensor([[3.7755e+11, 2.1183e-01, 8.6776e+03]], dtype=torch.float64), New s: tensor([[0.5706]]), New y: 213.53479108176373
2024-07-23 12:08:50,370 - INFO - Cost of iteration 9: 87.0
2024-07-23 12:08:50,370 - INFO - Starting iteration 11
2024-07-23 12:08:57,756 - INFO - Optimization finished 10 times. New x: tensor([[1.1183e+11, 4.6776e-01, 8.1885e+03]], dtype=torch.float64), New s: tensor([[0.9735]]), New y: 129.3184899213485
2024-07-23 12:09:03,699 - INFO - Cost of iteration 10: 96.0
2024-07-23 12:09:03,700 - INFO - Starting iteration 12
2024-07-23 12:09:06,674 - INFO - Optimization finished 11 times. New x: tensor([[3.6776e+11, 4.1885e-01, 6.3133e+03]], dtype=torch.float64), New s: tensor([[0.5064]]), New y: 173.89535493712796
2024-07-23 12:09:12,523 - INFO - Cost of iteration 11: 99.0
2024-07-23 12:09:12,525 - INFO - Starting iteration 13
2024-07-23 12:09:17,794 - INFO - Optimization finished 12 times. New x: tensor([[3.1885e+11, 2.3133e-01, 8.9082e+03]], dtype=torch.float64), New s: tensor([[0.7690]]), New y: 192.85015669308447
2024-07-23 12:09:23,540 - INFO - Cost of iteration 12: 104.0
2024-07-23 12:09:23,540 - INFO - Starting iteration 14
2024-07-23 12:09:26,245 - INFO - Optimization finished 13 times. New x: tensor([[3.4924e+11, 5.2942e-01, 6.0148e+03]], dtype=torch.float64), New s: tensor([[0.0128]]), New y: 186.77843923330778
2024-07-23 12:09:31,964 - INFO - Cost of iteration 13: 105.0
2024-07-23 12:09:31,964 - INFO - Starting iteration 15
2024-07-23 12:09:39,131 - INFO - Optimization finished 14 times. New x: tensor([[2.6944e+11, 5.1063e-01, 7.2646e+03]], dtype=torch.float64), New s: tensor([[0.9319]]), New y: 217.11532256904974
2024-07-23 12:09:44,971 - INFO - Cost of iteration 14: 113.0
2024-07-23 12:09:44,971 - INFO - Starting iteration 16
2024-07-23 12:09:48,358 - INFO - Optimization finished 15 times. New x: tensor([[1.0148e+11, 3.3784e-01, 7.2890e+03]], dtype=torch.float64), New s: tensor([[0.5511]]), New y: 125.19672902370193
2024-07-23 12:09:54,361 - INFO - Cost of iteration 15: 116.0
2024-07-23 12:09:54,361 - INFO - Starting iteration 17
2024-07-23 12:09:57,152 - INFO - Optimization finished 16 times. New x: tensor([[2.3784e+11, 3.2890e-01, 6.2251e+03]], dtype=torch.float64), New s: tensor([[0.0195]]), New y: 208.4353882369015
2024-07-23 12:10:02,907 - INFO - Cost of iteration 16: 117.0
2024-07-23 12:10:02,907 - INFO - Starting iteration 18
2024-07-23 12:10:10,260 - INFO - Optimization finished 17 times. New x: tensor([[3.0624e+11, 2.5927e-01, 6.8103e+03]], dtype=torch.float64), New s: tensor([[0.9296]]), New y: 217.14432736359134
2024-07-23 12:10:16,089 - INFO - Cost of iteration 17: 125.0
2024-07-23 12:10:16,089 - INFO - Starting iteration 19
2024-07-23 12:10:18,956 - INFO - Optimization finished 18 times. New x: tensor([[1.5927e+11, 2.8103e-01, 6.4097e+03]], dtype=torch.float64), New s: tensor([[0.3993]]), New y: 164.9587364821825
2024-07-23 12:10:24,893 - INFO - Cost of iteration 18: 127.0
2024-07-23 12:10:24,894 - INFO - Starting iteration 20
2024-07-23 12:10:28,421 - INFO - Optimization finished 19 times. New x: tensor([[4.8902e+11, 3.3763e-01, 9.2727e+03]], dtype=torch.float64), New s: tensor([[0.6489]]), New y: 159.55632513557046
2024-07-23 12:10:34,047 - INFO - Cost of iteration 19: 131.0
2024-07-23 12:10:34,048 - INFO - Starting iteration 21
2024-07-23 12:10:39,720 - INFO - Optimization finished 20 times. New x: tensor([[2.3763e+11, 5.2727e-01, 7.9702e+03]], dtype=torch.float64), New s: tensor([[0.8309]]), New y: 137.46383153327645
2024-07-23 12:10:45,635 - INFO - Cost of iteration 20: 137.0
2024-07-23 12:10:45,635 - INFO - Starting iteration 22
2024-07-23 12:10:50,094 - INFO - Optimization finished 21 times. New x: tensor([[2.9783e+11, 2.2801e-01, 6.6282e+03]], dtype=torch.float64), New s: tensor([[0.7124]]), New y: 216.48341069489322
2024-07-23 12:10:55,920 - INFO - Cost of iteration 21: 142.0
2024-07-23 12:10:55,920 - INFO - Starting iteration 23
2024-07-23 12:10:59,155 - INFO - Optimization finished 22 times. New x: tensor([[1.2801e+11, 2.6282e-01, 8.9982e+03]], dtype=torch.float64), New s: tensor([[0.4761]]), New y: 123.8242052155748
2024-07-23 12:11:04,998 - INFO - Cost of iteration 22: 144.0
2024-07-23 12:11:04,998 - INFO - Starting iteration 24
2024-07-23 12:11:07,888 - INFO - Optimization finished 23 times. New x: tensor([[3.9308e+11, 3.1486e-01, 6.0229e+03]], dtype=torch.float64), New s: tensor([[0.0994]]), New y: 176.86341770722132
2024-07-23 12:11:13,714 - INFO - Cost of iteration 23: 145.0
2024-07-23 12:11:13,714 - INFO - Starting iteration 25
2024-07-23 12:11:16,665 - INFO - Optimization finished 24 times. New x: tensor([[2.1486e+11, 2.0229e-01, 6.5454e+03]], dtype=torch.float64), New s: tensor([[0.1505]]), New y: 186.25239131474106
2024-07-23 12:11:22,480 - INFO - Cost of iteration 24: 146.0
2024-07-23 12:11:22,481 - INFO - Starting iteration 26
2024-07-23 12:11:25,407 - INFO - Optimization finished 25 times. New x: tensor([[1.0229e+11, 2.5454e-01, 6.4866e+03]], dtype=torch.float64), New s: tensor([[0.0762]]), New y: 130.67897177696105
2024-07-23 12:11:31,184 - INFO - Cost of iteration 25: 147.0
2024-07-23 12:11:31,184 - INFO - Starting iteration 27
2024-07-23 12:11:34,205 - INFO - Optimization finished 26 times. New x: tensor([[3.0939e+11, 3.3366e-01, 6.1426e+03]], dtype=torch.float64), New s: tensor([[0.3907]]), New y: 156.1735157283927
2024-07-23 12:11:39,906 - INFO - Cost of iteration 26: 149.0
2024-07-23 12:11:39,906 - INFO - Starting iteration 28
2024-07-23 12:11:43,313 - INFO - Optimization finished 27 times. New x: tensor([[2.3366e+11, 2.1426e-01, 6.4416e+03]], dtype=torch.float64), New s: tensor([[0.5799]]), New y: 195.26046146328574
2024-07-23 12:11:49,107 - INFO - Cost of iteration 27: 152.0
2024-07-23 12:11:49,112 - INFO - Config:{'seed': 5, 'data_model': <class 'Data_simulation.Real_Application.VibratePlate.VibPlate'>, 'cost_type': 'pow_10', 'MF_model': 'CMF_CAR_dkl', 'Acq_function': 'cfKG', 'total_fidelity_num': 2, 'initial_index': {0: 10, 1: 4}, 'BO_iterations': 10, 'MF_iterations': 200, 'MF_learning_rate': 0.01, 'args': Namespace(data_name='VibratePlate', cost_type='pow_10')}
2024-07-23 12:11:49,113 - INFO - Starting experiment with data_name: VibratePlate
2024-07-23 12:11:49,113 - INFO - Starting seed: 5
2024-07-23 12:11:49,113 - INFO - Using MF model: CMF_CAR_dkl
2024-07-23 12:11:49,113 - INFO - Using acquisition function: cfKG
2024-07-23 12:12:29,731 - INFO - Starting iteration 1
2024-07-23 12:13:56,153 - INFO - Optimization finished 0 times. New x: tensor([[1.7386e+11, 5.7817e-01, 7.6092e+03]], dtype=torch.float64), New s: tensor([[0.7852]]), New y: 118.45301409611653
2024-07-23 12:14:02,202 - INFO - Cost of iteration 0: 56.0
2024-07-23 12:14:02,202 - INFO - Starting iteration 2
2024-07-23 12:14:04,596 - INFO - Optimization finished 1 times. New x: tensor([[1.7256e+11, 5.8356e-01, 8.9175e+03]], dtype=torch.float64), New s: tensor([[0.3001]]), New y: 127.02534140030279
2024-07-23 12:14:10,564 - INFO - Cost of iteration 1: 57.0
2024-07-23 12:14:10,564 - INFO - Starting iteration 3
2024-07-23 12:14:13,286 - INFO - Optimization finished 2 times. New x: tensor([[4.8356e+11, 4.9175e-01, 7.3645e+03]], dtype=torch.float64), New s: tensor([[0.4168]]), New y: 193.78322241580838
2024-07-23 12:14:18,970 - INFO - Cost of iteration 2: 59.0
2024-07-23 12:14:18,970 - INFO - Starting iteration 4
2024-07-23 12:14:21,575 - INFO - Optimization finished 3 times. New x: tensor([[3.9175e+11, 3.3645e-01, 6.0261e+03]], dtype=torch.float64), New s: tensor([[0.2256]]), New y: 177.7116966325069
2024-07-23 12:14:27,218 - INFO - Cost of iteration 3: 60.0
2024-07-23 12:14:27,218 - INFO - Starting iteration 5
2024-07-23 12:14:33,442 - INFO - Optimization finished 4 times. New x: tensor([[4.0481e+11, 5.4971e-01, 8.8084e+03]], dtype=torch.float64), New s: tensor([[0.8872]]), New y: 163.24262068304162
2024-07-23 12:14:39,303 - INFO - Cost of iteration 4: 67.0
2024-07-23 12:14:39,304 - INFO - Starting iteration 6
2024-07-23 12:14:43,799 - INFO - Optimization finished 5 times. New x: tensor([[1.0261e+11, 5.6658e-01, 9.0026e+03]], dtype=torch.float64), New s: tensor([[0.7022]]), New y: 119.40028630093114
2024-07-23 12:14:49,987 - INFO - Cost of iteration 5: 72.0
2024-07-23 12:14:49,987 - INFO - Starting iteration 7
2024-07-23 12:14:56,968 - INFO - Optimization finished 6 times. New x: tensor([[4.6658e+11, 5.0026e-01, 6.8715e+03]], dtype=torch.float64), New s: tensor([[0.9274]]), New y: 199.20862670387618
2024-07-23 12:15:02,866 - INFO - Cost of iteration 6: 80.0
2024-07-23 12:15:02,867 - INFO - Starting iteration 8
2024-07-23 12:15:05,480 - INFO - Optimization finished 7 times. New x: tensor([[1.8603e+11, 4.7755e-01, 6.1183e+03]], dtype=torch.float64), New s: tensor([[0.0186]]), New y: 201.0228273699221
2024-07-23 12:15:11,306 - INFO - Cost of iteration 7: 81.0
2024-07-23 12:15:11,306 - INFO - Starting iteration 9
2024-07-23 12:15:17,743 - INFO - Optimization finished 8 times. New x: tensor([[1.8715e+11, 5.6466e-01, 6.9280e+03]], dtype=torch.float64), New s: tensor([[0.8800]]), New y: 127.39838949741798
2024-07-23 12:15:23,804 - INFO - Cost of iteration 8: 88.0
2024-07-23 12:15:23,804 - INFO - Starting iteration 10
2024-07-23 12:15:31,102 - INFO - Optimization finished 9 times. New x: tensor([[1.1183e+11, 4.6776e-01, 8.1885e+03]], dtype=torch.float64), New s: tensor([[0.9735]]), New y: 129.3184899213485
2024-07-23 12:15:37,044 - INFO - Cost of iteration 9: 97.0
2024-07-23 12:15:37,044 - INFO - Starting iteration 11
2024-07-23 12:15:40,028 - INFO - Optimization finished 10 times. New x: tensor([[3.6776e+11, 4.1885e-01, 6.3133e+03]], dtype=torch.float64), New s: tensor([[0.5064]]), New y: 173.89535493712796
2024-07-23 12:15:45,755 - INFO - Cost of iteration 10: 100.0
2024-07-23 12:15:45,755 - INFO - Starting iteration 12
2024-07-23 12:15:50,865 - INFO - Optimization finished 11 times. New x: tensor([[3.1885e+11, 2.3133e-01, 8.9082e+03]], dtype=torch.float64), New s: tensor([[0.7690]]), New y: 192.85015669308447
2024-07-23 12:15:56,544 - INFO - Cost of iteration 11: 105.0
2024-07-23 12:15:56,544 - INFO - Starting iteration 13
2024-07-23 12:15:59,343 - INFO - Optimization finished 12 times. New x: tensor([[3.4924e+11, 5.2942e-01, 6.0148e+03]], dtype=torch.float64), New s: tensor([[0.0128]]), New y: 186.77843923330778
2024-07-23 12:16:05,062 - INFO - Cost of iteration 12: 106.0
2024-07-23 12:16:05,062 - INFO - Starting iteration 14
2024-07-23 12:16:11,943 - INFO - Optimization finished 13 times. New x: tensor([[2.6944e+11, 5.1063e-01, 7.2646e+03]], dtype=torch.float64), New s: tensor([[0.9319]]), New y: 217.11532256904974
2024-07-23 12:16:17,619 - INFO - Cost of iteration 13: 114.0
2024-07-23 12:16:17,619 - INFO - Starting iteration 15
2024-07-23 12:16:20,926 - INFO - Optimization finished 14 times. New x: tensor([[1.0148e+11, 3.3784e-01, 7.2890e+03]], dtype=torch.float64), New s: tensor([[0.5511]]), New y: 125.19672902370193
2024-07-23 12:16:26,807 - INFO - Cost of iteration 14: 117.0
2024-07-23 12:16:26,808 - INFO - Starting iteration 16
2024-07-23 12:16:30,289 - INFO - Optimization finished 15 times. New x: tensor([[2.2646e+11, 5.9903e-01, 6.9195e+03]], dtype=torch.float64), New s: tensor([[0.6578]]), New y: 145.52106576513182
2024-07-23 12:16:36,055 - INFO - Cost of iteration 15: 121.0
2024-07-23 12:16:36,055 - INFO - Starting iteration 17
2024-07-23 12:16:43,181 - INFO - Optimization finished 16 times. New x: tensor([[3.0624e+11, 2.5927e-01, 6.8103e+03]], dtype=torch.float64), New s: tensor([[0.9296]]), New y: 217.14432736359134
2024-07-23 12:16:48,817 - INFO - Cost of iteration 16: 129.0
2024-07-23 12:16:48,818 - INFO - Starting iteration 18
2024-07-23 12:16:51,699 - INFO - Optimization finished 17 times. New x: tensor([[1.5927e+11, 2.8103e-01, 6.4097e+03]], dtype=torch.float64), New s: tensor([[0.3993]]), New y: 164.9587364821825
2024-07-23 12:16:57,525 - INFO - Cost of iteration 17: 131.0
2024-07-23 12:16:57,526 - INFO - Starting iteration 19
2024-07-23 12:17:00,389 - INFO - Optimization finished 18 times. New x: tensor([[3.2748e+11, 5.2226e-01, 7.9783e+03]], dtype=torch.float64), New s: tensor([[0.1252]]), New y: 200.18969784793393
2024-07-23 12:17:06,060 - INFO - Cost of iteration 18: 132.0
2024-07-23 12:17:06,060 - INFO - Starting iteration 20
2024-07-23 12:17:11,749 - INFO - Optimization finished 19 times. New x: tensor([[2.3763e+11, 5.2727e-01, 7.9702e+03]], dtype=torch.float64), New s: tensor([[0.8309]]), New y: 137.46383153327645
2024-07-23 12:17:17,532 - INFO - Cost of iteration 19: 138.0
2024-07-23 12:17:17,532 - INFO - Starting iteration 21
2024-07-23 12:17:21,982 - INFO - Optimization finished 20 times. New x: tensor([[2.9783e+11, 2.2801e-01, 6.6282e+03]], dtype=torch.float64), New s: tensor([[0.7124]]), New y: 216.48341069489322
2024-07-23 12:17:27,688 - INFO - Cost of iteration 20: 143.0
2024-07-23 12:17:27,688 - INFO - Starting iteration 22
2024-07-23 12:17:30,834 - INFO - Optimization finished 21 times. New x: tensor([[3.3508e+11, 5.5292e-01, 7.7021e+03]], dtype=torch.float64), New s: tensor([[0.4590]]), New y: 197.25601034935866
2024-07-23 12:17:36,593 - INFO - Cost of iteration 21: 145.0
2024-07-23 12:17:36,594 - INFO - Starting iteration 23
2024-07-23 12:17:39,535 - INFO - Optimization finished 22 times. New x: tensor([[3.9308e+11, 3.1486e-01, 6.0229e+03]], dtype=torch.float64), New s: tensor([[0.0994]]), New y: 176.86341770722132
2024-07-23 12:17:45,224 - INFO - Cost of iteration 22: 146.0
2024-07-23 12:17:45,224 - INFO - Starting iteration 24
2024-07-23 12:17:48,075 - INFO - Optimization finished 23 times. New x: tensor([[2.1486e+11, 2.0229e-01, 6.5454e+03]], dtype=torch.float64), New s: tensor([[0.1505]]), New y: 186.25239131474106
2024-07-23 12:17:53,806 - INFO - Cost of iteration 23: 147.0
2024-07-23 12:17:53,806 - INFO - Starting iteration 25
2024-07-23 12:17:56,720 - INFO - Optimization finished 24 times. New x: tensor([[1.0229e+11, 2.5454e-01, 6.4866e+03]], dtype=torch.float64), New s: tensor([[0.0762]]), New y: 130.67897177696105
2024-07-23 12:18:02,399 - INFO - Cost of iteration 24: 148.0
2024-07-23 12:18:02,399 - INFO - Starting iteration 26
2024-07-23 12:18:05,342 - INFO - Optimization finished 25 times. New x: tensor([[3.0939e+11, 3.3366e-01, 6.1426e+03]], dtype=torch.float64), New s: tensor([[0.3907]]), New y: 156.1735157283927
2024-07-23 12:18:11,005 - INFO - Cost of iteration 25: 150.0
2024-07-23 12:18:11,012 - INFO - Config:{'seed': 6, 'data_model': <class 'Data_simulation.Real_Application.VibratePlate.VibPlate'>, 'cost_type': 'pow_10', 'MF_model': 'CMF_CAR_dkl', 'Acq_function': 'cfKG', 'total_fidelity_num': 2, 'initial_index': {0: 10, 1: 4}, 'BO_iterations': 10, 'MF_iterations': 200, 'MF_learning_rate': 0.01, 'args': Namespace(data_name='VibratePlate', cost_type='pow_10')}
2024-07-23 12:18:11,012 - INFO - Starting experiment with data_name: VibratePlate
2024-07-23 12:18:11,012 - INFO - Starting seed: 6
2024-07-23 12:18:11,012 - INFO - Using MF model: CMF_CAR_dkl
2024-07-23 12:18:11,012 - INFO - Using acquisition function: cfKG
2024-07-23 12:18:58,057 - INFO - Starting iteration 1
2024-07-23 12:20:22,640 - INFO - Optimization finished 0 times. New x: tensor([[1.7256e+11, 5.8356e-01, 8.9175e+03]], dtype=torch.float64), New s: tensor([[0.3001]]), New y: 127.02534140030279
2024-07-23 12:20:28,607 - INFO - Cost of iteration 0: 51.0
2024-07-23 12:20:28,607 - INFO - Starting iteration 2
2024-07-23 12:20:30,857 - INFO - Optimization finished 1 times. New x: tensor([[2.6834e+11, 5.6233e-01, 8.4783e+03]], dtype=torch.float64), New s: tensor([[0.3247]]), New y: 146.25451309812777
2024-07-23 12:20:36,851 - INFO - Cost of iteration 1: 53.0
2024-07-23 12:20:36,851 - INFO - Starting iteration 3
2024-07-23 12:20:39,230 - INFO - Optimization finished 2 times. New x: tensor([[3.9175e+11, 3.3645e-01, 6.0261e+03]], dtype=torch.float64), New s: tensor([[0.2256]]), New y: 177.7116966325069
2024-07-23 12:20:44,902 - INFO - Cost of iteration 2: 54.0
2024-07-23 12:20:44,902 - INFO - Starting iteration 4
2024-07-23 12:20:47,493 - INFO - Optimization finished 3 times. New x: tensor([[2.3645e+11, 2.0261e-01, 9.6658e+03]], dtype=torch.float64), New s: tensor([[0.0340]]), New y: 160.72691019735137
2024-07-23 12:20:53,408 - INFO - Cost of iteration 3: 55.0
2024-07-23 12:20:53,408 - INFO - Starting iteration 5
2024-07-23 12:20:57,871 - INFO - Optimization finished 4 times. New x: tensor([[1.0261e+11, 5.6658e-01, 9.0026e+03]], dtype=torch.float64), New s: tensor([[0.7022]]), New y: 119.40028630093114
2024-07-23 12:21:03,995 - INFO - Cost of iteration 4: 60.0
2024-07-23 12:21:03,995 - INFO - Starting iteration 6
2024-07-23 12:21:06,984 - INFO - Optimization finished 5 times. New x: tensor([[3.8084e+11, 2.8603e-01, 8.7755e+03]], dtype=torch.float64), New s: tensor([[0.4780]]), New y: 217.80428842344628
2024-07-23 12:21:12,658 - INFO - Cost of iteration 5: 63.0
2024-07-23 12:21:12,658 - INFO - Starting iteration 7
2024-07-23 12:21:15,377 - INFO - Optimization finished 6 times. New x: tensor([[1.8603e+11, 4.7755e-01, 6.1183e+03]], dtype=torch.float64), New s: tensor([[0.0186]]), New y: 201.0228273699221
2024-07-23 12:21:21,157 - INFO - Cost of iteration 6: 64.0
2024-07-23 12:21:21,158 - INFO - Starting iteration 8
2024-07-23 12:21:24,505 - INFO - Optimization finished 7 times. New x: tensor([[3.7755e+11, 2.1183e-01, 8.6776e+03]], dtype=torch.float64), New s: tensor([[0.5706]]), New y: 213.53479108176373
2024-07-23 12:21:30,303 - INFO - Cost of iteration 7: 67.0
2024-07-23 12:21:30,303 - INFO - Starting iteration 9
2024-07-23 12:21:37,650 - INFO - Optimization finished 8 times. New x: tensor([[1.1183e+11, 4.6776e-01, 8.1885e+03]], dtype=torch.float64), New s: tensor([[0.9735]]), New y: 129.3184899213485
2024-07-23 12:21:43,507 - INFO - Cost of iteration 8: 76.0
2024-07-23 12:21:43,507 - INFO - Starting iteration 10
2024-07-23 12:21:46,166 - INFO - Optimization finished 9 times. New x: tensor([[1.9280e+11, 5.7421e-01, 8.4924e+03]], dtype=torch.float64), New s: tensor([[0.0927]]), New y: 136.512966479784
2024-07-23 12:21:52,134 - INFO - Cost of iteration 9: 77.0
2024-07-23 12:21:52,134 - INFO - Starting iteration 11
2024-07-23 12:21:57,284 - INFO - Optimization finished 10 times. New x: tensor([[3.1885e+11, 2.3133e-01, 8.9082e+03]], dtype=torch.float64), New s: tensor([[0.7690]]), New y: 192.85015669308447
2024-07-23 12:22:02,971 - INFO - Cost of iteration 10: 82.0
2024-07-23 12:22:02,971 - INFO - Starting iteration 12
2024-07-23 12:22:05,658 - INFO - Optimization finished 11 times. New x: tensor([[3.4924e+11, 5.2942e-01, 6.0148e+03]], dtype=torch.float64), New s: tensor([[0.0128]]), New y: 186.77843923330778
2024-07-23 12:22:11,251 - INFO - Cost of iteration 11: 83.0
2024-07-23 12:22:11,251 - INFO - Starting iteration 13
2024-07-23 12:22:14,097 - INFO - Optimization finished 12 times. New x: tensor([[4.2942e+11, 2.0148e-01, 7.3784e+03]], dtype=torch.float64), New s: tensor([[0.0800]]), New y: 162.0857593181978
2024-07-23 12:22:19,717 - INFO - Cost of iteration 12: 84.0
2024-07-23 12:22:19,717 - INFO - Starting iteration 14
2024-07-23 12:22:23,178 - INFO - Optimization finished 13 times. New x: tensor([[1.0148e+11, 3.3784e-01, 7.2890e+03]], dtype=torch.float64), New s: tensor([[0.5511]]), New y: 125.19672902370193
2024-07-23 12:22:29,060 - INFO - Cost of iteration 13: 87.0
2024-07-23 12:22:29,060 - INFO - Starting iteration 15
2024-07-23 12:22:31,836 - INFO - Optimization finished 14 times. New x: tensor([[2.3784e+11, 3.2890e-01, 6.2251e+03]], dtype=torch.float64), New s: tensor([[0.0195]]), New y: 208.4353882369015
2024-07-23 12:22:37,455 - INFO - Cost of iteration 14: 88.0
2024-07-23 12:22:37,455 - INFO - Starting iteration 16
2024-07-23 12:22:44,640 - INFO - Optimization finished 15 times. New x: tensor([[3.0624e+11, 2.5927e-01, 6.8103e+03]], dtype=torch.float64), New s: tensor([[0.9296]]), New y: 217.14432736359134
2024-07-23 12:22:50,303 - INFO - Cost of iteration 15: 96.0
2024-07-23 12:22:50,303 - INFO - Starting iteration 17
2024-07-23 12:22:53,053 - INFO - Optimization finished 16 times. New x: tensor([[1.5927e+11, 2.8103e-01, 6.4097e+03]], dtype=torch.float64), New s: tensor([[0.3993]]), New y: 164.9587364821825
2024-07-23 12:22:58,938 - INFO - Cost of iteration 16: 98.0
2024-07-23 12:22:58,938 - INFO - Starting iteration 18
2024-07-23 12:23:05,937 - INFO - Optimization finished 17 times. New x: tensor([[1.8103e+11, 2.4097e-01, 7.5616e+03]], dtype=torch.float64), New s: tensor([[0.9361]]), New y: 157.78340242806206
2024-07-23 12:23:11,733 - INFO - Cost of iteration 17: 106.0
2024-07-23 12:23:11,734 - INFO - Starting iteration 19
2024-07-23 12:23:14,608 - INFO - Optimization finished 18 times. New x: tensor([[4.2226e+11, 3.9783e-01, 6.2801e+03]], dtype=torch.float64), New s: tensor([[0.3858]]), New y: 185.3100756033786
2024-07-23 12:23:20,386 - INFO - Cost of iteration 18: 108.0
2024-07-23 12:23:20,386 - INFO - Starting iteration 20
2024-07-23 12:23:24,851 - INFO - Optimization finished 19 times. New x: tensor([[2.9783e+11, 2.2801e-01, 6.6282e+03]], dtype=torch.float64), New s: tensor([[0.7124]]), New y: 216.48341069489322
2024-07-23 12:23:30,557 - INFO - Cost of iteration 19: 113.0
2024-07-23 12:23:30,558 - INFO - Starting iteration 21
2024-07-23 12:23:33,734 - INFO - Optimization finished 20 times. New x: tensor([[1.2801e+11, 2.6282e-01, 8.9982e+03]], dtype=torch.float64), New s: tensor([[0.4761]]), New y: 123.8242052155748
2024-07-23 12:23:39,473 - INFO - Cost of iteration 20: 115.0
2024-07-23 12:23:39,473 - INFO - Starting iteration 22
2024-07-23 12:23:42,360 - INFO - Optimization finished 21 times. New x: tensor([[3.9308e+11, 3.1486e-01, 6.0229e+03]], dtype=torch.float64), New s: tensor([[0.0994]]), New y: 176.86341770722132
2024-07-23 12:23:48,073 - INFO - Cost of iteration 21: 116.0
2024-07-23 12:23:48,073 - INFO - Starting iteration 23
2024-07-23 12:23:50,997 - INFO - Optimization finished 22 times. New x: tensor([[2.1486e+11, 2.0229e-01, 6.5454e+03]], dtype=torch.float64), New s: tensor([[0.1505]]), New y: 186.25239131474106
2024-07-23 12:23:56,682 - INFO - Cost of iteration 22: 117.0
2024-07-23 12:23:56,682 - INFO - Starting iteration 24
2024-07-23 12:23:59,552 - INFO - Optimization finished 23 times. New x: tensor([[1.0229e+11, 2.5454e-01, 6.4866e+03]], dtype=torch.float64), New s: tensor([[0.0762]]), New y: 130.67897177696105
2024-07-23 12:24:05,190 - INFO - Cost of iteration 23: 118.0
2024-07-23 12:24:05,190 - INFO - Starting iteration 25
2024-07-23 12:24:08,157 - INFO - Optimization finished 24 times. New x: tensor([[3.0939e+11, 3.3366e-01, 6.1426e+03]], dtype=torch.float64), New s: tensor([[0.3907]]), New y: 156.1735157283927
2024-07-23 12:24:13,755 - INFO - Cost of iteration 24: 120.0
2024-07-23 12:24:13,755 - INFO - Starting iteration 26
2024-07-23 12:24:17,112 - INFO - Optimization finished 25 times. New x: tensor([[2.3366e+11, 2.1426e-01, 6.4416e+03]], dtype=torch.float64), New s: tensor([[0.5799]]), New y: 195.26046146328574
2024-07-23 12:24:22,788 - INFO - Cost of iteration 25: 123.0
2024-07-23 12:24:22,788 - INFO - Starting iteration 27
2024-07-23 12:24:25,936 - INFO - Optimization finished 26 times. New x: tensor([[2.2138e+11, 5.5143e-01, 6.2952e+03]], dtype=torch.float64), New s: tensor([[0.4805]]), New y: 148.19707054098484
2024-07-23 12:24:31,744 - INFO - Cost of iteration 26: 126.0
2024-07-23 12:24:31,744 - INFO - Starting iteration 28
2024-07-23 12:24:34,732 - INFO - Optimization finished 27 times. New x: tensor([[1.4416e+11, 5.4315e-01, 9.0801e+03]], dtype=torch.float64), New s: tensor([[0.0415]]), New y: 103.63514687593413
2024-07-23 12:24:40,689 - INFO - Cost of iteration 27: 127.0
2024-07-23 12:24:40,689 - INFO - Starting iteration 29
2024-07-23 12:24:43,714 - INFO - Optimization finished 28 times. New x: tensor([[1.2952e+11, 5.6481e-01, 7.7649e+03]], dtype=torch.float64), New s: tensor([[0.2423]]), New y: 129.65169808417332
2024-07-23 12:24:49,575 - INFO - Cost of iteration 28: 128.0
2024-07-23 12:24:49,575 - INFO - Starting iteration 30
2024-07-23 12:24:52,858 - INFO - Optimization finished 29 times. New x: tensor([[4.3125e+11, 5.7004e-01, 7.8485e+03]], dtype=torch.float64), New s: tensor([[0.5100]]), New y: 219.32834394755955
2024-07-23 12:24:58,614 - INFO - Cost of iteration 29: 131.0
2024-07-23 12:24:58,614 - INFO - Starting iteration 31
2024-07-23 12:25:01,802 - INFO - Optimization finished 30 times. New x: tensor([[4.7004e+11, 3.8485e-01, 7.2967e+03]], dtype=torch.float64), New s: tensor([[0.4199]]), New y: 179.9562586839899
2024-07-23 12:25:07,303 - INFO - Cost of iteration 30: 133.0
2024-07-23 12:25:07,303 - INFO - Starting iteration 32
2024-07-23 12:25:14,633 - INFO - Optimization finished 31 times. New x: tensor([[2.7584e+11, 4.1021e-01, 7.2134e+03]], dtype=torch.float64), New s: tensor([[0.9451]]), New y: 210.61952577464888
2024-07-23 12:25:20,234 - INFO - Cost of iteration 31: 141.0
2024-07-23 12:25:20,235 - INFO - Starting iteration 33
2024-07-23 12:25:24,906 - INFO - Optimization finished 32 times. New x: tensor([[3.1021e+11, 3.2134e-01, 6.6546e+03]], dtype=torch.float64), New s: tensor([[0.7551]]), New y: 148.26572306247886
2024-07-23 12:25:30,433 - INFO - Cost of iteration 32: 146.0
2024-07-23 12:25:30,434 - INFO - Starting iteration 34
2024-07-23 12:25:35,183 - INFO - Optimization finished 33 times. New x: tensor([[2.8145e+11, 3.9011e-01, 6.2681e+03]], dtype=torch.float64), New s: tensor([[0.7279]]), New y: 149.45488758941832
2024-07-23 12:25:40,714 - INFO - Cost of iteration 33: 151.0
2024-07-23 12:25:40,719 - INFO - Config:{'seed': 7, 'data_model': <class 'Data_simulation.Real_Application.VibratePlate.VibPlate'>, 'cost_type': 'pow_10', 'MF_model': 'CMF_CAR_dkl', 'Acq_function': 'cfKG', 'total_fidelity_num': 2, 'initial_index': {0: 10, 1: 4}, 'BO_iterations': 10, 'MF_iterations': 200, 'MF_learning_rate': 0.01, 'args': Namespace(data_name='VibratePlate', cost_type='pow_10')}
2024-07-23 12:25:40,719 - INFO - Starting experiment with data_name: VibratePlate
2024-07-23 12:25:40,719 - INFO - Starting seed: 7
2024-07-23 12:25:40,719 - INFO - Using MF model: CMF_CAR_dkl
2024-07-23 12:25:40,719 - INFO - Using acquisition function: cfKG
2024-07-23 12:26:21,520 - INFO - Starting iteration 1
2024-07-23 12:27:45,434 - INFO - Optimization finished 0 times. New x: tensor([[2.6834e+11, 5.6233e-01, 8.4783e+03]], dtype=torch.float64), New s: tensor([[0.3247]]), New y: 146.25451309812777
2024-07-23 12:27:51,396 - INFO - Cost of iteration 0: 52.0
2024-07-23 12:27:51,396 - INFO - Starting iteration 2
2024-07-23 12:27:53,638 - INFO - Optimization finished 1 times. New x: tensor([[3.9175e+11, 3.3645e-01, 6.0261e+03]], dtype=torch.float64), New s: tensor([[0.2256]]), New y: 177.7116966325069
2024-07-23 12:27:59,256 - INFO - Cost of iteration 1: 53.0
2024-07-23 12:27:59,256 - INFO - Starting iteration 3
2024-07-23 12:28:01,615 - INFO - Optimization finished 2 times. New x: tensor([[2.3645e+11, 2.0261e-01, 9.6658e+03]], dtype=torch.float64), New s: tensor([[0.0340]]), New y: 160.72691019735137
2024-07-23 12:28:07,481 - INFO - Cost of iteration 2: 54.0
2024-07-23 12:28:07,481 - INFO - Starting iteration 4
2024-07-23 12:28:10,437 - INFO - Optimization finished 3 times. New x: tensor([[2.8063e+11, 4.7415e-01, 7.4716e+03]], dtype=torch.float64), New s: tensor([[0.4765]]), New y: 219.86621674095622
2024-07-23 12:28:16,149 - INFO - Cost of iteration 3: 56.0
2024-07-23 12:28:16,149 - INFO - Starting iteration 5
2024-07-23 12:28:23,029 - INFO - Optimization finished 4 times. New x: tensor([[4.6658e+11, 5.0026e-01, 6.8715e+03]], dtype=torch.float64), New s: tensor([[0.9274]]), New y: 199.20862670387618
2024-07-23 12:28:28,914 - INFO - Cost of iteration 4: 64.0
2024-07-23 12:28:28,914 - INFO - Starting iteration 6
2024-07-23 12:28:31,444 - INFO - Optimization finished 5 times. New x: tensor([[1.8603e+11, 4.7755e-01, 6.1183e+03]], dtype=torch.float64), New s: tensor([[0.0186]]), New y: 201.0228273699221
2024-07-23 12:28:37,199 - INFO - Cost of iteration 5: 65.0
2024-07-23 12:28:37,199 - INFO - Starting iteration 7
2024-07-23 12:28:43,634 - INFO - Optimization finished 6 times. New x: tensor([[1.8715e+11, 5.6466e-01, 6.9280e+03]], dtype=torch.float64), New s: tensor([[0.8800]]), New y: 127.39838949741798
2024-07-23 12:28:49,678 - INFO - Cost of iteration 6: 72.0
2024-07-23 12:28:49,679 - INFO - Starting iteration 8
2024-07-23 12:28:56,957 - INFO - Optimization finished 7 times. New x: tensor([[1.1183e+11, 4.6776e-01, 8.1885e+03]], dtype=torch.float64), New s: tensor([[0.9735]]), New y: 129.3184899213485
2024-07-23 12:29:02,990 - INFO - Cost of iteration 7: 81.0
2024-07-23 12:29:02,990 - INFO - Starting iteration 9
2024-07-23 12:29:05,678 - INFO - Optimization finished 8 times. New x: tensor([[1.9280e+11, 5.7421e-01, 8.4924e+03]], dtype=torch.float64), New s: tensor([[0.0927]]), New y: 136.512966479784
2024-07-23 12:29:11,767 - INFO - Cost of iteration 8: 82.0
2024-07-23 12:29:11,767 - INFO - Starting iteration 10
2024-07-23 12:29:17,024 - INFO - Optimization finished 9 times. New x: tensor([[3.1885e+11, 2.3133e-01, 8.9082e+03]], dtype=torch.float64), New s: tensor([[0.7690]]), New y: 192.85015669308447
2024-07-23 12:29:22,842 - INFO - Cost of iteration 9: 87.0
2024-07-23 12:29:22,842 - INFO - Starting iteration 11
2024-07-23 12:29:25,458 - INFO - Optimization finished 10 times. New x: tensor([[3.4924e+11, 5.2942e-01, 6.0148e+03]], dtype=torch.float64), New s: tensor([[0.0128]]), New y: 186.77843923330778
2024-07-23 12:29:31,197 - INFO - Cost of iteration 10: 88.0
2024-07-23 12:29:31,197 - INFO - Starting iteration 12
2024-07-23 12:29:38,216 - INFO - Optimization finished 11 times. New x: tensor([[2.6944e+11, 5.1063e-01, 7.2646e+03]], dtype=torch.float64), New s: tensor([[0.9319]]), New y: 217.11532256904974
2024-07-23 12:29:43,884 - INFO - Cost of iteration 11: 96.0
2024-07-23 12:29:43,885 - INFO - Starting iteration 13
2024-07-23 12:29:47,216 - INFO - Optimization finished 12 times. New x: tensor([[1.0148e+11, 3.3784e-01, 7.2890e+03]], dtype=torch.float64), New s: tensor([[0.5511]]), New y: 125.19672902370193
2024-07-23 12:29:53,077 - INFO - Cost of iteration 12: 99.0
2024-07-23 12:29:53,077 - INFO - Starting iteration 14
2024-07-23 12:29:55,912 - INFO - Optimization finished 13 times. New x: tensor([[2.3784e+11, 3.2890e-01, 6.2251e+03]], dtype=torch.float64), New s: tensor([[0.0195]]), New y: 208.4353882369015
2024-07-23 12:30:01,580 - INFO - Cost of iteration 13: 100.0
2024-07-23 12:30:01,580 - INFO - Starting iteration 15
2024-07-23 12:30:08,711 - INFO - Optimization finished 14 times. New x: tensor([[3.0624e+11, 2.5927e-01, 6.8103e+03]], dtype=torch.float64), New s: tensor([[0.9296]]), New y: 217.14432736359134
2024-07-23 12:30:14,317 - INFO - Cost of iteration 14: 108.0
2024-07-23 12:30:14,317 - INFO - Starting iteration 16
2024-07-23 12:30:17,078 - INFO - Optimization finished 15 times. New x: tensor([[1.5927e+11, 2.8103e-01, 6.4097e+03]], dtype=torch.float64), New s: tensor([[0.3993]]), New y: 164.9587364821825
2024-07-23 12:30:22,888 - INFO - Cost of iteration 15: 110.0
2024-07-23 12:30:22,888 - INFO - Starting iteration 17
2024-07-23 12:30:29,770 - INFO - Optimization finished 16 times. New x: tensor([[1.8103e+11, 2.4097e-01, 7.5616e+03]], dtype=torch.float64), New s: tensor([[0.9361]]), New y: 157.78340242806206
2024-07-23 12:30:35,454 - INFO - Cost of iteration 16: 118.0
2024-07-23 12:30:35,455 - INFO - Starting iteration 18
2024-07-23 12:30:41,010 - INFO - Optimization finished 17 times. New x: tensor([[2.3763e+11, 5.2727e-01, 7.9702e+03]], dtype=torch.float64), New s: tensor([[0.8309]]), New y: 137.46383153327645
2024-07-23 12:30:46,778 - INFO - Cost of iteration 17: 124.0
2024-07-23 12:30:46,778 - INFO - Starting iteration 19
2024-07-23 12:30:51,222 - INFO - Optimization finished 18 times. New x: tensor([[2.9783e+11, 2.2801e-01, 6.6282e+03]], dtype=torch.float64), New s: tensor([[0.7124]]), New y: 216.48341069489322
2024-07-23 12:30:56,866 - INFO - Cost of iteration 18: 129.0
2024-07-23 12:30:56,866 - INFO - Starting iteration 20
2024-07-23 12:30:59,985 - INFO - Optimization finished 19 times. New x: tensor([[1.2801e+11, 2.6282e-01, 8.9982e+03]], dtype=torch.float64), New s: tensor([[0.4761]]), New y: 123.8242052155748
2024-07-23 12:31:05,702 - INFO - Cost of iteration 19: 131.0
2024-07-23 12:31:05,702 - INFO - Starting iteration 21
2024-07-23 12:31:08,569 - INFO - Optimization finished 20 times. New x: tensor([[3.9308e+11, 3.1486e-01, 6.0229e+03]], dtype=torch.float64), New s: tensor([[0.0994]]), New y: 176.86341770722132
2024-07-23 12:31:14,251 - INFO - Cost of iteration 20: 132.0
2024-07-23 12:31:14,251 - INFO - Starting iteration 22
2024-07-23 12:31:17,168 - INFO - Optimization finished 21 times. New x: tensor([[2.1486e+11, 2.0229e-01, 6.5454e+03]], dtype=torch.float64), New s: tensor([[0.1505]]), New y: 186.25239131474106
2024-07-23 12:31:22,803 - INFO - Cost of iteration 21: 133.0
2024-07-23 12:31:22,803 - INFO - Starting iteration 23
2024-07-23 12:31:25,670 - INFO - Optimization finished 22 times. New x: tensor([[1.0229e+11, 2.5454e-01, 6.4866e+03]], dtype=torch.float64), New s: tensor([[0.0762]]), New y: 130.67897177696105
2024-07-23 12:31:31,296 - INFO - Cost of iteration 22: 134.0
2024-07-23 12:31:31,296 - INFO - Starting iteration 24
2024-07-23 12:31:37,494 - INFO - Optimization finished 23 times. New x: tensor([[4.7406e+11, 4.8014e-01, 9.3944e+03]], dtype=torch.float64), New s: tensor([[0.8833]]), New y: 164.9873340896906
2024-07-23 12:31:43,150 - INFO - Cost of iteration 23: 141.0
2024-07-23 12:31:43,150 - INFO - Starting iteration 25
2024-07-23 12:31:46,431 - INFO - Optimization finished 24 times. New x: tensor([[2.3366e+11, 2.1426e-01, 6.4416e+03]], dtype=torch.float64), New s: tensor([[0.5799]]), New y: 195.26046146328574
2024-07-23 12:31:52,283 - INFO - Cost of iteration 24: 144.0
2024-07-23 12:31:52,283 - INFO - Starting iteration 26
2024-07-23 12:31:58,816 - INFO - Optimization finished 25 times. New x: tensor([[4.3944e+11, 5.8350e-01, 6.2517e+03]], dtype=torch.float64), New s: tensor([[0.8922]]), New y: 209.4795232768097
2024-07-23 12:32:04,441 - INFO - Cost of iteration 25: 151.0
2024-07-23 12:32:04,446 - INFO - Config:{'seed': 8, 'data_model': <class 'Data_simulation.Real_Application.VibratePlate.VibPlate'>, 'cost_type': 'pow_10', 'MF_model': 'CMF_CAR_dkl', 'Acq_function': 'cfKG', 'total_fidelity_num': 2, 'initial_index': {0: 10, 1: 4}, 'BO_iterations': 10, 'MF_iterations': 200, 'MF_learning_rate': 0.01, 'args': Namespace(data_name='VibratePlate', cost_type='pow_10')}
2024-07-23 12:32:04,446 - INFO - Starting experiment with data_name: VibratePlate
2024-07-23 12:32:04,446 - INFO - Starting seed: 8
2024-07-23 12:32:04,446 - INFO - Using MF model: CMF_CAR_dkl
2024-07-23 12:32:04,446 - INFO - Using acquisition function: cfKG
2024-07-23 12:32:50,937 - INFO - Starting iteration 1
2024-07-23 12:34:27,776 - INFO - Optimization finished 0 times. New x: tensor([[3.9175e+11, 3.3645e-01, 6.0261e+03]], dtype=torch.float64), New s: tensor([[0.2256]]), New y: 177.7116966325069
2024-07-23 12:34:34,308 - INFO - Cost of iteration 0: 51.0
2024-07-23 12:34:34,308 - INFO - Starting iteration 2
2024-07-23 12:34:37,310 - INFO - Optimization finished 1 times. New x: tensor([[2.3645e+11, 2.0261e-01, 9.6658e+03]], dtype=torch.float64), New s: tensor([[0.0340]]), New y: 160.72691019735137
2024-07-23 12:34:44,114 - INFO - Cost of iteration 1: 52.0
2024-07-23 12:34:44,114 - INFO - Starting iteration 3
2024-07-23 12:34:50,967 - INFO - Optimization finished 2 times. New x: tensor([[4.4971e+11, 4.8084e-01, 6.8603e+03]], dtype=torch.float64), New s: tensor([[0.8531]]), New y: 188.0996068386257
2024-07-23 12:34:57,327 - INFO - Cost of iteration 2: 59.0
2024-07-23 12:34:57,327 - INFO - Starting iteration 4
2024-07-23 12:35:05,576 - INFO - Optimization finished 3 times. New x: tensor([[4.6658e+11, 5.0026e-01, 6.8715e+03]], dtype=torch.float64), New s: tensor([[0.9274]]), New y: 199.20862670387618
2024-07-23 12:35:12,311 - INFO - Cost of iteration 3: 67.0
2024-07-23 12:35:12,311 - INFO - Starting iteration 5
2024-07-23 12:35:15,799 - INFO - Optimization finished 4 times. New x: tensor([[1.8603e+11, 4.7755e-01, 6.1183e+03]], dtype=torch.float64), New s: tensor([[0.0186]]), New y: 201.0228273699221
2024-07-23 12:35:22,378 - INFO - Cost of iteration 4: 68.0
2024-07-23 12:35:22,378 - INFO - Starting iteration 6
2024-07-23 12:35:26,752 - INFO - Optimization finished 5 times. New x: tensor([[2.2151e+11, 5.1958e-01, 9.0274e+03]], dtype=torch.float64), New s: tensor([[0.6362]]), New y: 128.28932673898566
2024-07-23 12:35:33,745 - INFO - Cost of iteration 5: 72.0
2024-07-23 12:35:33,746 - INFO - Starting iteration 7
2024-07-23 12:35:42,441 - INFO - Optimization finished 6 times. New x: tensor([[1.1183e+11, 4.6776e-01, 8.1885e+03]], dtype=torch.float64), New s: tensor([[0.9735]]), New y: 129.3184899213485
2024-07-23 12:35:49,016 - INFO - Cost of iteration 6: 81.0
2024-07-23 12:35:49,016 - INFO - Starting iteration 8
2024-07-23 12:35:52,662 - INFO - Optimization finished 7 times. New x: tensor([[1.9280e+11, 5.7421e-01, 8.4924e+03]], dtype=torch.float64), New s: tensor([[0.0927]]), New y: 136.512966479784
2024-07-23 12:35:59,467 - INFO - Cost of iteration 7: 82.0
2024-07-23 12:35:59,467 - INFO - Starting iteration 9
2024-07-23 12:36:05,533 - INFO - Optimization finished 8 times. New x: tensor([[3.1885e+11, 2.3133e-01, 8.9082e+03]], dtype=torch.float64), New s: tensor([[0.7690]]), New y: 192.85015669308447
2024-07-23 12:36:11,834 - INFO - Cost of iteration 8: 87.0
2024-07-23 12:36:11,834 - INFO - Starting iteration 10
2024-07-23 12:36:15,174 - INFO - Optimization finished 9 times. New x: tensor([[3.4924e+11, 5.2942e-01, 6.0148e+03]], dtype=torch.float64), New s: tensor([[0.0128]]), New y: 186.77843923330778
2024-07-23 12:36:21,383 - INFO - Cost of iteration 9: 88.0
2024-07-23 12:36:21,383 - INFO - Starting iteration 11
2024-07-23 12:36:29,272 - INFO - Optimization finished 10 times. New x: tensor([[2.6944e+11, 5.1063e-01, 7.2646e+03]], dtype=torch.float64), New s: tensor([[0.9319]]), New y: 217.11532256904974
2024-07-23 12:36:35,523 - INFO - Cost of iteration 10: 96.0
2024-07-23 12:36:35,524 - INFO - Starting iteration 12
2024-07-23 12:36:39,700 - INFO - Optimization finished 11 times. New x: tensor([[1.0148e+11, 3.3784e-01, 7.2890e+03]], dtype=torch.float64), New s: tensor([[0.5511]]), New y: 125.19672902370193
2024-07-23 12:36:46,245 - INFO - Cost of iteration 11: 99.0
2024-07-23 12:36:46,245 - INFO - Starting iteration 13
2024-07-23 12:36:49,771 - INFO - Optimization finished 12 times. New x: tensor([[2.3784e+11, 3.2890e-01, 6.2251e+03]], dtype=torch.float64), New s: tensor([[0.0195]]), New y: 208.4353882369015
2024-07-23 12:36:55,928 - INFO - Cost of iteration 12: 100.0
2024-07-23 12:36:55,928 - INFO - Starting iteration 14
2024-07-23 12:37:04,127 - INFO - Optimization finished 13 times. New x: tensor([[3.0624e+11, 2.5927e-01, 6.8103e+03]], dtype=torch.float64), New s: tensor([[0.9296]]), New y: 217.14432736359134
2024-07-23 12:37:10,413 - INFO - Cost of iteration 13: 108.0
2024-07-23 12:37:10,413 - INFO - Starting iteration 15
2024-07-23 12:37:14,100 - INFO - Optimization finished 14 times. New x: tensor([[1.5927e+11, 2.8103e-01, 6.4097e+03]], dtype=torch.float64), New s: tensor([[0.3993]]), New y: 164.9587364821825
2024-07-23 12:37:20,474 - INFO - Cost of iteration 14: 110.0
2024-07-23 12:37:20,474 - INFO - Starting iteration 16
2024-07-23 12:37:24,659 - INFO - Optimization finished 15 times. New x: tensor([[4.8902e+11, 3.3763e-01, 9.2727e+03]], dtype=torch.float64), New s: tensor([[0.6489]]), New y: 159.55632513557046
2024-07-23 12:37:30,729 - INFO - Cost of iteration 15: 114.0
2024-07-23 12:37:30,730 - INFO - Starting iteration 17
2024-07-23 12:37:34,536 - INFO - Optimization finished 16 times. New x: tensor([[4.2226e+11, 3.9783e-01, 6.2801e+03]], dtype=torch.float64), New s: tensor([[0.3858]]), New y: 185.3100756033786
2024-07-23 12:37:40,867 - INFO - Cost of iteration 16: 116.0
2024-07-23 12:37:40,867 - INFO - Starting iteration 18
2024-07-23 12:37:46,370 - INFO - Optimization finished 17 times. New x: tensor([[2.9783e+11, 2.2801e-01, 6.6282e+03]], dtype=torch.float64), New s: tensor([[0.7124]]), New y: 216.48341069489322
2024-07-23 12:37:52,610 - INFO - Cost of iteration 17: 121.0
2024-07-23 12:37:52,610 - INFO - Starting iteration 19
2024-07-23 12:37:56,536 - INFO - Optimization finished 18 times. New x: tensor([[3.3508e+11, 5.5292e-01, 7.7021e+03]], dtype=torch.float64), New s: tensor([[0.4590]]), New y: 197.25601034935866
2024-07-23 12:38:02,925 - INFO - Cost of iteration 18: 123.0
2024-07-23 12:38:02,925 - INFO - Starting iteration 20
2024-07-23 12:38:06,453 - INFO - Optimization finished 19 times. New x: tensor([[3.9308e+11, 3.1486e-01, 6.0229e+03]], dtype=torch.float64), New s: tensor([[0.0994]]), New y: 176.86341770722132
2024-07-23 12:38:12,753 - INFO - Cost of iteration 19: 124.0
2024-07-23 12:38:12,753 - INFO - Starting iteration 21
2024-07-23 12:38:16,400 - INFO - Optimization finished 20 times. New x: tensor([[2.1486e+11, 2.0229e-01, 6.5454e+03]], dtype=torch.float64), New s: tensor([[0.1505]]), New y: 186.25239131474106
2024-07-23 12:38:22,662 - INFO - Cost of iteration 20: 125.0
2024-07-23 12:38:22,662 - INFO - Starting iteration 22
2024-07-23 12:38:26,273 - INFO - Optimization finished 21 times. New x: tensor([[1.0229e+11, 2.5454e-01, 6.4866e+03]], dtype=torch.float64), New s: tensor([[0.0762]]), New y: 130.67897177696105
2024-07-23 12:38:32,600 - INFO - Cost of iteration 21: 126.0
2024-07-23 12:38:32,600 - INFO - Starting iteration 23
2024-07-23 12:38:36,327 - INFO - Optimization finished 22 times. New x: tensor([[3.0939e+11, 3.3366e-01, 6.1426e+03]], dtype=torch.float64), New s: tensor([[0.3907]]), New y: 156.1735157283927
2024-07-23 12:38:42,560 - INFO - Cost of iteration 22: 128.0
2024-07-23 12:38:42,560 - INFO - Starting iteration 24
2024-07-23 12:38:46,662 - INFO - Optimization finished 23 times. New x: tensor([[2.3366e+11, 2.1426e-01, 6.4416e+03]], dtype=torch.float64), New s: tensor([[0.5799]]), New y: 195.26046146328574
2024-07-23 12:38:53,004 - INFO - Cost of iteration 23: 131.0
2024-07-23 12:38:53,004 - INFO - Starting iteration 25
2024-07-23 12:38:56,920 - INFO - Optimization finished 24 times. New x: tensor([[2.2138e+11, 5.5143e-01, 6.2952e+03]], dtype=torch.float64), New s: tensor([[0.4805]]), New y: 148.19707054098484
2024-07-23 12:39:03,371 - INFO - Cost of iteration 24: 134.0
2024-07-23 12:39:03,371 - INFO - Starting iteration 26
2024-07-23 12:39:07,579 - INFO - Optimization finished 25 times. New x: tensor([[4.8350e+11, 2.2517e-01, 9.3125e+03]], dtype=torch.float64), New s: tensor([[0.6441]]), New y: 153.27397586459165
2024-07-23 12:39:13,722 - INFO - Cost of iteration 25: 138.0
2024-07-23 12:39:13,722 - INFO - Starting iteration 27
2024-07-23 12:39:17,577 - INFO - Optimization finished 26 times. New x: tensor([[4.4315e+11, 5.0801e-01, 8.9383e+03]], dtype=torch.float64), New s: tensor([[0.4359]]), New y: 174.18517092228834
2024-07-23 12:39:23,841 - INFO - Cost of iteration 26: 140.0
2024-07-23 12:39:23,841 - INFO - Starting iteration 28
2024-07-23 12:39:28,300 - INFO - Optimization finished 27 times. New x: tensor([[4.6481e+11, 3.7649e-01, 7.7584e+03]], dtype=torch.float64), New s: tensor([[0.6080]]), New y: 172.33978984394204
2024-07-23 12:39:34,611 - INFO - Cost of iteration 27: 144.0
2024-07-23 12:39:34,611 - INFO - Starting iteration 29
2024-07-23 12:39:38,521 - INFO - Optimization finished 28 times. New x: tensor([[4.7004e+11, 3.8485e-01, 7.2967e+03]], dtype=torch.float64), New s: tensor([[0.4199]]), New y: 179.9562586839899
2024-07-23 12:39:44,752 - INFO - Cost of iteration 28: 146.0
2024-07-23 12:39:44,752 - INFO - Starting iteration 30
2024-07-23 12:39:53,288 - INFO - Optimization finished 29 times. New x: tensor([[2.8485e+11, 3.2967e-01, 7.6561e+03]], dtype=torch.float64), New s: tensor([[0.9525]]), New y: 201.5697046071028
2024-07-23 12:39:59,754 - INFO - Cost of iteration 29: 154.0
2024-07-23 12:39:59,760 - INFO - Config:{'seed': 9, 'data_model': <class 'Data_simulation.Real_Application.VibratePlate.VibPlate'>, 'cost_type': 'pow_10', 'MF_model': 'CMF_CAR_dkl', 'Acq_function': 'cfKG', 'total_fidelity_num': 2, 'initial_index': {0: 10, 1: 4}, 'BO_iterations': 10, 'MF_iterations': 200, 'MF_learning_rate': 0.01, 'args': Namespace(data_name='VibratePlate', cost_type='pow_10')}
2024-07-23 12:39:59,760 - INFO - Starting experiment with data_name: VibratePlate
2024-07-23 12:39:59,760 - INFO - Starting seed: 9
2024-07-23 12:39:59,760 - INFO - Using MF model: CMF_CAR_dkl
2024-07-23 12:39:59,761 - INFO - Using acquisition function: cfKG
2024-07-23 12:40:45,711 - INFO - Starting iteration 1
2024-07-23 12:42:18,676 - INFO - Optimization finished 0 times. New x: tensor([[2.3645e+11, 2.0261e-01, 9.6658e+03]], dtype=torch.float64), New s: tensor([[0.0340]]), New y: 160.72691019735137
2024-07-23 12:42:25,211 - INFO - Cost of iteration 0: 51.0
2024-07-23 12:42:25,211 - INFO - Starting iteration 2
2024-07-23 12:42:28,537 - INFO - Optimization finished 1 times. New x: tensor([[2.8063e+11, 4.7415e-01, 7.4716e+03]], dtype=torch.float64), New s: tensor([[0.4765]]), New y: 219.86621674095622
2024-07-23 12:42:34,865 - INFO - Cost of iteration 1: 53.0
2024-07-23 12:42:34,865 - INFO - Starting iteration 3
2024-07-23 12:42:42,787 - INFO - Optimization finished 2 times. New x: tensor([[4.6658e+11, 5.0026e-01, 6.8715e+03]], dtype=torch.float64), New s: tensor([[0.9274]]), New y: 199.20862670387618
2024-07-23 12:42:49,264 - INFO - Cost of iteration 2: 61.0
2024-07-23 12:42:49,265 - INFO - Starting iteration 4
2024-07-23 12:42:52,690 - INFO - Optimization finished 3 times. New x: tensor([[1.8603e+11, 4.7755e-01, 6.1183e+03]], dtype=torch.float64), New s: tensor([[0.0186]]), New y: 201.0228273699221
2024-07-23 12:42:59,039 - INFO - Cost of iteration 3: 62.0
2024-07-23 12:42:59,039 - INFO - Starting iteration 5
2024-07-23 12:43:03,163 - INFO - Optimization finished 4 times. New x: tensor([[3.7755e+11, 2.1183e-01, 8.6776e+03]], dtype=torch.float64), New s: tensor([[0.5706]]), New y: 213.53479108176373
2024-07-23 12:43:09,536 - INFO - Cost of iteration 4: 65.0
2024-07-23 12:43:09,536 - INFO - Starting iteration 6
2024-07-23 12:43:17,914 - INFO - Optimization finished 5 times. New x: tensor([[1.1183e+11, 4.6776e-01, 8.1885e+03]], dtype=torch.float64), New s: tensor([[0.9735]]), New y: 129.3184899213485
2024-07-23 12:43:24,577 - INFO - Cost of iteration 5: 74.0
2024-07-23 12:43:24,577 - INFO - Starting iteration 7
2024-07-23 12:43:28,053 - INFO - Optimization finished 6 times. New x: tensor([[1.9280e+11, 5.7421e-01, 8.4924e+03]], dtype=torch.float64), New s: tensor([[0.0927]]), New y: 136.512966479784
2024-07-23 12:43:34,894 - INFO - Cost of iteration 6: 75.0
2024-07-23 12:43:34,896 - INFO - Starting iteration 8
2024-07-23 12:43:40,915 - INFO - Optimization finished 7 times. New x: tensor([[3.1885e+11, 2.3133e-01, 8.9082e+03]], dtype=torch.float64), New s: tensor([[0.7690]]), New y: 192.85015669308447
2024-07-23 12:43:47,166 - INFO - Cost of iteration 7: 80.0
2024-07-23 12:43:47,166 - INFO - Starting iteration 9
2024-07-23 12:43:54,645 - INFO - Optimization finished 8 times. New x: tensor([[1.3133e+11, 4.9082e-01, 9.6677e+03]], dtype=torch.float64), New s: tensor([[0.9077]]), New y: 130.76731367171925
2024-07-23 12:44:01,115 - INFO - Cost of iteration 8: 88.0
2024-07-23 12:44:01,115 - INFO - Starting iteration 10
2024-07-23 12:44:04,567 - INFO - Optimization finished 9 times. New x: tensor([[4.2942e+11, 2.0148e-01, 7.3784e+03]], dtype=torch.float64), New s: tensor([[0.0800]]), New y: 162.0857593181978
2024-07-23 12:44:10,778 - INFO - Cost of iteration 9: 89.0
2024-07-23 12:44:10,778 - INFO - Starting iteration 11
2024-07-23 12:44:14,880 - INFO - Optimization finished 10 times. New x: tensor([[1.0148e+11, 3.3784e-01, 7.2890e+03]], dtype=torch.float64), New s: tensor([[0.5511]]), New y: 125.19672902370193
2024-07-23 12:44:21,325 - INFO - Cost of iteration 10: 92.0
2024-07-23 12:44:21,325 - INFO - Starting iteration 12
2024-07-23 12:44:24,798 - INFO - Optimization finished 11 times. New x: tensor([[2.3784e+11, 3.2890e-01, 6.2251e+03]], dtype=torch.float64), New s: tensor([[0.0195]]), New y: 208.4353882369015
2024-07-23 12:44:30,977 - INFO - Cost of iteration 11: 93.0
2024-07-23 12:44:30,977 - INFO - Starting iteration 13
2024-07-23 12:44:39,254 - INFO - Optimization finished 12 times. New x: tensor([[3.0624e+11, 2.5927e-01, 6.8103e+03]], dtype=torch.float64), New s: tensor([[0.9296]]), New y: 217.14432736359134
2024-07-23 12:44:45,588 - INFO - Cost of iteration 12: 101.0
2024-07-23 12:44:45,588 - INFO - Starting iteration 14
2024-07-23 12:44:49,338 - INFO - Optimization finished 13 times. New x: tensor([[1.5927e+11, 2.8103e-01, 6.4097e+03]], dtype=torch.float64), New s: tensor([[0.3993]]), New y: 164.9587364821825
2024-07-23 12:44:55,842 - INFO - Cost of iteration 13: 103.0
2024-07-23 12:44:55,843 - INFO - Starting iteration 15
2024-07-23 12:45:04,053 - INFO - Optimization finished 14 times. New x: tensor([[1.8103e+11, 2.4097e-01, 7.5616e+03]], dtype=torch.float64), New s: tensor([[0.9361]]), New y: 157.78340242806206
2024-07-23 12:45:10,539 - INFO - Cost of iteration 14: 111.0
2024-07-23 12:45:10,539 - INFO - Starting iteration 16
2024-07-23 12:45:14,274 - INFO - Optimization finished 15 times. New x: tensor([[4.2226e+11, 3.9783e-01, 6.2801e+03]], dtype=torch.float64), New s: tensor([[0.3858]]), New y: 185.3100756033786
2024-07-23 12:45:20,616 - INFO - Cost of iteration 15: 113.0
2024-07-23 12:45:20,616 - INFO - Starting iteration 17
2024-07-23 12:45:25,963 - INFO - Optimization finished 16 times. New x: tensor([[2.9783e+11, 2.2801e-01, 6.6282e+03]], dtype=torch.float64), New s: tensor([[0.7124]]), New y: 216.48341069489322
2024-07-23 12:45:32,215 - INFO - Cost of iteration 16: 118.0
2024-07-23 12:45:32,216 - INFO - Starting iteration 18
2024-07-23 12:45:36,367 - INFO - Optimization finished 17 times. New x: tensor([[3.3508e+11, 5.5292e-01, 7.7021e+03]], dtype=torch.float64), New s: tensor([[0.4590]]), New y: 197.25601034935866
2024-07-23 12:45:42,695 - INFO - Cost of iteration 17: 120.0
2024-07-23 12:45:42,695 - INFO - Starting iteration 19
2024-07-23 12:45:46,314 - INFO - Optimization finished 18 times. New x: tensor([[3.9308e+11, 3.1486e-01, 6.0229e+03]], dtype=torch.float64), New s: tensor([[0.0994]]), New y: 176.86341770722132
2024-07-23 12:45:52,637 - INFO - Cost of iteration 18: 121.0
2024-07-23 12:45:52,637 - INFO - Starting iteration 20
2024-07-23 12:45:56,200 - INFO - Optimization finished 19 times. New x: tensor([[2.1486e+11, 2.0229e-01, 6.5454e+03]], dtype=torch.float64), New s: tensor([[0.1505]]), New y: 186.25239131474106
2024-07-23 12:46:02,452 - INFO - Cost of iteration 19: 122.0
2024-07-23 12:46:02,452 - INFO - Starting iteration 21
2024-07-23 12:46:06,042 - INFO - Optimization finished 20 times. New x: tensor([[1.0229e+11, 2.5454e-01, 6.4866e+03]], dtype=torch.float64), New s: tensor([[0.0762]]), New y: 130.67897177696105
2024-07-23 12:46:12,244 - INFO - Cost of iteration 20: 123.0
2024-07-23 12:46:12,244 - INFO - Starting iteration 22
2024-07-23 12:46:19,460 - INFO - Optimization finished 21 times. New x: tensor([[4.7406e+11, 4.8014e-01, 9.3944e+03]], dtype=torch.float64), New s: tensor([[0.8833]]), New y: 164.9873340896906
2024-07-23 12:46:25,714 - INFO - Cost of iteration 21: 130.0
2024-07-23 12:46:25,714 - INFO - Starting iteration 23
2024-07-23 12:46:29,890 - INFO - Optimization finished 22 times. New x: tensor([[2.3366e+11, 2.1426e-01, 6.4416e+03]], dtype=torch.float64), New s: tensor([[0.5799]]), New y: 195.26046146328574
2024-07-23 12:46:36,219 - INFO - Cost of iteration 22: 133.0
2024-07-23 12:46:36,219 - INFO - Starting iteration 24
2024-07-23 12:46:40,204 - INFO - Optimization finished 23 times. New x: tensor([[2.2138e+11, 5.5143e-01, 6.2952e+03]], dtype=torch.float64), New s: tensor([[0.4805]]), New y: 148.19707054098484
2024-07-23 12:46:46,807 - INFO - Cost of iteration 23: 136.0
2024-07-23 12:46:46,807 - INFO - Starting iteration 25
2024-07-23 12:46:55,138 - INFO - Optimization finished 24 times. New x: tensor([[4.5143e+11, 2.2952e-01, 9.6481e+03]], dtype=torch.float64), New s: tensor([[0.9796]]), New y: 219.9514627118361
2024-07-23 12:47:01,586 - INFO - Cost of iteration 24: 145.0
2024-07-23 12:47:01,587 - INFO - Starting iteration 26
2024-07-23 12:47:05,426 - INFO - Optimization finished 25 times. New x: tensor([[4.4315e+11, 5.0801e-01, 8.9383e+03]], dtype=torch.float64), New s: tensor([[0.4359]]), New y: 174.18517092228834
2024-07-23 12:47:11,786 - INFO - Cost of iteration 25: 147.0
2024-07-23 12:47:11,786 - INFO - Starting iteration 27
2024-07-23 12:47:15,818 - INFO - Optimization finished 26 times. New x: tensor([[4.3125e+11, 5.7004e-01, 7.8485e+03]], dtype=torch.float64), New s: tensor([[0.5100]]), New y: 219.32834394755955
2024-07-23 12:47:22,256 - INFO - Cost of iteration 26: 150.0
